[ 2018-04-09T15:03:38+08:00 ] 127.0.0.1 /index.php?s=/Admin/Moka/index
INFO: [ app_init ] --START--
INFO: Run Behavior\BuildLiteBehavior [ RunTime:0.000000s ]
INFO: Run Common\Behavior\InitHookBehavior [ RunTime:0.003000s ]
INFO: [ app_init ] --END-- [ RunTime:0.003000s ]
INFO: [ app_begin ] --START--
INFO: Run Behavior\ReadHtmlCacheBehavior [ RunTime:0.001000s ]
INFO: [ app_begin ] --END-- [ RunTime:0.001000s ]
NOTIC: [2048] Declaration of Admin\Controller\MokaController::index() should be compatible with Admin\Controller\AdminController::index($model_name = NULL, $display = true) D:\phpStudy\WWW\moka\Application\Admin\Controller\MokaController.class.php 第 18 行.
SQL: SHOW COLUMNS FROM `mk_menu` [ RunTime:0.0060s ]
SQL: SELECT * FROM `mk_menu` WHERE `pid` = 0 AND `hide` = 0 ORDER BY `sort` asc  [ RunTime:0.0020s ]
SQL: SELECT `id` FROM `mk_menu` WHERE ( url like '%Moka/index%' ) LIMIT 1   [ RunTime:0.0010s ]
SQL: SELECT `id`,`pid`,`title` FROM `mk_menu` WHERE ( id=324 ) LIMIT 1   [ RunTime:0.0010s ]
SQL: SELECT `id`,`pid`,`title` FROM `mk_menu` WHERE ( id=325 ) LIMIT 1   [ RunTime:0.0010s ]
SQL: SELECT DISTINCT  `group` FROM `mk_menu` WHERE ( pid = 325 ) ORDER BY `sort` ASC  [ RunTime:0.0010s ]
SQL: SELECT `id`,`url` FROM `mk_menu` WHERE `pid` = 325 AND `hide` = 0  [ RunTime:0.0010s ]
SQL: SELECT `id`,`pid`,`title`,`url`,`tip` FROM `mk_menu` WHERE `group` = '模卡管理' AND `pid` = 325 AND `hide` = 0 ORDER BY `sort` asc  [ RunTime:0.0020s ]
ERR: action:listBuckets----result:Guzzle\Service\Resource\Model Object
(
    [structure:protected] => 
    [data:protected] => Array
        (
            [Owner] => Array
                (
                    [ID] => qcs::cam::uin/707405783:uin/707405783
                    [DisplayName] => 707405783
                )

            [Buckets] => Array
                (
                    [0] => Array
                        (
                            [Name] => moka-1251036542
                            [Location] => ap-shanghai
                            [CreationDate] => 2018-04-08T10:00:05Z
                        )

                )

            [RequestId] => NWFjYjBmZjFfMzFhYzM1MGFfMjJmMWZfMWNlZDRh
        )

)


[ 2018-04-09T15:06:38+08:00 ] 127.0.0.1 /index.php?s=/Admin/Moka/index
INFO: [ app_init ] --START--
INFO: Run Behavior\BuildLiteBehavior [ RunTime:0.000000s ]
INFO: Run Common\Behavior\InitHookBehavior [ RunTime:0.003000s ]
INFO: [ app_init ] --END-- [ RunTime:0.004000s ]
INFO: [ app_begin ] --START--
INFO: Run Behavior\ReadHtmlCacheBehavior [ RunTime:0.001001s ]
INFO: [ app_begin ] --END-- [ RunTime:0.001001s ]
NOTIC: [2048] Declaration of Admin\Controller\MokaController::index() should be compatible with Admin\Controller\AdminController::index($model_name = NULL, $display = true) D:\phpStudy\WWW\moka\Application\Admin\Controller\MokaController.class.php 第 18 行.

[ 2018-04-09T15:06:38+08:00 ] 127.0.0.1 /index.php?s=/Admin/Public/login
INFO: [ app_init ] --START--
INFO: Run Behavior\BuildLiteBehavior [ RunTime:0.000000s ]
INFO: Run Common\Behavior\InitHookBehavior [ RunTime:0.002001s ]
INFO: [ app_init ] --END-- [ RunTime:0.003001s ]
INFO: [ app_begin ] --START--
INFO: Run Behavior\ReadHtmlCacheBehavior [ RunTime:0.001000s ]
INFO: [ app_begin ] --END-- [ RunTime:0.001000s ]
INFO: [ view_parse ] --START--
INFO: [ template_filter ] --START--
INFO: Run Behavior\ContentReplaceBehavior [ RunTime:0.000000s ]
INFO: [ template_filter ] --END-- [ RunTime:0.000000s ]
INFO: Run Behavior\ParseTemplateBehavior [ RunTime:0.008000s ]
INFO: [ view_parse ] --END-- [ RunTime:0.008000s ]
INFO: [ view_filter ] --START--
INFO: Run Behavior\WriteHtmlCacheBehavior [ RunTime:0.000000s ]
INFO: [ view_filter ] --END-- [ RunTime:0.000000s ]
INFO: [ app_end ] --START--
INFO: Run Behavior\ShowPageTraceBehavior [ RunTime:0.001000s ]
INFO: [ app_end ] --END-- [ RunTime:0.001000s ]

[ 2018-04-09T15:06:38+08:00 ] 127.0.0.1 /index.php?s=/Admin/Public/verify
INFO: [ app_init ] --START--
INFO: Run Behavior\BuildLiteBehavior [ RunTime:0.000000s ]
INFO: Run Common\Behavior\InitHookBehavior [ RunTime:0.002001s ]
INFO: [ app_init ] --END-- [ RunTime:0.003001s ]
INFO: [ app_begin ] --START--
INFO: Run Behavior\ReadHtmlCacheBehavior [ RunTime:0.000000s ]
INFO: [ app_begin ] --END-- [ RunTime:0.000000s ]
INFO: [ app_end ] --START--
INFO: Run Behavior\ShowPageTraceBehavior [ RunTime:0.002000s ]
INFO: [ app_end ] --END-- [ RunTime:0.002000s ]

[ 2018-04-09T15:06:44+08:00 ] 127.0.0.1 /index.php?s=/Admin/Public/login
INFO: [ app_init ] --START--
INFO: Run Behavior\BuildLiteBehavior [ RunTime:0.000000s ]
INFO: Run Common\Behavior\InitHookBehavior [ RunTime:0.002000s ]
INFO: [ app_init ] --END-- [ RunTime:0.002000s ]
INFO: [ app_begin ] --START--
INFO: Run Behavior\ReadHtmlCacheBehavior [ RunTime:0.000000s ]
INFO: [ app_begin ] --END-- [ RunTime:0.000000s ]
NOTIC: [8] Constant UC_APP_ID already defined D:\phpStudy\WWW\moka\Application\User\Conf\config.php 第 18 行.
NOTIC: [8] Constant UC_API_TYPE already defined D:\phpStudy\WWW\moka\Application\User\Conf\config.php 第 19 行.
NOTIC: [8] Constant UC_AUTH_KEY already defined D:\phpStudy\WWW\moka\Application\User\Conf\config.php 第 20 行.
NOTIC: [8] Constant UC_DB_DSN already defined D:\phpStudy\WWW\moka\Application\User\Conf\config.php 第 21 行.
NOTIC: [8] Constant UC_TABLE_PREFIX already defined D:\phpStudy\WWW\moka\Application\User\Conf\config.php 第 22 行.
NOTIC: [8] Undefined index: HTTP_X_REAL_IP D:\phpStudy\WWW\moka\ThinkPHP\Common\functions.php 第 1759 行.
SQL: SHOW COLUMNS FROM `mk_member` [ RunTime:0.0050s ]
SQL: SELECT `uid`,`nickname`,`sex`,`birthday`,`qq`,`score`,`login`,`reg_ip`,`reg_time`,`last_login_ip`,`last_login_time`,`status`,`make_num`,`thumb` FROM `mk_member` WHERE `uid` = 1 LIMIT 1   [ RunTime:0.0010s ]
SQL: SHOW COLUMNS FROM `mk_action` [ RunTime:0.0050s ]
SQL: SELECT * FROM `mk_action` WHERE `name` = 'user_login' LIMIT 1   [ RunTime:0.0010s ]
SQL: UPDATE `mk_member` SET `login`=`login`+1,`last_login_time`='1523257604',`last_login_ip`='2130706433' WHERE `uid` = 1 [ RunTime:0.0020s ]

[ 2018-04-09T15:06:44+08:00 ] 127.0.0.1 /index.php?s=/Admin/Index/index
INFO: [ app_init ] --START--
INFO: Run Behavior\BuildLiteBehavior [ RunTime:0.000000s ]
INFO: Run Common\Behavior\InitHookBehavior [ RunTime:0.001000s ]
INFO: [ app_init ] --END-- [ RunTime:0.002001s ]
INFO: [ app_begin ] --START--
INFO: Run Behavior\ReadHtmlCacheBehavior [ RunTime:0.001000s ]
INFO: [ app_begin ] --END-- [ RunTime:0.001000s ]
NOTIC: [2048] Declaration of Admin\Controller\IndexController::index() should be compatible with Admin\Controller\AdminController::index($model_name = NULL, $display = true) D:\phpStudy\WWW\moka\Application\Admin\Controller\IndexController.class.php 第 17 行.
SQL: SHOW COLUMNS FROM `mk_menu` [ RunTime:0.0050s ]
SQL: SELECT * FROM `mk_menu` WHERE `pid` = 0 AND `hide` = 0 ORDER BY `sort` asc  [ RunTime:0.0020s ]
SQL: SELECT `id` FROM `mk_menu` WHERE ( url like '%Index/index%' ) LIMIT 1   [ RunTime:0.0010s ]
SQL: SELECT `id`,`pid`,`title` FROM `mk_menu` WHERE ( id=1 ) LIMIT 1   [ RunTime:0.0010s ]
SQL: SELECT DISTINCT  `group` FROM `mk_menu` WHERE ( pid = 1 ) ORDER BY `sort` ASC  [ RunTime:0.0010s ]
SQL: SELECT `id`,`url` FROM `mk_menu` WHERE `pid` = 1 AND `hide` = 0  [ RunTime:0.0010s ]
INFO: [ view_parse ] --START--
INFO: [ template_filter ] --START--
INFO: Run Behavior\ContentReplaceBehavior [ RunTime:0.000000s ]
INFO: [ template_filter ] --END-- [ RunTime:0.000000s ]
INFO: [ AdminIndex ] --START--
SQL: SHOW COLUMNS FROM `mk_addons` [ RunTime:0.0050s ]
SQL: SELECT `config` FROM `mk_addons` WHERE `name` = 'SiteStat' AND `status` = 1 LIMIT 1   [ RunTime:0.0000s ]
SQL: SHOW COLUMNS FROM `mk_member` [ RunTime:0.0040s ]
SQL: SELECT COUNT(*) AS tp_count FROM `mk_member` LIMIT 1   [ RunTime:0.0000s ]
SQL: SHOW COLUMNS FROM `mk_action_log` [ RunTime:0.0050s ]
SQL: SELECT COUNT(*) AS tp_count FROM `mk_action_log` LIMIT 1   [ RunTime:0.0010s ]
SQL: SHOW COLUMNS FROM `mk_document` [ RunTime:0.0060s ]
SQL: SELECT COUNT(*) AS tp_count FROM `mk_document` LIMIT 1   [ RunTime:0.0010s ]
SQL: SHOW COLUMNS FROM `mk_category` [ RunTime:0.0060s ]
SQL: SELECT COUNT(*) AS tp_count FROM `mk_category` LIMIT 1   [ RunTime:0.0010s ]
SQL: SHOW COLUMNS FROM `mk_model` [ RunTime:0.0060s ]
SQL: SELECT COUNT(*) AS tp_count FROM `mk_model` LIMIT 1   [ RunTime:0.0010s ]
INFO: [ view_parse ] --START--
INFO: [ template_filter ] --START--
INFO: Run Behavior\ContentReplaceBehavior [ RunTime:0.000000s ]
INFO: [ template_filter ] --END-- [ RunTime:-0.061004s ]
INFO: Run Behavior\ParseTemplateBehavior [ RunTime:0.004001s ]
INFO: [ view_parse ] --END-- [ RunTime:0.004001s ]
INFO: [ view_filter ] --START--
INFO: Run Behavior\WriteHtmlCacheBehavior [ RunTime:0.000000s ]
INFO: [ view_filter ] --END-- [ RunTime:0.000000s ]
INFO: Run Addons\SiteStat\SiteStatAddon [ RunTime:0.061004s ]
SQL: SELECT `config` FROM `mk_addons` WHERE `name` = 'SyncLogin' AND `status` = 1 LIMIT 1   [ RunTime:0.0010s ]
NOTIC: [8] Undefined index: display D:\phpStudy\WWW\moka\Addons\SyncLogin\SyncLoginAddon.class.php 第 76 行.
INFO: Run Addons\SyncLogin\SyncLoginAddon [ RunTime:0.002000s ]
INFO: [ AdminIndex ] --END-- [ RunTime:0.063004s ]
INFO: Run Behavior\ParseTemplateBehavior [ RunTime:0.006001s ]
INFO: [ view_parse ] --END-- [ RunTime:0.004001s ]
INFO: [ view_filter ] --START--
INFO: Run Behavior\WriteHtmlCacheBehavior [ RunTime:0.000000s ]
INFO: [ view_filter ] --END-- [ RunTime:-0.002000s ]
INFO: [ app_end ] --START--
INFO: Run Behavior\ShowPageTraceBehavior [ RunTime:0.000000s ]
INFO: [ app_end ] --END-- [ RunTime:0.000000s ]

[ 2018-04-09T15:06:47+08:00 ] 127.0.0.1 /index.php?s=/Admin/moka/cardlist
INFO: [ app_init ] --START--
INFO: Run Behavior\BuildLiteBehavior [ RunTime:0.000000s ]
INFO: Run Common\Behavior\InitHookBehavior [ RunTime:0.003000s ]
INFO: [ app_init ] --END-- [ RunTime:0.003000s ]
INFO: [ app_begin ] --START--
INFO: Run Behavior\ReadHtmlCacheBehavior [ RunTime:0.001000s ]
INFO: [ app_begin ] --END-- [ RunTime:0.001000s ]
NOTIC: [2048] Declaration of Admin\Controller\MokaController::index() should be compatible with Admin\Controller\AdminController::index($model_name = NULL, $display = true) D:\phpStudy\WWW\moka\Application\Admin\Controller\MokaController.class.php 第 18 行.
SQL: SHOW COLUMNS FROM `mk_menu` [ RunTime:0.0060s ]
SQL: SELECT * FROM `mk_menu` WHERE `pid` = 0 AND `hide` = 0 ORDER BY `sort` asc  [ RunTime:0.0010s ]
SQL: SELECT `id` FROM `mk_menu` WHERE ( url like '%Moka/cardlist%' ) LIMIT 1   [ RunTime:0.0010s ]
SQL: SELECT `id`,`pid`,`title` FROM `mk_menu` WHERE ( id=321 ) LIMIT 1   [ RunTime:0.0010s ]
SQL: SELECT `id`,`pid`,`title` FROM `mk_menu` WHERE ( id=325 ) LIMIT 1   [ RunTime:0.0010s ]
SQL: SELECT DISTINCT  `group` FROM `mk_menu` WHERE ( pid = 325 ) ORDER BY `sort` ASC  [ RunTime:0.0010s ]
SQL: SELECT `id`,`url` FROM `mk_menu` WHERE `pid` = 325 AND `hide` = 0  [ RunTime:0.0010s ]
SQL: SELECT `id`,`pid`,`title`,`url`,`tip` FROM `mk_menu` WHERE `group` = '模卡管理' AND `pid` = 325 AND `hide` = 0 ORDER BY `sort` asc  [ RunTime:0.0010s ]
NOTIC: [2048] Declaration of Common\Model\StyleModel::getList() should be compatible with Common\Model\CommonModel::getList($param, $return_total = false) D:\phpStudy\WWW\moka\Application\Common\Model\StyleModel.class.php 第 8 行.
SQL: SHOW COLUMNS FROM `mk_style` [ RunTime:0.0050s ]
SQL: SELECT COUNT(*) AS tp_count FROM `mk_style` WHERE `status` >= 0 LIMIT 1   [ RunTime:0.0010s ]
SQL: SELECT `id`,`id_a`,`name`,`pic_num`,`pics`,`title`,`points`,`status`,`create_time` FROM `mk_style` WHERE `status` >= 0 ORDER BY `id` LIMIT 0,20   [ RunTime:0.0010s ]
SQL: SHOW COLUMNS FROM `mk_card` [ RunTime:0.0050s ]
SQL: SELECT mk_member.nickname,mk_style.name as s_name,mk_card.id,mk_card.pic_json,mk_card.status,mk_card.create_time FROM `mk_card` INNER JOIN mk_member ON mk_card.uid = mk_member.uid INNER JOIN mk_style ON mk_card.s_id = mk_style.id  WHERE ( 1 ) ORDER BY `id` desc LIMIT 0,5   [ RunTime:0.0060s ]
SQL: SELECT count(id) as c FROM `mk_card` WHERE ( 1 ) LIMIT 1   [ RunTime:0.0010s ]
INFO: [ view_parse ] --START--
INFO: [ template_filter ] --START--
INFO: Run Behavior\ContentReplaceBehavior [ RunTime:0.000000s ]
INFO: [ template_filter ] --END-- [ RunTime:0.000000s ]
INFO: Run Behavior\ParseTemplateBehavior [ RunTime:0.016001s ]
INFO: [ view_parse ] --END-- [ RunTime:0.016001s ]
INFO: [ view_filter ] --START--
INFO: Run Behavior\WriteHtmlCacheBehavior [ RunTime:0.001000s ]
INFO: [ view_filter ] --END-- [ RunTime:0.001000s ]
INFO: [ app_end ] --START--
INFO: Run Behavior\ShowPageTraceBehavior [ RunTime:0.001000s ]
INFO: [ app_end ] --END-- [ RunTime:0.001000s ]

[ 2018-04-09T15:06:50+08:00 ] 127.0.0.1 /index.php?s=/Admin/Moka/index
INFO: [ app_init ] --START--
INFO: Run Behavior\BuildLiteBehavior [ RunTime:0.000000s ]
INFO: Run Common\Behavior\InitHookBehavior [ RunTime:0.003000s ]
INFO: [ app_init ] --END-- [ RunTime:0.004000s ]
INFO: [ app_begin ] --START--
INFO: Run Behavior\ReadHtmlCacheBehavior [ RunTime:0.001000s ]
INFO: [ app_begin ] --END-- [ RunTime:0.001000s ]
NOTIC: [2048] Declaration of Admin\Controller\MokaController::index() should be compatible with Admin\Controller\AdminController::index($model_name = NULL, $display = true) D:\phpStudy\WWW\moka\Application\Admin\Controller\MokaController.class.php 第 18 行.
SQL: SHOW COLUMNS FROM `mk_menu` [ RunTime:0.0060s ]
SQL: SELECT * FROM `mk_menu` WHERE `pid` = 0 AND `hide` = 0 ORDER BY `sort` asc  [ RunTime:0.0020s ]
SQL: SELECT `id` FROM `mk_menu` WHERE ( url like '%Moka/index%' ) LIMIT 1   [ RunTime:0.0010s ]
SQL: SELECT `id`,`pid`,`title` FROM `mk_menu` WHERE ( id=324 ) LIMIT 1   [ RunTime:0.0010s ]
SQL: SELECT `id`,`pid`,`title` FROM `mk_menu` WHERE ( id=325 ) LIMIT 1   [ RunTime:0.0010s ]
SQL: SELECT DISTINCT  `group` FROM `mk_menu` WHERE ( pid = 325 ) ORDER BY `sort` ASC  [ RunTime:0.0010s ]
SQL: SELECT `id`,`url` FROM `mk_menu` WHERE `pid` = 325 AND `hide` = 0  [ RunTime:0.0010s ]
SQL: SELECT `id`,`pid`,`title`,`url`,`tip` FROM `mk_menu` WHERE `group` = '模卡管理' AND `pid` = 325 AND `hide` = 0 ORDER BY `sort` asc  [ RunTime:0.0010s ]

[ 2018-04-09T15:07:52+08:00 ] 127.0.0.1 /index.php?s=/Admin/Moka/index
INFO: [ app_init ] --START--
INFO: Run Behavior\BuildLiteBehavior [ RunTime:0.000000s ]
INFO: Run Common\Behavior\InitHookBehavior [ RunTime:0.002000s ]
INFO: [ app_init ] --END-- [ RunTime:0.003000s ]
INFO: [ app_begin ] --START--
INFO: Run Behavior\ReadHtmlCacheBehavior [ RunTime:0.001000s ]
INFO: [ app_begin ] --END-- [ RunTime:0.001000s ]
NOTIC: [2048] Declaration of Admin\Controller\MokaController::index() should be compatible with Admin\Controller\AdminController::index($model_name = NULL, $display = true) D:\phpStudy\WWW\moka\Application\Admin\Controller\MokaController.class.php 第 18 行.
SQL: SHOW COLUMNS FROM `mk_menu` [ RunTime:0.0060s ]
SQL: SELECT * FROM `mk_menu` WHERE `pid` = 0 AND `hide` = 0 ORDER BY `sort` asc  [ RunTime:0.0010s ]
SQL: SELECT `id` FROM `mk_menu` WHERE ( url like '%Moka/index%' ) LIMIT 1   [ RunTime:0.0020s ]
SQL: SELECT `id`,`pid`,`title` FROM `mk_menu` WHERE ( id=324 ) LIMIT 1   [ RunTime:0.0010s ]
SQL: SELECT `id`,`pid`,`title` FROM `mk_menu` WHERE ( id=325 ) LIMIT 1   [ RunTime:0.0010s ]
SQL: SELECT DISTINCT  `group` FROM `mk_menu` WHERE ( pid = 325 ) ORDER BY `sort` ASC  [ RunTime:0.0010s ]
SQL: SELECT `id`,`url` FROM `mk_menu` WHERE `pid` = 325 AND `hide` = 0  [ RunTime:0.0010s ]
SQL: SELECT `id`,`pid`,`title`,`url`,`tip` FROM `mk_menu` WHERE `group` = '模卡管理' AND `pid` = 325 AND `hide` = 0 ORDER BY `sort` asc  [ RunTime:0.0010s ]

[ 2018-04-09T15:10:54+08:00 ] 127.0.0.1 /index.php?s=/Admin/Moka/index
INFO: [ app_init ] --START--
INFO: Run Behavior\BuildLiteBehavior [ RunTime:0.000000s ]
INFO: Run Common\Behavior\InitHookBehavior [ RunTime:0.003000s ]
INFO: [ app_init ] --END-- [ RunTime:0.003000s ]
INFO: [ app_begin ] --START--
INFO: Run Behavior\ReadHtmlCacheBehavior [ RunTime:0.001000s ]
INFO: [ app_begin ] --END-- [ RunTime:0.001000s ]
NOTIC: [2048] Declaration of Admin\Controller\MokaController::index() should be compatible with Admin\Controller\AdminController::index($model_name = NULL, $display = true) D:\phpStudy\WWW\moka\Application\Admin\Controller\MokaController.class.php 第 18 行.
SQL: SHOW COLUMNS FROM `mk_menu` [ RunTime:0.0050s ]
SQL: SELECT * FROM `mk_menu` WHERE `pid` = 0 AND `hide` = 0 ORDER BY `sort` asc  [ RunTime:0.0010s ]
SQL: SELECT `id` FROM `mk_menu` WHERE ( url like '%Moka/index%' ) LIMIT 1   [ RunTime:0.0010s ]
SQL: SELECT `id`,`pid`,`title` FROM `mk_menu` WHERE ( id=324 ) LIMIT 1   [ RunTime:0.0010s ]
SQL: SELECT `id`,`pid`,`title` FROM `mk_menu` WHERE ( id=325 ) LIMIT 1   [ RunTime:0.0010s ]
SQL: SELECT DISTINCT  `group` FROM `mk_menu` WHERE ( pid = 325 ) ORDER BY `sort` ASC  [ RunTime:0.0020s ]
SQL: SELECT `id`,`url` FROM `mk_menu` WHERE `pid` = 325 AND `hide` = 0  [ RunTime:0.0010s ]
SQL: SELECT `id`,`pid`,`title`,`url`,`tip` FROM `mk_menu` WHERE `group` = '模卡管理' AND `pid` = 325 AND `hide` = 0 ORDER BY `sort` asc  [ RunTime:0.0010s ]

[ 2018-04-09T15:12:17+08:00 ] 127.0.0.1 /index.php?s=/Admin/Moka/index
INFO: [ app_init ] --START--
INFO: Run Behavior\BuildLiteBehavior [ RunTime:0.000000s ]
INFO: Run Common\Behavior\InitHookBehavior [ RunTime:0.002000s ]
INFO: [ app_init ] --END-- [ RunTime:0.003000s ]
INFO: [ app_begin ] --START--
INFO: Run Behavior\ReadHtmlCacheBehavior [ RunTime:0.001000s ]
INFO: [ app_begin ] --END-- [ RunTime:0.001000s ]
NOTIC: [2048] Declaration of Admin\Controller\MokaController::index() should be compatible with Admin\Controller\AdminController::index($model_name = NULL, $display = true) D:\phpStudy\WWW\moka\Application\Admin\Controller\MokaController.class.php 第 18 行.
SQL: SHOW COLUMNS FROM `mk_menu` [ RunTime:0.0050s ]
SQL: SELECT * FROM `mk_menu` WHERE `pid` = 0 AND `hide` = 0 ORDER BY `sort` asc  [ RunTime:0.0010s ]
SQL: SELECT `id` FROM `mk_menu` WHERE ( url like '%Moka/index%' ) LIMIT 1   [ RunTime:0.0010s ]
SQL: SELECT `id`,`pid`,`title` FROM `mk_menu` WHERE ( id=324 ) LIMIT 1   [ RunTime:0.0010s ]
SQL: SELECT `id`,`pid`,`title` FROM `mk_menu` WHERE ( id=325 ) LIMIT 1   [ RunTime:0.0010s ]
SQL: SELECT DISTINCT  `group` FROM `mk_menu` WHERE ( pid = 325 ) ORDER BY `sort` ASC  [ RunTime:0.0020s ]
SQL: SELECT `id`,`url` FROM `mk_menu` WHERE `pid` = 325 AND `hide` = 0  [ RunTime:0.0010s ]
SQL: SELECT `id`,`pid`,`title`,`url`,`tip` FROM `mk_menu` WHERE `group` = '模卡管理' AND `pid` = 325 AND `hide` = 0 ORDER BY `sort` asc  [ RunTime:0.0010s ]

[ 2018-04-09T15:13:03+08:00 ] 127.0.0.1 /index.php?s=/Admin/Moka/index
INFO: [ app_init ] --START--
INFO: Run Behavior\BuildLiteBehavior [ RunTime:0.000000s ]
INFO: Run Common\Behavior\InitHookBehavior [ RunTime:0.003000s ]
INFO: [ app_init ] --END-- [ RunTime:0.004000s ]
INFO: [ app_begin ] --START--
INFO: Run Behavior\ReadHtmlCacheBehavior [ RunTime:0.001000s ]
INFO: [ app_begin ] --END-- [ RunTime:0.001000s ]
NOTIC: [2048] Declaration of Admin\Controller\MokaController::index() should be compatible with Admin\Controller\AdminController::index($model_name = NULL, $display = true) D:\phpStudy\WWW\moka\Application\Admin\Controller\MokaController.class.php 第 18 行.
SQL: SHOW COLUMNS FROM `mk_menu` [ RunTime:0.0040s ]
SQL: SELECT * FROM `mk_menu` WHERE `pid` = 0 AND `hide` = 0 ORDER BY `sort` asc  [ RunTime:0.0010s ]
SQL: SELECT `id` FROM `mk_menu` WHERE ( url like '%Moka/index%' ) LIMIT 1   [ RunTime:0.0010s ]
SQL: SELECT `id`,`pid`,`title` FROM `mk_menu` WHERE ( id=324 ) LIMIT 1   [ RunTime:0.0010s ]
SQL: SELECT `id`,`pid`,`title` FROM `mk_menu` WHERE ( id=325 ) LIMIT 1   [ RunTime:0.0010s ]
SQL: SELECT DISTINCT  `group` FROM `mk_menu` WHERE ( pid = 325 ) ORDER BY `sort` ASC  [ RunTime:0.0010s ]
SQL: SELECT `id`,`url` FROM `mk_menu` WHERE `pid` = 325 AND `hide` = 0  [ RunTime:0.0010s ]
SQL: SELECT `id`,`pid`,`title`,`url`,`tip` FROM `mk_menu` WHERE `group` = '模卡管理' AND `pid` = 325 AND `hide` = 0 ORDER BY `sort` asc  [ RunTime:0.0020s ]
NOTIC: [2] Illegal string offset 'Buckets' D:\phpStudy\WWW\moka\ThinkPHP\Library\Vendor\TencentClound\TencentClound.php 第 40 行.

[ 2018-04-09T15:13:33+08:00 ] 127.0.0.1 /index.php?s=/Admin/moka/cardlist
INFO: [ app_init ] --START--
INFO: Run Behavior\BuildLiteBehavior [ RunTime:0.000000s ]
INFO: Run Common\Behavior\InitHookBehavior [ RunTime:0.002000s ]
INFO: [ app_init ] --END-- [ RunTime:0.002000s ]
INFO: [ app_begin ] --START--
INFO: Run Behavior\ReadHtmlCacheBehavior [ RunTime:0.001000s ]
INFO: [ app_begin ] --END-- [ RunTime:0.001000s ]
NOTIC: [2048] Declaration of Admin\Controller\MokaController::index() should be compatible with Admin\Controller\AdminController::index($model_name = NULL, $display = true) D:\phpStudy\WWW\moka\Application\Admin\Controller\MokaController.class.php 第 18 行.
SQL: SHOW COLUMNS FROM `mk_menu` [ RunTime:0.0060s ]
SQL: SELECT * FROM `mk_menu` WHERE `pid` = 0 AND `hide` = 0 ORDER BY `sort` asc  [ RunTime:0.0010s ]
SQL: SELECT `id` FROM `mk_menu` WHERE ( url like '%Moka/cardlist%' ) LIMIT 1   [ RunTime:0.0010s ]
SQL: SELECT `id`,`pid`,`title` FROM `mk_menu` WHERE ( id=321 ) LIMIT 1   [ RunTime:0.0000s ]
SQL: SELECT `id`,`pid`,`title` FROM `mk_menu` WHERE ( id=325 ) LIMIT 1   [ RunTime:0.0000s ]
SQL: SELECT DISTINCT  `group` FROM `mk_menu` WHERE ( pid = 325 ) ORDER BY `sort` ASC  [ RunTime:0.0020s ]
SQL: SELECT `id`,`url` FROM `mk_menu` WHERE `pid` = 325 AND `hide` = 0  [ RunTime:0.0010s ]
SQL: SELECT `id`,`pid`,`title`,`url`,`tip` FROM `mk_menu` WHERE `group` = '模卡管理' AND `pid` = 325 AND `hide` = 0 ORDER BY `sort` asc  [ RunTime:0.0010s ]
NOTIC: [2048] Declaration of Common\Model\StyleModel::getList() should be compatible with Common\Model\CommonModel::getList($param, $return_total = false) D:\phpStudy\WWW\moka\Application\Common\Model\StyleModel.class.php 第 8 行.
SQL: SHOW COLUMNS FROM `mk_style` [ RunTime:0.0050s ]
SQL: SELECT COUNT(*) AS tp_count FROM `mk_style` WHERE `status` >= 0 LIMIT 1   [ RunTime:0.0010s ]
SQL: SELECT `id`,`id_a`,`name`,`pic_num`,`pics`,`title`,`points`,`status`,`create_time` FROM `mk_style` WHERE `status` >= 0 ORDER BY `id` LIMIT 0,20   [ RunTime:0.0010s ]
SQL: SHOW COLUMNS FROM `mk_card` [ RunTime:0.0060s ]
SQL: SELECT mk_member.nickname,mk_style.name as s_name,mk_card.id,mk_card.pic_json,mk_card.status,mk_card.create_time FROM `mk_card` INNER JOIN mk_member ON mk_card.uid = mk_member.uid INNER JOIN mk_style ON mk_card.s_id = mk_style.id  WHERE ( 1 ) ORDER BY `id` desc LIMIT 0,5   [ RunTime:0.0030s ]
SQL: SELECT count(id) as c FROM `mk_card` WHERE ( 1 ) LIMIT 1   [ RunTime:0.0010s ]
INFO: [ view_parse ] --START--
INFO: [ template_filter ] --START--
INFO: Run Behavior\ContentReplaceBehavior [ RunTime:0.000000s ]
INFO: [ template_filter ] --END-- [ RunTime:0.000000s ]
INFO: Run Behavior\ParseTemplateBehavior [ RunTime:0.017001s ]
INFO: [ view_parse ] --END-- [ RunTime:0.017001s ]
INFO: [ view_filter ] --START--
INFO: Run Behavior\WriteHtmlCacheBehavior [ RunTime:0.000000s ]
INFO: [ view_filter ] --END-- [ RunTime:0.000000s ]
INFO: [ app_end ] --START--
INFO: Run Behavior\ShowPageTraceBehavior [ RunTime:0.000000s ]
INFO: [ app_end ] --END-- [ RunTime:0.001001s ]

[ 2018-04-09T15:13:35+08:00 ] 127.0.0.1 /index.php?s=/Admin/Moka/index
INFO: [ app_init ] --START--
INFO: Run Behavior\BuildLiteBehavior [ RunTime:0.000000s ]
INFO: Run Common\Behavior\InitHookBehavior [ RunTime:0.002000s ]
INFO: [ app_init ] --END-- [ RunTime:0.003000s ]
INFO: [ app_begin ] --START--
INFO: Run Behavior\ReadHtmlCacheBehavior [ RunTime:0.001000s ]
INFO: [ app_begin ] --END-- [ RunTime:0.002000s ]
NOTIC: [2048] Declaration of Admin\Controller\MokaController::index() should be compatible with Admin\Controller\AdminController::index($model_name = NULL, $display = true) D:\phpStudy\WWW\moka\Application\Admin\Controller\MokaController.class.php 第 18 行.
SQL: SHOW COLUMNS FROM `mk_menu` [ RunTime:0.0050s ]
SQL: SELECT * FROM `mk_menu` WHERE `pid` = 0 AND `hide` = 0 ORDER BY `sort` asc  [ RunTime:0.0010s ]
SQL: SELECT `id` FROM `mk_menu` WHERE ( url like '%Moka/index%' ) LIMIT 1   [ RunTime:0.0020s ]
SQL: SELECT `id`,`pid`,`title` FROM `mk_menu` WHERE ( id=324 ) LIMIT 1   [ RunTime:0.0010s ]
SQL: SELECT `id`,`pid`,`title` FROM `mk_menu` WHERE ( id=325 ) LIMIT 1   [ RunTime:0.0010s ]
SQL: SELECT DISTINCT  `group` FROM `mk_menu` WHERE ( pid = 325 ) ORDER BY `sort` ASC  [ RunTime:0.0010s ]
SQL: SELECT `id`,`url` FROM `mk_menu` WHERE `pid` = 325 AND `hide` = 0  [ RunTime:0.0010s ]
SQL: SELECT `id`,`pid`,`title`,`url`,`tip` FROM `mk_menu` WHERE `group` = '模卡管理' AND `pid` = 325 AND `hide` = 0 ORDER BY `sort` asc  [ RunTime:0.0010s ]

[ 2018-04-09T15:14:14+08:00 ] 127.0.0.1 /index.php?s=/Admin/Moka/index
INFO: [ app_init ] --START--
INFO: Run Behavior\BuildLiteBehavior [ RunTime:0.000000s ]
INFO: Run Common\Behavior\InitHookBehavior [ RunTime:0.002001s ]
INFO: [ app_init ] --END-- [ RunTime:0.002001s ]
INFO: [ app_begin ] --START--
INFO: Run Behavior\ReadHtmlCacheBehavior [ RunTime:0.001000s ]
INFO: [ app_begin ] --END-- [ RunTime:0.001000s ]
NOTIC: [2048] Declaration of Admin\Controller\MokaController::index() should be compatible with Admin\Controller\AdminController::index($model_name = NULL, $display = true) D:\phpStudy\WWW\moka\Application\Admin\Controller\MokaController.class.php 第 18 行.
SQL: SHOW COLUMNS FROM `mk_menu` [ RunTime:0.0050s ]
SQL: SELECT * FROM `mk_menu` WHERE `pid` = 0 AND `hide` = 0 ORDER BY `sort` asc  [ RunTime:0.0020s ]
SQL: SELECT `id` FROM `mk_menu` WHERE ( url like '%Moka/index%' ) LIMIT 1   [ RunTime:0.0010s ]
SQL: SELECT `id`,`pid`,`title` FROM `mk_menu` WHERE ( id=324 ) LIMIT 1   [ RunTime:0.0010s ]
SQL: SELECT `id`,`pid`,`title` FROM `mk_menu` WHERE ( id=325 ) LIMIT 1   [ RunTime:0.0010s ]
SQL: SELECT DISTINCT  `group` FROM `mk_menu` WHERE ( pid = 325 ) ORDER BY `sort` ASC  [ RunTime:0.0020s ]
SQL: SELECT `id`,`url` FROM `mk_menu` WHERE `pid` = 325 AND `hide` = 0  [ RunTime:0.0010s ]
SQL: SELECT `id`,`pid`,`title`,`url`,`tip` FROM `mk_menu` WHERE `group` = '模卡管理' AND `pid` = 325 AND `hide` = 0 ORDER BY `sort` asc  [ RunTime:0.0010s ]

[ 2018-04-09T15:14:28+08:00 ] 127.0.0.1 /index.php?s=/Admin/Moka/index
INFO: [ app_init ] --START--
INFO: Run Behavior\BuildLiteBehavior [ RunTime:0.000000s ]
INFO: Run Common\Behavior\InitHookBehavior [ RunTime:0.002000s ]
INFO: [ app_init ] --END-- [ RunTime:0.003000s ]
INFO: [ app_begin ] --START--
INFO: Run Behavior\ReadHtmlCacheBehavior [ RunTime:0.001000s ]
INFO: [ app_begin ] --END-- [ RunTime:0.001000s ]
NOTIC: [2048] Declaration of Admin\Controller\MokaController::index() should be compatible with Admin\Controller\AdminController::index($model_name = NULL, $display = true) D:\phpStudy\WWW\moka\Application\Admin\Controller\MokaController.class.php 第 18 行.
SQL: SHOW COLUMNS FROM `mk_menu` [ RunTime:0.0050s ]
SQL: SELECT * FROM `mk_menu` WHERE `pid` = 0 AND `hide` = 0 ORDER BY `sort` asc  [ RunTime:0.0010s ]
SQL: SELECT `id` FROM `mk_menu` WHERE ( url like '%Moka/index%' ) LIMIT 1   [ RunTime:0.0010s ]
SQL: SELECT `id`,`pid`,`title` FROM `mk_menu` WHERE ( id=324 ) LIMIT 1   [ RunTime:0.0010s ]
SQL: SELECT `id`,`pid`,`title` FROM `mk_menu` WHERE ( id=325 ) LIMIT 1   [ RunTime:0.0010s ]
SQL: SELECT DISTINCT  `group` FROM `mk_menu` WHERE ( pid = 325 ) ORDER BY `sort` ASC  [ RunTime:0.0010s ]
SQL: SELECT `id`,`url` FROM `mk_menu` WHERE `pid` = 325 AND `hide` = 0  [ RunTime:0.0010s ]
SQL: SELECT `id`,`pid`,`title`,`url`,`tip` FROM `mk_menu` WHERE `group` = '模卡管理' AND `pid` = 325 AND `hide` = 0 ORDER BY `sort` asc  [ RunTime:0.0020s ]

[ 2018-04-09T15:14:48+08:00 ] 127.0.0.1 /index.php?s=/Admin/Moka/index
INFO: [ app_init ] --START--
INFO: Run Behavior\BuildLiteBehavior [ RunTime:0.000000s ]
INFO: Run Common\Behavior\InitHookBehavior [ RunTime:0.002001s ]
INFO: [ app_init ] --END-- [ RunTime:0.002001s ]
INFO: [ app_begin ] --START--
INFO: Run Behavior\ReadHtmlCacheBehavior [ RunTime:0.001000s ]
INFO: [ app_begin ] --END-- [ RunTime:0.001000s ]
NOTIC: [2048] Declaration of Admin\Controller\MokaController::index() should be compatible with Admin\Controller\AdminController::index($model_name = NULL, $display = true) D:\phpStudy\WWW\moka\Application\Admin\Controller\MokaController.class.php 第 18 行.
SQL: SHOW COLUMNS FROM `mk_menu` [ RunTime:0.0050s ]
SQL: SELECT * FROM `mk_menu` WHERE `pid` = 0 AND `hide` = 0 ORDER BY `sort` asc  [ RunTime:0.0010s ]
SQL: SELECT `id` FROM `mk_menu` WHERE ( url like '%Moka/index%' ) LIMIT 1   [ RunTime:0.0010s ]
SQL: SELECT `id`,`pid`,`title` FROM `mk_menu` WHERE ( id=324 ) LIMIT 1   [ RunTime:0.0010s ]
SQL: SELECT `id`,`pid`,`title` FROM `mk_menu` WHERE ( id=325 ) LIMIT 1   [ RunTime:0.0010s ]
SQL: SELECT DISTINCT  `group` FROM `mk_menu` WHERE ( pid = 325 ) ORDER BY `sort` ASC  [ RunTime:0.0010s ]
SQL: SELECT `id`,`url` FROM `mk_menu` WHERE `pid` = 325 AND `hide` = 0  [ RunTime:0.0010s ]
SQL: SELECT `id`,`pid`,`title`,`url`,`tip` FROM `mk_menu` WHERE `group` = '模卡管理' AND `pid` = 325 AND `hide` = 0 ORDER BY `sort` asc  [ RunTime:0.0010s ]

[ 2018-04-09T15:38:29+08:00 ] 127.0.0.1 /index.php?s=/Admin/Moka/index
INFO: [ app_init ] --START--
INFO: Run Behavior\BuildLiteBehavior [ RunTime:0.000000s ]
INFO: Run Common\Behavior\InitHookBehavior [ RunTime:0.003001s ]
INFO: [ app_init ] --END-- [ RunTime:0.003001s ]
INFO: [ app_begin ] --START--
INFO: Run Behavior\ReadHtmlCacheBehavior [ RunTime:0.001000s ]
INFO: [ app_begin ] --END-- [ RunTime:0.001000s ]
NOTIC: [2048] Declaration of Admin\Controller\MokaController::index() should be compatible with Admin\Controller\AdminController::index($model_name = NULL, $display = true) D:\phpStudy\WWW\moka\Application\Admin\Controller\MokaController.class.php 第 18 行.
SQL: SHOW COLUMNS FROM `mk_menu` [ RunTime:0.0060s ]
SQL: SELECT * FROM `mk_menu` WHERE `pid` = 0 AND `hide` = 0 ORDER BY `sort` asc  [ RunTime:0.0010s ]
SQL: SELECT `id` FROM `mk_menu` WHERE ( url like '%Moka/index%' ) LIMIT 1   [ RunTime:0.0020s ]
SQL: SELECT `id`,`pid`,`title` FROM `mk_menu` WHERE ( id=324 ) LIMIT 1   [ RunTime:0.0010s ]
SQL: SELECT `id`,`pid`,`title` FROM `mk_menu` WHERE ( id=325 ) LIMIT 1   [ RunTime:0.0000s ]
SQL: SELECT DISTINCT  `group` FROM `mk_menu` WHERE ( pid = 325 ) ORDER BY `sort` ASC  [ RunTime:0.0010s ]
SQL: SELECT `id`,`url` FROM `mk_menu` WHERE `pid` = 325 AND `hide` = 0  [ RunTime:0.0010s ]
SQL: SELECT `id`,`pid`,`title`,`url`,`tip` FROM `mk_menu` WHERE `group` = '模卡管理' AND `pid` = 325 AND `hide` = 0 ORDER BY `sort` asc  [ RunTime:0.0010s ]

[ 2018-04-09T15:39:28+08:00 ] 127.0.0.1 /index.php?s=/Admin/Moka/index
INFO: [ app_init ] --START--
INFO: Run Behavior\BuildLiteBehavior [ RunTime:0.000000s ]
INFO: Run Common\Behavior\InitHookBehavior [ RunTime:0.003000s ]
INFO: [ app_init ] --END-- [ RunTime:0.003000s ]
INFO: [ app_begin ] --START--
INFO: Run Behavior\ReadHtmlCacheBehavior [ RunTime:0.001001s ]
INFO: [ app_begin ] --END-- [ RunTime:0.001001s ]
NOTIC: [2048] Declaration of Admin\Controller\MokaController::index() should be compatible with Admin\Controller\AdminController::index($model_name = NULL, $display = true) D:\phpStudy\WWW\moka\Application\Admin\Controller\MokaController.class.php 第 18 行.
SQL: SHOW COLUMNS FROM `mk_menu` [ RunTime:0.0040s ]
SQL: SELECT * FROM `mk_menu` WHERE `pid` = 0 AND `hide` = 0 ORDER BY `sort` asc  [ RunTime:0.0010s ]
SQL: SELECT `id` FROM `mk_menu` WHERE ( url like '%Moka/index%' ) LIMIT 1   [ RunTime:0.0010s ]
SQL: SELECT `id`,`pid`,`title` FROM `mk_menu` WHERE ( id=324 ) LIMIT 1   [ RunTime:0.0010s ]
SQL: SELECT `id`,`pid`,`title` FROM `mk_menu` WHERE ( id=325 ) LIMIT 1   [ RunTime:0.0010s ]
SQL: SELECT DISTINCT  `group` FROM `mk_menu` WHERE ( pid = 325 ) ORDER BY `sort` ASC  [ RunTime:0.0010s ]
SQL: SELECT `id`,`url` FROM `mk_menu` WHERE `pid` = 325 AND `hide` = 0  [ RunTime:0.0010s ]
SQL: SELECT `id`,`pid`,`title`,`url`,`tip` FROM `mk_menu` WHERE `group` = '模卡管理' AND `pid` = 325 AND `hide` = 0 ORDER BY `sort` asc  [ RunTime:0.0010s ]

[ 2018-04-09T15:40:14+08:00 ] 127.0.0.1 /index.php?s=/Admin/Moka/index
INFO: [ app_init ] --START--
INFO: Run Behavior\BuildLiteBehavior [ RunTime:0.001000s ]
INFO: Run Common\Behavior\InitHookBehavior [ RunTime:0.002000s ]
INFO: [ app_init ] --END-- [ RunTime:0.003000s ]
INFO: [ app_begin ] --START--
INFO: Run Behavior\ReadHtmlCacheBehavior [ RunTime:0.001000s ]
INFO: [ app_begin ] --END-- [ RunTime:0.001000s ]
NOTIC: [2048] Declaration of Admin\Controller\MokaController::index() should be compatible with Admin\Controller\AdminController::index($model_name = NULL, $display = true) D:\phpStudy\WWW\moka\Application\Admin\Controller\MokaController.class.php 第 18 行.
SQL: SHOW COLUMNS FROM `mk_menu` [ RunTime:0.0050s ]
SQL: SELECT * FROM `mk_menu` WHERE `pid` = 0 AND `hide` = 0 ORDER BY `sort` asc  [ RunTime:0.0020s ]
SQL: SELECT `id` FROM `mk_menu` WHERE ( url like '%Moka/index%' ) LIMIT 1   [ RunTime:0.0010s ]
SQL: SELECT `id`,`pid`,`title` FROM `mk_menu` WHERE ( id=324 ) LIMIT 1   [ RunTime:0.0010s ]
SQL: SELECT `id`,`pid`,`title` FROM `mk_menu` WHERE ( id=325 ) LIMIT 1   [ RunTime:0.0000s ]
SQL: SELECT DISTINCT  `group` FROM `mk_menu` WHERE ( pid = 325 ) ORDER BY `sort` ASC  [ RunTime:0.0010s ]
SQL: SELECT `id`,`url` FROM `mk_menu` WHERE `pid` = 325 AND `hide` = 0  [ RunTime:0.0010s ]
SQL: SELECT `id`,`pid`,`title`,`url`,`tip` FROM `mk_menu` WHERE `group` = '模卡管理' AND `pid` = 325 AND `hide` = 0 ORDER BY `sort` asc  [ RunTime:0.0010s ]

[ 2018-04-09T15:40:17+08:00 ] 127.0.0.1 /index.php?s=/Admin/Moka/index
INFO: [ app_init ] --START--
INFO: Run Behavior\BuildLiteBehavior [ RunTime:0.000000s ]
INFO: Run Common\Behavior\InitHookBehavior [ RunTime:0.002000s ]
INFO: [ app_init ] --END-- [ RunTime:0.003000s ]
INFO: [ app_begin ] --START--
INFO: Run Behavior\ReadHtmlCacheBehavior [ RunTime:0.000000s ]
INFO: [ app_begin ] --END-- [ RunTime:0.001000s ]
NOTIC: [2048] Declaration of Admin\Controller\MokaController::index() should be compatible with Admin\Controller\AdminController::index($model_name = NULL, $display = true) D:\phpStudy\WWW\moka\Application\Admin\Controller\MokaController.class.php 第 18 行.
SQL: SHOW COLUMNS FROM `mk_menu` [ RunTime:0.0050s ]
SQL: SELECT * FROM `mk_menu` WHERE `pid` = 0 AND `hide` = 0 ORDER BY `sort` asc  [ RunTime:0.0010s ]
SQL: SELECT `id` FROM `mk_menu` WHERE ( url like '%Moka/index%' ) LIMIT 1   [ RunTime:0.0020s ]
SQL: SELECT `id`,`pid`,`title` FROM `mk_menu` WHERE ( id=324 ) LIMIT 1   [ RunTime:0.0010s ]
SQL: SELECT `id`,`pid`,`title` FROM `mk_menu` WHERE ( id=325 ) LIMIT 1   [ RunTime:0.0010s ]
SQL: SELECT DISTINCT  `group` FROM `mk_menu` WHERE ( pid = 325 ) ORDER BY `sort` ASC  [ RunTime:0.0010s ]
SQL: SELECT `id`,`url` FROM `mk_menu` WHERE `pid` = 325 AND `hide` = 0  [ RunTime:0.0010s ]
SQL: SELECT `id`,`pid`,`title`,`url`,`tip` FROM `mk_menu` WHERE `group` = '模卡管理' AND `pid` = 325 AND `hide` = 0 ORDER BY `sort` asc  [ RunTime:0.0010s ]

