[ 2018-06-01T11:19:18+08:00 ] 127.0.0.1 /api.php/Moka/getHotModel
NOTIC: [8192] mysql_connect(): The mysql extension is deprecated and will be removed in the future: use mysqli or PDO instead D:\phpStudy\WWW\moka\ThinkPHP\Library\Think\Session\Driver\Db.class.php 第 104 行.
NOTIC: [8] Undefined index: sign D:\phpStudy\WWW\moka\Application\Api\Controller\BaseController.class.php 第 93 行.
SQL: SHOW COLUMNS FROM `mk_config` [ RunTime:0.0060s ]
SQL: SELECT `type`,`name`,`value` FROM `mk_config` WHERE `status` = 1  [ RunTime:0.0020s ]
SQL: SHOW COLUMNS FROM `mk_member_info` [ RunTime:0.0050s ]
SQL: SELECT `uid`,`thumb`,`openid`,`height`,`weight`,`chestline`,`waistline`,`hipline`,`clicks` FROM `mk_member_info` WHERE `is_show` = 1 ORDER BY `clicks` desc,`uid` asc LIMIT 0,3   [ RunTime:0.0030s ]
SQL: SELECT COUNT(*) AS tp_count FROM `mk_member_info` WHERE `is_show` = 1 LIMIT 1   [ RunTime:0.0010s ]
SQL: SELECT `uid`,`thumb`,`openid`,`height`,`weight`,`chestline`,`waistline`,`hipline`,`clicks` FROM `mk_member_info` WHERE `openid` IN ('E824CA4A-E4EC-DDF5-D964-40E51A32F564','76BE62A3-AD19-082D-BA93-066C4909687D')  [ RunTime:0.0010s ]

[ 2018-06-01T11:19:56+08:00 ] 127.0.0.1 /api.php/Moka/getHotModel
NOTIC: [8192] mysql_connect(): The mysql extension is deprecated and will be removed in the future: use mysqli or PDO instead D:\phpStudy\WWW\moka\ThinkPHP\Library\Think\Session\Driver\Db.class.php 第 104 行.
NOTIC: [8] Undefined index: sign D:\phpStudy\WWW\moka\Application\Api\Controller\BaseController.class.php 第 93 行.
SQL: SHOW COLUMNS FROM `mk_config` [ RunTime:0.0050s ]
SQL: SELECT `type`,`name`,`value` FROM `mk_config` WHERE `status` = 1  [ RunTime:0.0010s ]
SQL: SHOW COLUMNS FROM `mk_member_info` [ RunTime:0.0040s ]
SQL: SELECT `uid`,`thumb`,`openid`,`height`,`weight`,`chestline`,`waistline`,`hipline`,`clicks` FROM `mk_member_info` WHERE `is_show` = 1 ORDER BY `clicks` desc,`uid` asc LIMIT 0,3   [ RunTime:0.0010s ]
SQL: SELECT COUNT(*) AS tp_count FROM `mk_member_info` WHERE `is_show` = 1 LIMIT 1   [ RunTime:0.0010s ]
SQL: SELECT `uid`,`thumb`,`openid`,`height`,`weight`,`chestline`,`waistline`,`hipline`,`clicks` FROM `mk_member_info` WHERE `openid` IN ('E824CA4A-E4EC-DDF5-D964-40E51A32F564','6880397C-6913-0E98-CEBC-B9EDB2C2C82C','76BE62A3-AD19-082D-BA93-066C4909687D')  [ RunTime:0.0010s ]

[ 2018-06-01T11:26:06+08:00 ] 127.0.0.1 /api.php/Moka/getHotModel
NOTIC: [8192] mysql_connect(): The mysql extension is deprecated and will be removed in the future: use mysqli or PDO instead D:\phpStudy\WWW\moka\ThinkPHP\Library\Think\Session\Driver\Db.class.php 第 104 行.
NOTIC: [8] Undefined index: sign D:\phpStudy\WWW\moka\Application\Api\Controller\BaseController.class.php 第 93 行.
SQL: SHOW COLUMNS FROM `mk_config` [ RunTime:0.0060s ]
SQL: SELECT `type`,`name`,`value` FROM `mk_config` WHERE `status` = 1  [ RunTime:0.0020s ]
SQL: SHOW COLUMNS FROM `mk_member_info` [ RunTime:0.0050s ]
SQL: SELECT `uid`,`nickname`,`thumb`,`openid`,`height`,`weight`,`chestline`,`waistline`,`hipline`,`clicks` FROM `mk_member_info` WHERE `is_show` = 1 ORDER BY `clicks` desc,`uid` asc LIMIT 0,3   [ RunTime:0.0020s ]
SQL: SELECT COUNT(*) AS tp_count FROM `mk_member_info` WHERE `is_show` = 1 LIMIT 1   [ RunTime:0.0010s ]
SQL: SELECT `uid`,`nickname`,`thumb`,`openid`,`height`,`weight`,`chestline`,`waistline`,`hipline`,`clicks` FROM `mk_member_info` WHERE `openid` IN ('E824CA4A-E4EC-DDF5-D964-40E51A32F564','6880397C-6913-0E98-CEBC-B9EDB2C2C82C','76BE62A3-AD19-082D-BA93-066C4909687D')  [ RunTime:0.0010s ]

[ 2018-06-01T11:41:28+08:00 ] 127.0.0.1 /api.php/Moka/makeUnionPic
NOTIC: [8192] mysql_connect(): The mysql extension is deprecated and will be removed in the future: use mysqli or PDO instead D:\phpStudy\WWW\moka\ThinkPHP\Library\Think\Session\Driver\Db.class.php 第 104 行.
NOTIC: [8] Undefined index: sign D:\phpStudy\WWW\moka\Application\Api\Controller\BaseController.class.php 第 93 行.
SQL: SHOW COLUMNS FROM `mk_config` [ RunTime:0.0050s ]
SQL: SELECT `type`,`name`,`value` FROM `mk_config` WHERE `status` = 1  [ RunTime:0.0010s ]
SQL: SHOW COLUMNS FROM `mk_card` [ RunTime:0.0040s ]
NOTIC: [2] unlink(./Runtime/Temp/mk_cdff6f76036950f3d78f66d1525a887f.php): No such file or directory D:\phpStudy\WWW\moka\ThinkPHP\Library\Think\Cache\Driver\File.class.php 第 170 行.
SQL: SELECT * FROM `mk_card` WHERE `id` = 250 LIMIT 1   [ RunTime:0.0010s ]

[ 2018-06-01T11:42:32+08:00 ] 127.0.0.1 /api.php/Moka/getHotModel
NOTIC: [8192] mysql_connect(): The mysql extension is deprecated and will be removed in the future: use mysqli or PDO instead D:\phpStudy\WWW\moka\ThinkPHP\Library\Think\Session\Driver\Db.class.php 第 104 行.
NOTIC: [8] Undefined index: sign D:\phpStudy\WWW\moka\Application\Api\Controller\BaseController.class.php 第 93 行.
SQL: SHOW COLUMNS FROM `mk_config` [ RunTime:0.0050s ]
SQL: SELECT `type`,`name`,`value` FROM `mk_config` WHERE `status` = 1  [ RunTime:0.0010s ]
SQL: SHOW COLUMNS FROM `mk_member_info` [ RunTime:0.0060s ]
SQL: SELECT `uid`,`nickname`,`thumb`,`openid`,`height`,`weight`,`chestline`,`waistline`,`hipline`,`clicks` FROM `mk_member_info` WHERE `is_show` = 1 ORDER BY `clicks` desc,`uid` asc LIMIT 0,3   [ RunTime:0.0010s ]
SQL: SELECT COUNT(*) AS tp_count FROM `mk_member_info` WHERE `is_show` = 1 LIMIT 1   [ RunTime:0.0000s ]
SQL: SELECT `uid`,`nickname`,`thumb`,`openid`,`height`,`weight`,`chestline`,`waistline`,`hipline`,`clicks` FROM `mk_member_info` WHERE `openid` IN ('E824CA4A-E4EC-DDF5-D964-40E51A32F564','6880397C-6913-0E98-CEBC-B9EDB2C2C82C','76BE62A3-AD19-082D-BA93-066C4909687D')  [ RunTime:0.0010s ]

[ 2018-06-01T11:47:36+08:00 ] 127.0.0.1 /api.php/Moka/myCollect
NOTIC: [8192] mysql_connect(): The mysql extension is deprecated and will be removed in the future: use mysqli or PDO instead D:\phpStudy\WWW\moka\ThinkPHP\Library\Think\Session\Driver\Db.class.php 第 104 行.
NOTIC: [8] Undefined index: sign D:\phpStudy\WWW\moka\Application\Api\Controller\BaseController.class.php 第 93 行.
SQL: SHOW COLUMNS FROM `mk_config` [ RunTime:0.0050s ]
SQL: SELECT `type`,`name`,`value` FROM `mk_config` WHERE `status` = 1  [ RunTime:0.0010s ]
SQL: SHOW COLUMNS FROM `mk_collect` [ RunTime:0.0050s ]
SQL: SELECT * FROM `mk_collect` WHERE `uid` = 1 LIMIT 1   [ RunTime:0.0010s ]
SQL: select m.uid,m.thumb,m.nickname,m.height,m.weight,m.chestline,m.waistline,m.hipline,c.pic_json,c.id as cid from mk_card as c left join mk_member_info as m on c.uid=m.uid where c.id in(250) [ RunTime:0.0010s ]

[ 2018-06-01T11:55:10+08:00 ] 127.0.0.1 /api.php/Moka/myCollect
NOTIC: [8192] mysql_connect(): The mysql extension is deprecated and will be removed in the future: use mysqli or PDO instead D:\phpStudy\WWW\moka\ThinkPHP\Library\Think\Session\Driver\Db.class.php 第 104 行.
NOTIC: [8] Undefined index: sign D:\phpStudy\WWW\moka\Application\Api\Controller\BaseController.class.php 第 93 行.
SQL: SHOW COLUMNS FROM `mk_config` [ RunTime:0.0050s ]
SQL: SELECT `type`,`name`,`value` FROM `mk_config` WHERE `status` = 1  [ RunTime:0.0020s ]
SQL: SHOW COLUMNS FROM `mk_collect` [ RunTime:0.0050s ]
NOTIC: [8] Constant MOKA_WIDTH already defined D:\phpStudy\WWW\moka\Application\Api\Logic\MakeImageLogic.class.php 第 13 行.
NOTIC: [8] Constant MOKA_BOTTOM_HEIGHT already defined D:\phpStudy\WWW\moka\Application\Api\Logic\MakeImageLogic.class.php 第 14 行.
NOTIC: [8] Constant MOKA_QR_WIDTH already defined D:\phpStudy\WWW\moka\Application\Api\Logic\MakeImageLogic.class.php 第 15 行.
NOTIC: [8] Constant MOKA_FONT_SIZE already defined D:\phpStudy\WWW\moka\Application\Api\Logic\MakeImageLogic.class.php 第 16 行.
SQL: select m.uid,m.thumb,m.nickname,m.height,m.weight,m.chestline,m.waistline,m.hipline,c.pic_json,c.id as cid from mk_card as c left join mk_member_info as m on c.uid=m.uid where c.id in(250) [ RunTime:0.0020s ]

[ 2018-06-01T13:41:30+08:00 ] 127.0.0.1 /api.php/Moka/myCollect
NOTIC: [8192] mysql_connect(): The mysql extension is deprecated and will be removed in the future: use mysqli or PDO instead D:\phpStudy\WWW\moka\ThinkPHP\Library\Think\Session\Driver\Db.class.php 第 104 行.
NOTIC: [8] Undefined index: sign D:\phpStudy\WWW\moka\Application\Api\Controller\BaseController.class.php 第 93 行.
SQL: SHOW COLUMNS FROM `mk_config` [ RunTime:0.0060s ]
SQL: SELECT `type`,`name`,`value` FROM `mk_config` WHERE `status` = 1  [ RunTime:0.0020s ]
SQL: SHOW COLUMNS FROM `mk_collect` [ RunTime:0.0050s ]
SQL: SELECT * FROM `mk_collect` WHERE `uid` = 1 LIMIT 1   [ RunTime:0.0010s ]
NOTIC: [8] Constant MOKA_WIDTH already defined D:\phpStudy\WWW\moka\Application\Api\Logic\MakeImageLogic.class.php 第 13 行.
NOTIC: [8] Constant MOKA_BOTTOM_HEIGHT already defined D:\phpStudy\WWW\moka\Application\Api\Logic\MakeImageLogic.class.php 第 14 行.
NOTIC: [8] Constant MOKA_QR_WIDTH already defined D:\phpStudy\WWW\moka\Application\Api\Logic\MakeImageLogic.class.php 第 15 行.
NOTIC: [8] Constant MOKA_FONT_SIZE already defined D:\phpStudy\WWW\moka\Application\Api\Logic\MakeImageLogic.class.php 第 16 行.
SQL: select m.uid,m.thumb,m.nickname,m.height,m.weight,m.chestline,m.waistline,m.hipline,c.pic_json,c.id as cid from mk_card as c left join mk_member_info as m on c.uid=m.uid where c.id in(250) [ RunTime:0.0010s ]

[ 2018-06-01T13:43:18+08:00 ] 127.0.0.1 /api.php/Moka/myCollect
NOTIC: [8192] mysql_connect(): The mysql extension is deprecated and will be removed in the future: use mysqli or PDO instead D:\phpStudy\WWW\moka\ThinkPHP\Library\Think\Session\Driver\Db.class.php 第 104 行.
NOTIC: [8] Undefined index: sign D:\phpStudy\WWW\moka\Application\Api\Controller\BaseController.class.php 第 93 行.
SQL: SHOW COLUMNS FROM `mk_config` [ RunTime:0.0050s ]
SQL: SELECT `type`,`name`,`value` FROM `mk_config` WHERE `status` = 1  [ RunTime:0.0020s ]
SQL: SHOW COLUMNS FROM `mk_collect` [ RunTime:0.0040s ]
NOTIC: [8] Constant MOKA_WIDTH already defined D:\phpStudy\WWW\moka\Application\Api\Logic\MakeImageLogic.class.php 第 13 行.
NOTIC: [8] Constant MOKA_BOTTOM_HEIGHT already defined D:\phpStudy\WWW\moka\Application\Api\Logic\MakeImageLogic.class.php 第 14 行.
NOTIC: [8] Constant MOKA_QR_WIDTH already defined D:\phpStudy\WWW\moka\Application\Api\Logic\MakeImageLogic.class.php 第 15 行.
NOTIC: [8] Constant MOKA_FONT_SIZE already defined D:\phpStudy\WWW\moka\Application\Api\Logic\MakeImageLogic.class.php 第 16 行.
SQL: select m.uid,m.thumb,m.nickname,m.height,m.weight,m.chestline,m.waistline,m.hipline,c.pic_json,c.id as cid from mk_card as c left join mk_member_info as m on c.uid=m.uid where c.id in(250) [ RunTime:0.0010s ]

[ 2018-06-01T13:43:53+08:00 ] 127.0.0.1 /api.php/Moka/getHotModel
NOTIC: [8192] mysql_connect(): The mysql extension is deprecated and will be removed in the future: use mysqli or PDO instead D:\phpStudy\WWW\moka\ThinkPHP\Library\Think\Session\Driver\Db.class.php 第 104 行.
NOTIC: [8] Undefined index: sign D:\phpStudy\WWW\moka\Application\Api\Controller\BaseController.class.php 第 93 行.
SQL: SHOW COLUMNS FROM `mk_config` [ RunTime:0.0060s ]
SQL: SELECT `type`,`name`,`value` FROM `mk_config` WHERE `status` = 1  [ RunTime:0.0010s ]
SQL: SHOW COLUMNS FROM `mk_member_info` [ RunTime:0.0050s ]
SQL: SELECT `uid`,`nickname`,`wechat`,`thumb`,`openid`,`height`,`weight`,`chestline`,`waistline`,`hipline`,`clicks` FROM `mk_member_info` WHERE `is_show` = 1 ORDER BY `clicks` desc,`uid` asc LIMIT 0,3   [ RunTime:0.0020s ]
SQL: SELECT COUNT(*) AS tp_count FROM `mk_member_info` WHERE `is_show` = 1 LIMIT 1   [ RunTime:0.0010s ]
SQL: SELECT `uid`,`nickname`,`wechat`,`thumb`,`openid`,`height`,`weight`,`chestline`,`waistline`,`hipline`,`clicks` FROM `mk_member_info` WHERE `openid` IN ('E824CA4A-E4EC-DDF5-D964-40E51A32F564','6880397C-6913-0E98-CEBC-B9EDB2C2C82C','76BE62A3-AD19-082D-BA93-066C4909687D')  [ RunTime:0.0020s ]

[ 2018-06-01T13:44:37+08:00 ] 127.0.0.1 /api.php/Moka/getModelBySearch
NOTIC: [8192] mysql_connect(): The mysql extension is deprecated and will be removed in the future: use mysqli or PDO instead D:\phpStudy\WWW\moka\ThinkPHP\Library\Think\Session\Driver\Db.class.php 第 104 行.
NOTIC: [8] Undefined index: sign D:\phpStudy\WWW\moka\Application\Api\Controller\BaseController.class.php 第 93 行.
SQL: SHOW COLUMNS FROM `mk_config` [ RunTime:0.0050s ]
SQL: SELECT `type`,`name`,`value` FROM `mk_config` WHERE `status` = 1  [ RunTime:0.0020s ]
SQL: SHOW COLUMNS FROM `mk_member_info` [ RunTime:0.0040s ]
SQL: SELECT `uid`,`nickname`,`wechat`,`thumb`,`openid`,`height`,`weight`,`chestline`,`waistline`,`hipline`,`clicks` FROM `mk_member_info` WHERE `is_show` = 1 ORDER BY `clicks` desc,`uid` asc LIMIT 0,8   [ RunTime:0.0010s ]
SQL: SELECT COUNT(*) AS tp_count FROM `mk_member_info` WHERE `is_show` = 1 LIMIT 1   [ RunTime:0.0010s ]
SQL: SELECT `uid`,`nickname`,`wechat`,`thumb`,`openid`,`height`,`weight`,`chestline`,`waistline`,`hipline`,`clicks` FROM `mk_member_info` WHERE `openid` IN ('E824CA4A-E4EC-DDF5-D964-40E51A32F564','6880397C-6913-0E98-CEBC-B9EDB2C2C82C','76BE62A3-AD19-082D-BA93-066C4909687D')  [ RunTime:0.0020s ]
SQL: SHOW COLUMNS FROM `mk_card` [ RunTime:0.0040s ]
NOTIC: [2048] Declaration of Common\Model\StyleModel::getList() should be compatible with Common\Model\CommonModel::getList($param, $return_total = false) D:\phpStudy\WWW\moka\Application\Common\Model\StyleModel.class.php 第 140 行.
SQL: SHOW COLUMNS FROM `mk_style` [ RunTime:0.0050s ]
SQL: SHOW COLUMNS FROM `mk_collect` [ RunTime:0.0040s ]
SQL: SELECT `s_id`,`great_num`,`uid`,`id`,`great`,`pic_json`,`create_time` FROM `mk_card` WHERE `uid` = 1 AND `status` = 2 ORDER BY `great_num` desc,`id` desc LIMIT 1   [ RunTime:0.0010s ]
SQL: SELECT * FROM `mk_style` WHERE `id` = 2 LIMIT 1   [ RunTime:0.0020s ]
SQL: SELECT `s_id`,`great_num`,`uid`,`id`,`great`,`pic_json`,`create_time` FROM `mk_card` WHERE `uid` = 9 AND `status` = 2 ORDER BY `great_num` desc,`id` desc LIMIT 1   [ RunTime:0.0010s ]
SQL: SELECT * FROM `mk_style` WHERE `id` = 1 LIMIT 1   [ RunTime:0.0010s ]
SQL: SELECT `s_id`,`great_num`,`uid`,`id`,`great`,`pic_json`,`create_time` FROM `mk_card` WHERE `uid` = 10 AND `status` = 2 ORDER BY `great_num` desc,`id` desc LIMIT 1   [ RunTime:0.0010s ]
NOTIC: [8] Undefined index: great D:\phpStudy\WWW\moka\Application\Api\Logic\ApiLogic.class.php 第 332 行.
NOTIC: [8] Undefined index: id D:\phpStudy\WWW\moka\Application\Api\Logic\ApiLogic.class.php 第 338 行.
NOTIC: [8] Undefined index: s_id D:\phpStudy\WWW\moka\Application\Api\Logic\ApiLogic.class.php 第 340 行.
NOTIC: [8] Undefined index: pics D:\phpStudy\WWW\moka\Application\Common\Model\StyleModel.class.php 第 39 行.
NOTIC: [8] Undefined index: ext_info D:\phpStudy\WWW\moka\Application\Common\Model\StyleModel.class.php 第 41 行.
NOTIC: [8] Undefined index: id_a D:\phpStudy\WWW\moka\Application\Api\Logic\ApiLogic.class.php 第 341 行.
NOTIC: [8] Undefined index: id D:\phpStudy\WWW\moka\Application\Api\Logic\ApiLogic.class.php 第 367 行.

[ 2018-06-01T13:51:13+08:00 ] 127.0.0.1 /api.php/Moka/orderDetail
NOTIC: [8192] mysql_connect(): The mysql extension is deprecated and will be removed in the future: use mysqli or PDO instead D:\phpStudy\WWW\moka\ThinkPHP\Library\Think\Session\Driver\Db.class.php 第 104 行.
NOTIC: [8] Undefined index: sign D:\phpStudy\WWW\moka\Application\Api\Controller\BaseController.class.php 第 93 行.
SQL: SHOW COLUMNS FROM `mk_config` [ RunTime:0.0050s ]
SQL: SELECT `type`,`name`,`value` FROM `mk_config` WHERE `status` = 1  [ RunTime:0.0020s ]
SQL: SHOW COLUMNS FROM `mk_order` [ RunTime:0.0060s ]
SQL: SELECT * FROM `mk_order` WHERE `id` = 1 LIMIT 1   [ RunTime:0.0020s ]

[ 2018-06-01T13:56:25+08:00 ] 127.0.0.1 /api.php/Moka/getHotModel
NOTIC: [8192] mysql_connect(): The mysql extension is deprecated and will be removed in the future: use mysqli or PDO instead D:\phpStudy\WWW\moka\ThinkPHP\Library\Think\Session\Driver\Db.class.php 第 104 行.
NOTIC: [8] Undefined index: sign D:\phpStudy\WWW\moka\Application\Api\Controller\BaseController.class.php 第 93 行.
SQL: SHOW COLUMNS FROM `mk_config` [ RunTime:0.0060s ]
SQL: SELECT `type`,`name`,`value` FROM `mk_config` WHERE `status` = 1  [ RunTime:0.0010s ]
SQL: SHOW COLUMNS FROM `mk_member_info` [ RunTime:0.0050s ]
SQL: SELECT `uid`,`nickname`,`wechat`,`thumb`,`openid`,`height`,`weight`,`chestline`,`waistline`,`hipline`,`clicks` FROM `mk_member_info` WHERE `is_show` = 1 ORDER BY `clicks` desc,`uid` asc LIMIT 0,3   [ RunTime:0.0020s ]
SQL: SELECT COUNT(*) AS tp_count FROM `mk_member_info` WHERE `is_show` = 1 LIMIT 1   [ RunTime:0.0010s ]
SQL: SELECT `uid`,`nickname`,`wechat`,`thumb`,`openid`,`height`,`weight`,`chestline`,`waistline`,`hipline`,`clicks` FROM `mk_member_info` WHERE `openid` IN ('E824CA4A-E4EC-DDF5-D964-40E51A32F564','6880397C-6913-0E98-CEBC-B9EDB2C2C82C','76BE62A3-AD19-082D-BA93-066C4909687D')  [ RunTime:0.0010s ]

[ 2018-06-01T13:56:33+08:00 ] 127.0.0.1 /api.php/Moka/getHotModel
NOTIC: [8192] mysql_connect(): The mysql extension is deprecated and will be removed in the future: use mysqli or PDO instead D:\phpStudy\WWW\moka\ThinkPHP\Library\Think\Session\Driver\Db.class.php 第 104 行.
NOTIC: [8] Undefined index: sign D:\phpStudy\WWW\moka\Application\Api\Controller\BaseController.class.php 第 93 行.
SQL: SHOW COLUMNS FROM `mk_config` [ RunTime:0.0050s ]
SQL: SELECT `type`,`name`,`value` FROM `mk_config` WHERE `status` = 1  [ RunTime:0.0010s ]
SQL: SHOW COLUMNS FROM `mk_member_info` [ RunTime:0.0050s ]
SQL: SELECT `uid`,`nickname`,`wechat`,`thumb`,`openid`,`height`,`weight`,`chestline`,`waistline`,`hipline`,`clicks` FROM `mk_member_info` WHERE `is_show` = 1 ORDER BY `clicks` desc,`uid` asc LIMIT 0,3   [ RunTime:0.0010s ]
SQL: SELECT COUNT(*) AS tp_count FROM `mk_member_info` WHERE `is_show` = 1 LIMIT 1   [ RunTime:0.0010s ]
SQL: SELECT `uid`,`nickname`,`wechat`,`thumb`,`openid`,`height`,`weight`,`chestline`,`waistline`,`hipline`,`clicks` FROM `mk_member_info` WHERE `openid` IN ('E824CA4A-E4EC-DDF5-D964-40E51A32F564','6880397C-6913-0E98-CEBC-B9EDB2C2C82C','76BE62A3-AD19-082D-BA93-066C4909687D')  [ RunTime:0.0020s ]
SQL: SHOW COLUMNS FROM `mk_card` [ RunTime:0.0050s ]
NOTIC: [2048] Declaration of Common\Model\StyleModel::getList() should be compatible with Common\Model\CommonModel::getList($param, $return_total = false) D:\phpStudy\WWW\moka\Application\Common\Model\StyleModel.class.php 第 140 行.
SQL: SHOW COLUMNS FROM `mk_style` [ RunTime:0.0040s ]
SQL: SHOW COLUMNS FROM `mk_collect` [ RunTime:0.0050s ]
SQL: SELECT `s_id`,`great_num`,`uid`,`id`,`great`,`pic_json`,`create_time` FROM `mk_card` WHERE `uid` = 1 AND `status` = 2 ORDER BY `id` asc LIMIT 1   [ RunTime:0.0010s ]
SQL: SELECT `s_id`,`great_num`,`uid`,`id`,`great`,`pic_json`,`create_time` FROM `mk_card` WHERE `uid` = 9 AND `status` = 2 ORDER BY `id` asc LIMIT 1   [ RunTime:0.0010s ]
SQL: SELECT `s_id`,`great_num`,`uid`,`id`,`great`,`pic_json`,`create_time` FROM `mk_card` WHERE `uid` = 10 AND `status` = 2 ORDER BY `id` asc LIMIT 1   [ RunTime:0.0010s ]
NOTIC: [8] Undefined index: great D:\phpStudy\WWW\moka\Application\Api\Logic\ApiLogic.class.php 第 332 行.
NOTIC: [8] Undefined index: id D:\phpStudy\WWW\moka\Application\Api\Logic\ApiLogic.class.php 第 338 行.
NOTIC: [8] Undefined index: s_id D:\phpStudy\WWW\moka\Application\Api\Logic\ApiLogic.class.php 第 340 行.
NOTIC: [8] Undefined index: pics D:\phpStudy\WWW\moka\Application\Common\Model\StyleModel.class.php 第 39 行.
NOTIC: [8] Undefined index: ext_info D:\phpStudy\WWW\moka\Application\Common\Model\StyleModel.class.php 第 41 行.
NOTIC: [8] Undefined index: id_a D:\phpStudy\WWW\moka\Application\Api\Logic\ApiLogic.class.php 第 341 行.

[ 2018-06-01T14:06:32+08:00 ] 127.0.0.1 /api.php/Moka/orderDetail
NOTIC: [8192] mysql_connect(): The mysql extension is deprecated and will be removed in the future: use mysqli or PDO instead D:\phpStudy\WWW\moka\ThinkPHP\Library\Think\Session\Driver\Db.class.php 第 104 行.
NOTIC: [8] Undefined index: sign D:\phpStudy\WWW\moka\Application\Api\Controller\BaseController.class.php 第 93 行.
SQL: SHOW COLUMNS FROM `mk_config` [ RunTime:0.0060s ]
SQL: SELECT `type`,`name`,`value` FROM `mk_config` WHERE `status` = 1  [ RunTime:0.0010s ]
SQL: SHOW COLUMNS FROM `mk_order` [ RunTime:0.0060s ]

[ 2018-06-01T14:08:52+08:00 ] 127.0.0.1 /api.php/Moka/orderDetail
NOTIC: [8192] mysql_connect(): The mysql extension is deprecated and will be removed in the future: use mysqli or PDO instead D:\phpStudy\WWW\moka\ThinkPHP\Library\Think\Session\Driver\Db.class.php 第 104 行.
NOTIC: [8] Undefined index: sign D:\phpStudy\WWW\moka\Application\Api\Controller\BaseController.class.php 第 93 行.
SQL: SHOW COLUMNS FROM `mk_config` [ RunTime:0.0100s ]
SQL: SELECT `type`,`name`,`value` FROM `mk_config` WHERE `status` = 1  [ RunTime:0.0010s ]
NOTIC: [2] Missing argument 2 for Api\Logic\ApiLogic::orderDetail(), called in D:\phpStudy\WWW\moka\Application\Api\Controller\MokaController.class.php on line 286 and defined D:\phpStudy\WWW\moka\Application\Api\Logic\ApiLogic.class.php 第 537 行.
SQL: SHOW COLUMNS FROM `mk_order` [ RunTime:0.0050s ]
NOTIC: [8] Undefined variable: uid D:\phpStudy\WWW\moka\Application\Api\Logic\ApiLogic.class.php 第 546 行.
SQL: SHOW COLUMNS FROM `mk_share` [ RunTime:0.0040s ]

[ 2018-06-01T14:32:41+08:00 ] 127.0.0.1 /api.php/Moka/setShare
NOTIC: [8192] mysql_connect(): The mysql extension is deprecated and will be removed in the future: use mysqli or PDO instead D:\phpStudy\WWW\moka\ThinkPHP\Library\Think\Session\Driver\Db.class.php 第 104 行.
NOTIC: [8] Undefined index: sign D:\phpStudy\WWW\moka\Application\Api\Controller\BaseController.class.php 第 93 行.
SQL: SHOW COLUMNS FROM `mk_config` [ RunTime:0.0050s ]
SQL: SELECT `type`,`name`,`value` FROM `mk_config` WHERE `status` = 1  [ RunTime:0.0010s ]
SQL: SHOW COLUMNS FROM `mk_order` [ RunTime:0.0040s ]
SQL: SHOW COLUMNS FROM `mk_share` [ RunTime:0.0050s ]
SQL: SELECT * FROM `mk_share` WHERE `uid` = 1  [ RunTime:0.0010s ]

[ 2018-06-01T14:32:46+08:00 ] 127.0.0.1 /api.php/Moka/orderDetail
NOTIC: [8192] mysql_connect(): The mysql extension is deprecated and will be removed in the future: use mysqli or PDO instead D:\phpStudy\WWW\moka\ThinkPHP\Library\Think\Session\Driver\Db.class.php 第 104 行.
NOTIC: [8] Undefined index: sign D:\phpStudy\WWW\moka\Application\Api\Controller\BaseController.class.php 第 93 行.
SQL: SHOW COLUMNS FROM `mk_config` [ RunTime:0.0060s ]
SQL: SELECT `type`,`name`,`value` FROM `mk_config` WHERE `status` = 1  [ RunTime:0.0010s ]
SQL: SHOW COLUMNS FROM `mk_order` [ RunTime:0.0050s ]
SQL: SHOW COLUMNS FROM `mk_share` [ RunTime:0.0040s ]

[ 2018-06-01T14:33:31+08:00 ] 127.0.0.1 /api.php/Moka/getOrder
NOTIC: [8192] mysql_connect(): The mysql extension is deprecated and will be removed in the future: use mysqli or PDO instead D:\phpStudy\WWW\moka\ThinkPHP\Library\Think\Session\Driver\Db.class.php 第 104 行.
NOTIC: [8] Undefined index: sign D:\phpStudy\WWW\moka\Application\Api\Controller\BaseController.class.php 第 93 行.
SQL: SHOW COLUMNS FROM `mk_config` [ RunTime:0.0060s ]
SQL: SELECT `type`,`name`,`value` FROM `mk_config` WHERE `status` = 1  [ RunTime:0.0010s ]
SQL: SHOW COLUMNS FROM `mk_order` [ RunTime:0.0050s ]
SQL: SELECT `id` FROM `mk_order` WHERE `status` = 1 ORDER BY `id` desc LIMIT 0,5   [ RunTime:0.0010s ]
SQL: SELECT COUNT(*) AS tp_count FROM `mk_order` WHERE `status` = 1 LIMIT 1   [ RunTime:0.0010s ]
SQL: SELECT * FROM `mk_order` WHERE `id` = 2 LIMIT 1   [ RunTime:0.0010s ]
SQL: SHOW COLUMNS FROM `mk_share` [ RunTime:0.0040s ]

[ 2018-06-01T14:34:22+08:00 ] 127.0.0.1 /api.php/Moka/setShare
NOTIC: [8192] mysql_connect(): The mysql extension is deprecated and will be removed in the future: use mysqli or PDO instead D:\phpStudy\WWW\moka\ThinkPHP\Library\Think\Session\Driver\Db.class.php 第 104 行.
NOTIC: [8] Undefined index: sign D:\phpStudy\WWW\moka\Application\Api\Controller\BaseController.class.php 第 93 行.
SQL: SHOW COLUMNS FROM `mk_config` [ RunTime:0.0050s ]
SQL: SELECT `type`,`name`,`value` FROM `mk_config` WHERE `status` = 1  [ RunTime:0.0010s ]
SQL: SHOW COLUMNS FROM `mk_order` [ RunTime:0.0050s ]
SQL: SHOW COLUMNS FROM `mk_share` [ RunTime:0.0040s ]
SQL: INSERT INTO `mk_share` (`uid`,`oid`,`create_time`) VALUES ('1','2','1527834862') [ RunTime:0.0020s ]

[ 2018-06-01T14:34:25+08:00 ] 127.0.0.1 /api.php/Moka/getOrder
NOTIC: [8192] mysql_connect(): The mysql extension is deprecated and will be removed in the future: use mysqli or PDO instead D:\phpStudy\WWW\moka\ThinkPHP\Library\Think\Session\Driver\Db.class.php 第 104 行.
NOTIC: [8] Undefined index: sign D:\phpStudy\WWW\moka\Application\Api\Controller\BaseController.class.php 第 93 行.
SQL: SHOW COLUMNS FROM `mk_config` [ RunTime:0.0060s ]
SQL: SELECT `type`,`name`,`value` FROM `mk_config` WHERE `status` = 1  [ RunTime:0.0020s ]
SQL: SHOW COLUMNS FROM `mk_order` [ RunTime:0.0050s ]
SQL: SELECT `id` FROM `mk_order` WHERE `status` = 1 ORDER BY `id` desc LIMIT 0,5   [ RunTime:0.0020s ]
SQL: SELECT COUNT(*) AS tp_count FROM `mk_order` WHERE `status` = 1 LIMIT 1   [ RunTime:0.0000s ]
SQL: SHOW COLUMNS FROM `mk_share` [ RunTime:0.0040s ]

[ 2018-06-01T14:34:28+08:00 ] 127.0.0.1 /api.php/Moka/getOrder
NOTIC: [8192] mysql_connect(): The mysql extension is deprecated and will be removed in the future: use mysqli or PDO instead D:\phpStudy\WWW\moka\ThinkPHP\Library\Think\Session\Driver\Db.class.php 第 104 行.
NOTIC: [8] Undefined index: sign D:\phpStudy\WWW\moka\Application\Api\Controller\BaseController.class.php 第 93 行.
SQL: SHOW COLUMNS FROM `mk_config` [ RunTime:0.0040s ]
SQL: SELECT `type`,`name`,`value` FROM `mk_config` WHERE `status` = 1  [ RunTime:0.0020s ]
SQL: SHOW COLUMNS FROM `mk_order` [ RunTime:0.0050s ]
SQL: SELECT `id` FROM `mk_order` WHERE `status` = 1 ORDER BY `id` desc LIMIT 0,5   [ RunTime:0.0010s ]
SQL: SELECT COUNT(*) AS tp_count FROM `mk_order` WHERE `status` = 1 LIMIT 1   [ RunTime:0.0010s ]
SQL: SHOW COLUMNS FROM `mk_share` [ RunTime:0.0040s ]

[ 2018-06-01T14:34:31+08:00 ] 127.0.0.1 /api.php/Moka/getOrder
NOTIC: [8192] mysql_connect(): The mysql extension is deprecated and will be removed in the future: use mysqli or PDO instead D:\phpStudy\WWW\moka\ThinkPHP\Library\Think\Session\Driver\Db.class.php 第 104 行.
NOTIC: [8] Undefined index: sign D:\phpStudy\WWW\moka\Application\Api\Controller\BaseController.class.php 第 93 行.
SQL: SHOW COLUMNS FROM `mk_config` [ RunTime:0.0050s ]
SQL: SELECT `type`,`name`,`value` FROM `mk_config` WHERE `status` = 1  [ RunTime:0.0020s ]
SQL: SHOW COLUMNS FROM `mk_order` [ RunTime:0.0050s ]
SQL: SELECT `id` FROM `mk_order` WHERE `status` = 1 ORDER BY `id` desc LIMIT 0,5   [ RunTime:0.0010s ]
SQL: SELECT COUNT(*) AS tp_count FROM `mk_order` WHERE `status` = 1 LIMIT 1   [ RunTime:0.0010s ]
SQL: SHOW COLUMNS FROM `mk_share` [ RunTime:0.0040s ]

[ 2018-06-01T14:35:03+08:00 ] 127.0.0.1 /api.php/Moka/getOrder
NOTIC: [8192] mysql_connect(): The mysql extension is deprecated and will be removed in the future: use mysqli or PDO instead D:\phpStudy\WWW\moka\ThinkPHP\Library\Think\Session\Driver\Db.class.php 第 104 行.
NOTIC: [8] Undefined index: sign D:\phpStudy\WWW\moka\Application\Api\Controller\BaseController.class.php 第 93 行.
SQL: SHOW COLUMNS FROM `mk_config` [ RunTime:0.0050s ]
SQL: SELECT `type`,`name`,`value` FROM `mk_config` WHERE `status` = 1  [ RunTime:0.0010s ]
SQL: SHOW COLUMNS FROM `mk_order` [ RunTime:0.0040s ]
SQL: SELECT `id` FROM `mk_order` WHERE `status` = 1 ORDER BY `id` desc LIMIT 0,5   [ RunTime:0.0010s ]
SQL: SELECT COUNT(*) AS tp_count FROM `mk_order` WHERE `status` = 1 LIMIT 1   [ RunTime:0.0000s ]
SQL: SHOW COLUMNS FROM `mk_share` [ RunTime:0.0050s ]

[ 2018-06-01T14:49:04+08:00 ] 127.0.0.1 /api.php/Moka/getOrder
NOTIC: [8192] mysql_connect(): The mysql extension is deprecated and will be removed in the future: use mysqli or PDO instead D:\phpStudy\WWW\moka\ThinkPHP\Library\Think\Session\Driver\Db.class.php 第 104 行.
NOTIC: [8] Undefined index: sign D:\phpStudy\WWW\moka\Application\Api\Controller\BaseController.class.php 第 93 行.
SQL: SHOW COLUMNS FROM `mk_config` [ RunTime:0.0050s ]
SQL: SELECT `type`,`name`,`value` FROM `mk_config` WHERE `status` = 1  [ RunTime:0.0010s ]
SQL: SHOW COLUMNS FROM `mk_order` [ RunTime:0.0050s ]
SQL: SELECT `id` FROM `mk_order` WHERE `status` = 1 ORDER BY `id` desc LIMIT 0,5   [ RunTime:0.0010s ]
SQL: SELECT COUNT(*) AS tp_count FROM `mk_order` WHERE `status` = 1 LIMIT 1   [ RunTime:0.0010s ]
SQL: SHOW COLUMNS FROM `mk_share` [ RunTime:0.0040s ]
SQL: SELECT * FROM `mk_share` WHERE `uid` = 1  [ RunTime:0.0010s ]

[ 2018-06-01T14:51:02+08:00 ] 127.0.0.1 /api.php/Moka/giveMeFive
NOTIC: [8192] mysql_connect(): The mysql extension is deprecated and will be removed in the future: use mysqli or PDO instead D:\phpStudy\WWW\moka\ThinkPHP\Library\Think\Session\Driver\Db.class.php 第 104 行.
NOTIC: [8] Undefined index: sign D:\phpStudy\WWW\moka\Application\Api\Controller\BaseController.class.php 第 93 行.
SQL: SHOW COLUMNS FROM `mk_config` [ RunTime:0.0040s ]
SQL: SELECT `type`,`name`,`value` FROM `mk_config` WHERE `status` = 1  [ RunTime:0.0020s ]
SQL: SHOW COLUMNS FROM `mk_card` [ RunTime:0.0060s ]
NOTIC: [2] unlink(./Runtime/Temp/mk_768c7f1828f0d718c0bb46d22ca5a556.php): No such file or directory D:\phpStudy\WWW\moka\ThinkPHP\Library\Think\Cache\Driver\File.class.php 第 170 行.
SQL: SELECT * FROM `mk_card` WHERE `id` = 248 LIMIT 1   [ RunTime:0.0020s ]
SQL: UPDATE `mk_card` SET `great`='[1]',`great_num`='1' WHERE `id` = 248 [ RunTime:0.0030s ]

