[ 2018-06-19T11:02:38+08:00 ] 127.0.0.1 /api.php/Moka/getCardList
NOTIC: [8192] mysql_connect(): The mysql extension is deprecated and will be removed in the future: use mysqli or PDO instead D:\phpStudy\WWW\moka\ThinkPHP\Library\Think\Session\Driver\Db.class.php 第 104 行.
SQL: SHOW COLUMNS FROM `mk_member_openid` [ RunTime:0.0060s ]
NOTIC: [8] Undefined index: sign D:\phpStudy\WWW\moka\Application\Api\Controller\BaseController.class.php 第 93 行.
SQL: SHOW COLUMNS FROM `mk_config` [ RunTime:0.0050s ]
SQL: SELECT `type`,`name`,`value` FROM `mk_config` WHERE `status` = 1  [ RunTime:0.0010s ]

[ 2018-06-19T11:02:51+08:00 ] 127.0.0.1 /api/Moka/getCardList
NOTIC: [8192] mysql_connect(): The mysql extension is deprecated and will be removed in the future: use mysqli or PDO instead D:\phpStudy\WWW\moka\ThinkPHP\Library\Think\Session\Driver\Db.class.php 第 104 行.
SQL: SHOW COLUMNS FROM `mk_member_openid` [ RunTime:0.0050s ]
NOTIC: [8] Undefined index: sign D:\phpStudy\WWW\moka\Application\Api\Controller\BaseController.class.php 第 93 行.
SQL: SHOW COLUMNS FROM `mk_config` [ RunTime:0.0050s ]
SQL: SELECT `type`,`name`,`value` FROM `mk_config` WHERE `status` = 1  [ RunTime:0.0020s ]

[ 2018-06-19T11:02:58+08:00 ] 127.0.0.1 /api/moka/getCardList
NOTIC: [8192] mysql_connect(): The mysql extension is deprecated and will be removed in the future: use mysqli or PDO instead D:\phpStudy\WWW\moka\ThinkPHP\Library\Think\Session\Driver\Db.class.php 第 104 行.
SQL: SHOW COLUMNS FROM `mk_member_openid` [ RunTime:0.0060s ]
NOTIC: [8] Undefined index: sign D:\phpStudy\WWW\moka\Application\Api\Controller\BaseController.class.php 第 93 行.
SQL: SHOW COLUMNS FROM `mk_config` [ RunTime:0.0050s ]
SQL: SELECT `type`,`name`,`value` FROM `mk_config` WHERE `status` = 1  [ RunTime:0.0020s ]
SQL: SHOW COLUMNS FROM `mk_card` [ RunTime:0.0050s ]
SQL: SELECT `id` FROM `mk_card` WHERE `uid` = 1 AND `status` = 2 ORDER BY `id` desc LIMIT 0,3   [ RunTime:0.0020s ]
SQL: SELECT COUNT(*) AS tp_count FROM `mk_card` WHERE `uid` = 1 AND `status` = 2 LIMIT 1   [ RunTime:0.0010s ]
SQL: SELECT * FROM `mk_card` WHERE `id` = 248 LIMIT 1   [ RunTime:0.0010s ]
SQL: SELECT * FROM `mk_card` WHERE `id` = 247 LIMIT 1   [ RunTime:0.0010s ]
SQL: SELECT * FROM `mk_card` WHERE `id` = 240 LIMIT 1   [ RunTime:0.0010s ]
NOTIC: [8] Constant MOKA_WIDTH already defined D:\phpStudy\WWW\moka\Application\Api\Logic\MakeImageLogic.class.php 第 13 行.
NOTIC: [8] Constant MOKA_BOTTOM_HEIGHT already defined D:\phpStudy\WWW\moka\Application\Api\Logic\MakeImageLogic.class.php 第 14 行.
NOTIC: [8] Constant MOKA_QR_WIDTH already defined D:\phpStudy\WWW\moka\Application\Api\Logic\MakeImageLogic.class.php 第 15 行.
NOTIC: [8] Constant MOKA_FONT_SIZE already defined D:\phpStudy\WWW\moka\Application\Api\Logic\MakeImageLogic.class.php 第 16 行.
NOTIC: [2] Illegal string offset 'c' D:\phpStudy\WWW\moka\Application\Api\Logic\ApiLogic.class.php 第 147 行.

[ 2018-06-19T11:03:09+08:00 ] 127.0.0.1 /api/moka/getCardList
NOTIC: [8192] mysql_connect(): The mysql extension is deprecated and will be removed in the future: use mysqli or PDO instead D:\phpStudy\WWW\moka\ThinkPHP\Library\Think\Session\Driver\Db.class.php 第 104 行.
SQL: SHOW COLUMNS FROM `mk_member_openid` [ RunTime:0.0050s ]
NOTIC: [8] Undefined index: sign D:\phpStudy\WWW\moka\Application\Api\Controller\BaseController.class.php 第 93 行.
SQL: SHOW COLUMNS FROM `mk_config` [ RunTime:0.0040s ]
SQL: SELECT `type`,`name`,`value` FROM `mk_config` WHERE `status` = 1  [ RunTime:0.0020s ]

[ 2018-06-19T11:03:22+08:00 ] 127.0.0.1 /api/moka/getCardList
NOTIC: [8192] mysql_connect(): The mysql extension is deprecated and will be removed in the future: use mysqli or PDO instead D:\phpStudy\WWW\moka\ThinkPHP\Library\Think\Session\Driver\Db.class.php 第 104 行.
SQL: SHOW COLUMNS FROM `mk_member_openid` [ RunTime:0.0050s ]
NOTIC: [8] Undefined index: sign D:\phpStudy\WWW\moka\Application\Api\Controller\BaseController.class.php 第 93 行.
SQL: SHOW COLUMNS FROM `mk_config` [ RunTime:0.0040s ]
SQL: SELECT `type`,`name`,`value` FROM `mk_config` WHERE `status` = 1  [ RunTime:0.0010s ]

[ 2018-06-19T11:03:25+08:00 ] 127.0.0.1 /api/moka/getCardList
NOTIC: [8192] mysql_connect(): The mysql extension is deprecated and will be removed in the future: use mysqli or PDO instead D:\phpStudy\WWW\moka\ThinkPHP\Library\Think\Session\Driver\Db.class.php 第 104 行.
SQL: SHOW COLUMNS FROM `mk_member_openid` [ RunTime:0.0050s ]
NOTIC: [8] Undefined index: sign D:\phpStudy\WWW\moka\Application\Api\Controller\BaseController.class.php 第 93 行.
SQL: SHOW COLUMNS FROM `mk_config` [ RunTime:0.0050s ]
SQL: SELECT `type`,`name`,`value` FROM `mk_config` WHERE `status` = 1  [ RunTime:0.0010s ]

[ 2018-06-19T11:03:29+08:00 ] 127.0.0.1 /api/moka/getCardList
NOTIC: [8192] mysql_connect(): The mysql extension is deprecated and will be removed in the future: use mysqli or PDO instead D:\phpStudy\WWW\moka\ThinkPHP\Library\Think\Session\Driver\Db.class.php 第 104 行.
SQL: SHOW COLUMNS FROM `mk_member_openid` [ RunTime:0.0060s ]
NOTIC: [8] Undefined index: sign D:\phpStudy\WWW\moka\Application\Api\Controller\BaseController.class.php 第 93 行.
SQL: SHOW COLUMNS FROM `mk_config` [ RunTime:0.0050s ]
SQL: SELECT `type`,`name`,`value` FROM `mk_config` WHERE `status` = 1  [ RunTime:0.0020s ]

[ 2018-06-19T11:03:36+08:00 ] 127.0.0.1 /api/moka/getCardList
NOTIC: [8192] mysql_connect(): The mysql extension is deprecated and will be removed in the future: use mysqli or PDO instead D:\phpStudy\WWW\moka\ThinkPHP\Library\Think\Session\Driver\Db.class.php 第 104 行.
SQL: SHOW COLUMNS FROM `mk_member_openid` [ RunTime:0.0050s ]
NOTIC: [8] Undefined index: sign D:\phpStudy\WWW\moka\Application\Api\Controller\BaseController.class.php 第 93 行.
SQL: SHOW COLUMNS FROM `mk_config` [ RunTime:0.0050s ]
SQL: SELECT `type`,`name`,`value` FROM `mk_config` WHERE `status` = 1  [ RunTime:0.0010s ]

[ 2018-06-19T11:04:23+08:00 ] 127.0.0.1 /api/moka/getCardList
NOTIC: [8192] mysql_connect(): The mysql extension is deprecated and will be removed in the future: use mysqli or PDO instead D:\phpStudy\WWW\moka\ThinkPHP\Library\Think\Session\Driver\Db.class.php 第 104 行.
SQL: SHOW COLUMNS FROM `mk_member_openid` [ RunTime:0.0060s ]
NOTIC: [8] Undefined index: sign D:\phpStudy\WWW\moka\Application\Api\Controller\BaseController.class.php 第 93 行.
SQL: SHOW COLUMNS FROM `mk_config` [ RunTime:0.0050s ]
SQL: SELECT `type`,`name`,`value` FROM `mk_config` WHERE `status` = 1  [ RunTime:0.0010s ]
SQL: SHOW COLUMNS FROM `mk_card` [ RunTime:0.0050s ]
SQL: SELECT `id` FROM `mk_card` WHERE `uid` = 1 AND `status` = 2 ORDER BY `id` desc LIMIT 0,3   [ RunTime:0.0010s ]
SQL: SELECT COUNT(*) AS tp_count FROM `mk_card` WHERE `uid` = 1 AND `status` = 2 LIMIT 1   [ RunTime:0.0020s ]
SQL: SELECT * FROM `mk_card` WHERE `id` = 248 LIMIT 1   [ RunTime:0.0010s ]
SQL: SELECT * FROM `mk_card` WHERE `id` = 247 LIMIT 1   [ RunTime:0.0010s ]
SQL: SELECT * FROM `mk_card` WHERE `id` = 240 LIMIT 1   [ RunTime:0.0010s ]
NOTIC: [8] Constant MOKA_WIDTH already defined D:\phpStudy\WWW\moka\Application\Api\Logic\MakeImageLogic.class.php 第 13 行.
NOTIC: [8] Constant MOKA_BOTTOM_HEIGHT already defined D:\phpStudy\WWW\moka\Application\Api\Logic\MakeImageLogic.class.php 第 14 行.
NOTIC: [8] Constant MOKA_QR_WIDTH already defined D:\phpStudy\WWW\moka\Application\Api\Logic\MakeImageLogic.class.php 第 15 行.
NOTIC: [8] Constant MOKA_FONT_SIZE already defined D:\phpStudy\WWW\moka\Application\Api\Logic\MakeImageLogic.class.php 第 16 行.
NOTIC: [2] Illegal string offset 'c' D:\phpStudy\WWW\moka\Application\Api\Logic\ApiLogic.class.php 第 147 行.

[ 2018-06-19T11:04:28+08:00 ] 127.0.0.1 /api/new/moka/getCardList
NOTIC: [8192] mysql_connect(): The mysql extension is deprecated and will be removed in the future: use mysqli or PDO instead D:\phpStudy\WWW\moka\ThinkPHP\Library\Think\Session\Driver\Db.class.php 第 104 行.
SQL: SHOW COLUMNS FROM `mk_member_openid` [ RunTime:0.0050s ]
NOTIC: [8] Undefined index: sign D:\phpStudy\WWW\moka\Application\Api\Controller\BaseController.class.php 第 93 行.
SQL: SHOW COLUMNS FROM `mk_config` [ RunTime:0.0050s ]
SQL: SELECT `type`,`name`,`value` FROM `mk_config` WHERE `status` = 1  [ RunTime:0.0020s ]

[ 2018-06-19T11:04:35+08:00 ] 127.0.0.1 /api/new/moka/getCardList
NOTIC: [8192] mysql_connect(): The mysql extension is deprecated and will be removed in the future: use mysqli or PDO instead D:\phpStudy\WWW\moka\ThinkPHP\Library\Think\Session\Driver\Db.class.php 第 104 行.
SQL: SHOW COLUMNS FROM `mk_member_openid` [ RunTime:0.0050s ]
NOTIC: [8] Undefined index: sign D:\phpStudy\WWW\moka\Application\Api\Controller\BaseController.class.php 第 93 行.
SQL: SHOW COLUMNS FROM `mk_config` [ RunTime:0.0060s ]
SQL: SELECT `type`,`name`,`value` FROM `mk_config` WHERE `status` = 1  [ RunTime:0.0020s ]

