[ 2018-05-22T14:07:44+08:00 ] 127.0.0.1 /api.php/Moka/getHotModel
NOTIC: [8] Undefined index: sign D:\phpStudy\WWW\moka\Application\Api\Controller\BaseController.class.php 第 93 行.
SQL: SHOW COLUMNS FROM `mk_config` [ RunTime:0.0050s ]
SQL: SELECT `type`,`name`,`value` FROM `mk_config` WHERE `status` = 1  [ RunTime:0.0020s ]
SQL: SHOW COLUMNS FROM `mk_member_info` [ RunTime:0.0060s ]
SQL: SELECT `uid`,`thumb`,`height`,`weight`,`chestline`,`waistline`,`hipline`,`clicks` FROM `mk_member_info` ORDER BY `clicks` desc,`uid` asc LIMIT 0,3   [ RunTime:0.0010s ]
NOTIC: [8] Undefined index: where D:\phpStudy\WWW\moka\Application\Common\Model\CommonModel.class.php 第 140 行.
SQL: SELECT COUNT(*) AS tp_count FROM `mk_member_info` LIMIT 1   [ RunTime:0.0010s ]

[ 2018-05-22T14:10:37+08:00 ] 127.0.0.1 /api.php/Moka/getModelBySearch
NOTIC: [8] Undefined index: sign D:\phpStudy\WWW\moka\Application\Api\Controller\BaseController.class.php 第 93 行.
SQL: SHOW COLUMNS FROM `mk_config` [ RunTime:0.0050s ]
SQL: SELECT `type`,`name`,`value` FROM `mk_config` WHERE `status` = 1  [ RunTime:0.0010s ]
SQL: SHOW COLUMNS FROM `mk_member_info` [ RunTime:0.0040s ]
SQL: SELECT `uid`,`thumb`,`openid`,`height`,`weight`,`chestline`,`waistline`,`hipline`,`clicks` FROM `mk_member_info` ORDER BY `clicks` desc,`uid` asc LIMIT 0,8   [ RunTime:0.0010s ]
NOTIC: [8] Undefined index: where D:\phpStudy\WWW\moka\Application\Common\Model\CommonModel.class.php 第 140 行.
SQL: SELECT COUNT(*) AS tp_count FROM `mk_member_info` LIMIT 1   [ RunTime:0.0010s ]
SQL: SELECT `uid`,`thumb`,`openid`,`height`,`weight`,`chestline`,`waistline`,`hipline`,`clicks` FROM `mk_member_info` WHERE `openid` IN ('6880397C-6913-0E98-CEBC-B9EDB2C2C82C','E824CA4A-E4EC-DDF5-D964-40E51A32F564')  [ RunTime:0.0010s ]
SQL: SHOW COLUMNS FROM `mk_card` [ RunTime:0.0050s ]
SQL: SELECT `great`,`great_num`,`uid`,`id`,`pic_json` FROM `mk_card` WHERE `uid` = 1 AND `status` = 2 ORDER BY `great_num` desc,`id` asc LIMIT 1   [ RunTime:0.0010s ]
SQL: SELECT `great`,`great_num`,`uid`,`id`,`pic_json` FROM `mk_card` WHERE `uid` = 9 AND `status` = 2 ORDER BY `great_num` desc,`id` asc LIMIT 1   [ RunTime:0.0010s ]

[ 2018-05-22T14:13:09+08:00 ] 127.0.0.1 /api.php/Moka/getModelBySearch
NOTIC: [8] Undefined index: sign D:\phpStudy\WWW\moka\Application\Api\Controller\BaseController.class.php 第 93 行.
SQL: SHOW COLUMNS FROM `mk_config` [ RunTime:0.0050s ]
SQL: SELECT `type`,`name`,`value` FROM `mk_config` WHERE `status` = 1  [ RunTime:0.0010s ]
SQL: SHOW COLUMNS FROM `mk_member_info` [ RunTime:0.0050s ]
SQL: SELECT `uid`,`thumb`,`openid`,`height`,`weight`,`chestline`,`waistline`,`hipline`,`clicks` FROM `mk_member_info` ORDER BY `clicks` desc,`uid` asc LIMIT 0,8   [ RunTime:0.0020s ]
NOTIC: [8] Undefined index: where D:\phpStudy\WWW\moka\Application\Common\Model\CommonModel.class.php 第 140 行.
SQL: SELECT COUNT(*) AS tp_count FROM `mk_member_info` LIMIT 1   [ RunTime:0.0010s ]
SQL: SELECT `uid`,`thumb`,`openid`,`height`,`weight`,`chestline`,`waistline`,`hipline`,`clicks` FROM `mk_member_info` WHERE `openid` IN ('6880397C-6913-0E98-CEBC-B9EDB2C2C82C','E824CA4A-E4EC-DDF5-D964-40E51A32F564')  [ RunTime:0.0010s ]
SQL: SHOW COLUMNS FROM `mk_card` [ RunTime:0.0050s ]
SQL: SELECT `great`,`great_num`,`uid`,`id`,`pic_json` FROM `mk_card` WHERE `uid` = 1 AND `status` = 2 ORDER BY `great_num` desc,`id` asc LIMIT 1   [ RunTime:0.0010s ]
SQL: SELECT `great`,`great_num`,`uid`,`id`,`pic_json` FROM `mk_card` WHERE `uid` = 9 AND `status` = 2 ORDER BY `great_num` desc,`id` asc LIMIT 1   [ RunTime:0.0010s ]

[ 2018-05-22T14:13:29+08:00 ] 127.0.0.1 /api.php/Moka/collectMoka
NOTIC: [8] Undefined index: sign D:\phpStudy\WWW\moka\Application\Api\Controller\BaseController.class.php 第 93 行.
SQL: SHOW COLUMNS FROM `mk_config` [ RunTime:0.0050s ]
SQL: SELECT `type`,`name`,`value` FROM `mk_config` WHERE `status` = 1  [ RunTime:0.0010s ]
SQL: SHOW COLUMNS FROM `mk_collect` [ RunTime:0.0040s ]
SQL: SELECT * FROM `mk_collect` WHERE `uid` = 1 LIMIT 1   [ RunTime:0.0010s ]
SQL: UPDATE `mk_collect` SET `id`='1',`collects`='[250]',`create_time`='1526961174' WHERE `uid` = 1 [ RunTime:0.0280s ]

[ 2018-05-22T14:13:39+08:00 ] 127.0.0.1 /api.php/Moka/giveMeFive
NOTIC: [8] Undefined index: sign D:\phpStudy\WWW\moka\Application\Api\Controller\BaseController.class.php 第 93 行.
SQL: SHOW COLUMNS FROM `mk_config` [ RunTime:0.0050s ]
SQL: SELECT `type`,`name`,`value` FROM `mk_config` WHERE `status` = 1  [ RunTime:0.0010s ]
SQL: SHOW COLUMNS FROM `mk_card` [ RunTime:0.0050s ]
NOTIC: [2] unlink(./Runtime/Temp/mk_cdff6f76036950f3d78f66d1525a887f.php): No such file or directory D:\phpStudy\WWW\moka\ThinkPHP\Library\Think\Cache\Driver\File.class.php 第 170 行.
SQL: SELECT * FROM `mk_card` WHERE `id` = 250 LIMIT 1   [ RunTime:0.0020s ]
SQL: UPDATE `mk_card` SET `great`='[1]',`great_num`='1' WHERE `id` = 250 [ RunTime:0.0030s ]

[ 2018-05-22T14:13:48+08:00 ] 127.0.0.1 /api.php/Moka/getModelBySearch
NOTIC: [8] Undefined index: sign D:\phpStudy\WWW\moka\Application\Api\Controller\BaseController.class.php 第 93 行.
SQL: SHOW COLUMNS FROM `mk_config` [ RunTime:0.0050s ]
SQL: SELECT `type`,`name`,`value` FROM `mk_config` WHERE `status` = 1  [ RunTime:0.0010s ]
SQL: SHOW COLUMNS FROM `mk_member_info` [ RunTime:0.0040s ]
SQL: SELECT `uid`,`thumb`,`openid`,`height`,`weight`,`chestline`,`waistline`,`hipline`,`clicks` FROM `mk_member_info` ORDER BY `clicks` desc,`uid` asc LIMIT 0,8   [ RunTime:0.0010s ]
NOTIC: [8] Undefined index: where D:\phpStudy\WWW\moka\Application\Common\Model\CommonModel.class.php 第 140 行.
SQL: SELECT COUNT(*) AS tp_count FROM `mk_member_info` LIMIT 1   [ RunTime:0.0010s ]
SQL: SELECT `uid`,`thumb`,`openid`,`height`,`weight`,`chestline`,`waistline`,`hipline`,`clicks` FROM `mk_member_info` WHERE `openid` IN ('6880397C-6913-0E98-CEBC-B9EDB2C2C82C','E824CA4A-E4EC-DDF5-D964-40E51A32F564')  [ RunTime:0.0010s ]
SQL: SHOW COLUMNS FROM `mk_card` [ RunTime:0.0040s ]
SQL: SELECT `great`,`great_num`,`uid`,`id`,`pic_json` FROM `mk_card` WHERE `uid` = 1 AND `status` = 2 ORDER BY `great_num` desc,`id` asc LIMIT 1   [ RunTime:0.0010s ]
SQL: SELECT `great`,`great_num`,`uid`,`id`,`pic_json` FROM `mk_card` WHERE `uid` = 9 AND `status` = 2 ORDER BY `great_num` desc,`id` asc LIMIT 1   [ RunTime:0.0010s ]

[ 2018-05-22T14:17:55+08:00 ] 127.0.0.1 /api.php/Moka/getModelBySearch
NOTIC: [8] Undefined index: sign D:\phpStudy\WWW\moka\Application\Api\Controller\BaseController.class.php 第 93 行.
SQL: SHOW COLUMNS FROM `mk_config` [ RunTime:0.0040s ]
SQL: SELECT `type`,`name`,`value` FROM `mk_config` WHERE `status` = 1  [ RunTime:0.0010s ]
SQL: SHOW COLUMNS FROM `mk_member_info` [ RunTime:0.0040s ]
SQL: SELECT `uid`,`thumb`,`openid`,`height`,`weight`,`chestline`,`waistline`,`hipline`,`clicks` FROM `mk_member_info` ORDER BY `clicks` desc,`uid` asc LIMIT 0,8   [ RunTime:0.0010s ]
NOTIC: [8] Undefined index: where D:\phpStudy\WWW\moka\Application\Common\Model\CommonModel.class.php 第 140 行.
SQL: SELECT COUNT(*) AS tp_count FROM `mk_member_info` LIMIT 1   [ RunTime:0.0010s ]
SQL: SELECT `uid`,`thumb`,`openid`,`height`,`weight`,`chestline`,`waistline`,`hipline`,`clicks` FROM `mk_member_info` WHERE `openid` IN ('6880397C-6913-0E98-CEBC-B9EDB2C2C82C','E824CA4A-E4EC-DDF5-D964-40E51A32F564')  [ RunTime:0.0010s ]
SQL: SHOW COLUMNS FROM `mk_card` [ RunTime:0.0050s ]
NOTIC: [2048] Declaration of Common\Model\StyleModel::getList() should be compatible with Common\Model\CommonModel::getList($param, $return_total = false) D:\phpStudy\WWW\moka\Application\Common\Model\StyleModel.class.php 第 137 行.
SQL: SHOW COLUMNS FROM `mk_style` [ RunTime:0.0040s ]
SQL: SELECT `s_id`,`great`,`great_num`,`uid`,`id`,`pic_json` FROM `mk_card` WHERE `uid` = 1 AND `status` = 2 ORDER BY `great_num` desc,`id` asc LIMIT 1   [ RunTime:0.0010s ]
SQL: SELECT * FROM `mk_style` WHERE `id` = 3 LIMIT 1   [ RunTime:0.0010s ]
SQL: SELECT `s_id`,`great`,`great_num`,`uid`,`id`,`pic_json` FROM `mk_card` WHERE `uid` = 9 AND `status` = 2 ORDER BY `great_num` desc,`id` asc LIMIT 1   [ RunTime:0.0010s ]
SQL: SELECT * FROM `mk_style` WHERE `id` = 1 LIMIT 1   [ RunTime:0.0010s ]

[ 2018-05-22T14:18:32+08:00 ] 127.0.0.1 /api.php/Moka/getModelBySearch
NOTIC: [8] Undefined index: sign D:\phpStudy\WWW\moka\Application\Api\Controller\BaseController.class.php 第 93 行.
SQL: SHOW COLUMNS FROM `mk_config` [ RunTime:0.0040s ]
SQL: SELECT `type`,`name`,`value` FROM `mk_config` WHERE `status` = 1  [ RunTime:0.0020s ]
SQL: SHOW COLUMNS FROM `mk_member_info` [ RunTime:0.0050s ]
SQL: SELECT `uid`,`thumb`,`openid`,`height`,`weight`,`chestline`,`waistline`,`hipline`,`clicks` FROM `mk_member_info` ORDER BY `clicks` desc,`uid` asc LIMIT 0,8   [ RunTime:0.0010s ]
NOTIC: [8] Undefined index: where D:\phpStudy\WWW\moka\Application\Common\Model\CommonModel.class.php 第 140 行.
SQL: SELECT COUNT(*) AS tp_count FROM `mk_member_info` LIMIT 1   [ RunTime:0.0010s ]
SQL: SELECT `uid`,`thumb`,`openid`,`height`,`weight`,`chestline`,`waistline`,`hipline`,`clicks` FROM `mk_member_info` WHERE `openid` IN ('6880397C-6913-0E98-CEBC-B9EDB2C2C82C','E824CA4A-E4EC-DDF5-D964-40E51A32F564')  [ RunTime:0.0020s ]
SQL: SHOW COLUMNS FROM `mk_card` [ RunTime:0.0050s ]
NOTIC: [2048] Declaration of Common\Model\StyleModel::getList() should be compatible with Common\Model\CommonModel::getList($param, $return_total = false) D:\phpStudy\WWW\moka\Application\Common\Model\StyleModel.class.php 第 137 行.
SQL: SHOW COLUMNS FROM `mk_style` [ RunTime:0.0040s ]
SQL: SELECT `s_id`,`great_num`,`uid`,`id`,`great`,`pic_json` FROM `mk_card` WHERE `uid` = 1 AND `status` = 2 ORDER BY `great_num` desc,`id` asc LIMIT 1   [ RunTime:0.0020s ]
SQL: SELECT `s_id`,`great_num`,`uid`,`id`,`great`,`pic_json` FROM `mk_card` WHERE `uid` = 9 AND `status` = 2 ORDER BY `great_num` desc,`id` asc LIMIT 1   [ RunTime:0.0010s ]

[ 2018-05-22T14:26:18+08:00 ] 127.0.0.1 /api.php/Moka/getModelBySearch
NOTIC: [8] Undefined index: sign D:\phpStudy\WWW\moka\Application\Api\Controller\BaseController.class.php 第 93 行.
SQL: SHOW COLUMNS FROM `mk_config` [ RunTime:0.0050s ]
SQL: SELECT `type`,`name`,`value` FROM `mk_config` WHERE `status` = 1  [ RunTime:0.0010s ]
SQL: SHOW COLUMNS FROM `mk_member_info` [ RunTime:0.0050s ]
SQL: SELECT `uid`,`thumb`,`openid`,`height`,`weight`,`chestline`,`waistline`,`hipline`,`clicks` FROM `mk_member_info` ORDER BY `clicks` desc,`uid` asc LIMIT 0,8   [ RunTime:0.0010s ]
NOTIC: [8] Undefined index: where D:\phpStudy\WWW\moka\Application\Common\Model\CommonModel.class.php 第 140 行.
SQL: SELECT COUNT(*) AS tp_count FROM `mk_member_info` LIMIT 1   [ RunTime:0.0010s ]
SQL: SELECT `uid`,`thumb`,`openid`,`height`,`weight`,`chestline`,`waistline`,`hipline`,`clicks` FROM `mk_member_info` WHERE `openid` IN ('6880397C-6913-0E98-CEBC-B9EDB2C2C82C','E824CA4A-E4EC-DDF5-D964-40E51A32F564')  [ RunTime:0.0020s ]
SQL: SHOW COLUMNS FROM `mk_card` [ RunTime:0.0040s ]
NOTIC: [2048] Declaration of Common\Model\StyleModel::getList() should be compatible with Common\Model\CommonModel::getList($param, $return_total = false) D:\phpStudy\WWW\moka\Application\Common\Model\StyleModel.class.php 第 137 行.
SQL: SHOW COLUMNS FROM `mk_style` [ RunTime:0.0050s ]
SQL: SHOW COLUMNS FROM `mk_collect` [ RunTime:0.0050s ]
SQL: SELECT `s_id`,`great_num`,`uid`,`id`,`great`,`pic_json` FROM `mk_card` WHERE `uid` = 1 AND `status` = 2 ORDER BY `great_num` desc,`id` asc LIMIT 1   [ RunTime:0.0010s ]
SQL: SELECT * FROM `mk_collect` WHERE `uid` = 1 LIMIT 1   [ RunTime:0.0010s ]
SQL: SELECT `s_id`,`great_num`,`uid`,`id`,`great`,`pic_json` FROM `mk_card` WHERE `uid` = 9 AND `status` = 2 ORDER BY `great_num` desc,`id` asc LIMIT 1   [ RunTime:0.0020s ]

[ 2018-05-22T15:54:13+08:00 ] 127.0.0.1 /api.php/Moka/setClicks
NOTIC: [8] Undefined index: sign D:\phpStudy\WWW\moka\Application\Api\Controller\BaseController.class.php 第 93 行.
SQL: SHOW COLUMNS FROM `mk_config` [ RunTime:0.0050s ]
SQL: SELECT `type`,`name`,`value` FROM `mk_config` WHERE `status` = 1  [ RunTime:0.0020s ]

[ 2018-05-22T15:54:22+08:00 ] 127.0.0.1 /api.php/Moka/setClicks
NOTIC: [8] Undefined index: sign D:\phpStudy\WWW\moka\Application\Api\Controller\BaseController.class.php 第 93 行.
SQL: SHOW COLUMNS FROM `mk_config` [ RunTime:0.0050s ]
SQL: SELECT `type`,`name`,`value` FROM `mk_config` WHERE `status` = 1  [ RunTime:0.0010s ]
SQL: SHOW COLUMNS FROM `mk_member_info` [ RunTime:0.0050s ]
SQL: SELECT * FROM `mk_member_info` WHERE `uid` = 9 LIMIT 1   [ RunTime:0.0010s ]
NOTIC: [2] Illegal offset type in isset or empty D:\phpStudy\WWW\moka\ThinkPHP\Library\Think\Model.class.php 第 473 行.
SQL: UPDATE `mk_member_info` SET `clicks`='1' WHERE `uid` = 9 [ RunTime:0.0020s ]
NOTIC: [2] unlink(./Runtime/Temp/mk_ce009e42c75cab9a66afc69b9bf9eaae.php): No such file or directory D:\phpStudy\WWW\moka\ThinkPHP\Library\Think\Cache\Driver\File.class.php 第 170 行.

[ 2018-05-22T15:54:36+08:00 ] 127.0.0.1 /api.php/Moka/setClicks
NOTIC: [8] Undefined index: sign D:\phpStudy\WWW\moka\Application\Api\Controller\BaseController.class.php 第 93 行.
SQL: SHOW COLUMNS FROM `mk_config` [ RunTime:0.0050s ]
SQL: SELECT `type`,`name`,`value` FROM `mk_config` WHERE `status` = 1  [ RunTime:0.0020s ]
SQL: SHOW COLUMNS FROM `mk_member_info` [ RunTime:0.0050s ]
SQL: SELECT * FROM `mk_member_info` WHERE `uid` = 9 LIMIT 1   [ RunTime:0.0020s ]
NOTIC: [2] Illegal offset type in isset or empty D:\phpStudy\WWW\moka\ThinkPHP\Library\Think\Model.class.php 第 473 行.
SQL: UPDATE `mk_member_info` SET `clicks`='2' WHERE `uid` = 9 [ RunTime:0.0020s ]
NOTIC: [2] unlink(./Runtime/Temp/mk_ce009e42c75cab9a66afc69b9bf9eaae.php): No such file or directory D:\phpStudy\WWW\moka\ThinkPHP\Library\Think\Cache\Driver\File.class.php 第 170 行.

[ 2018-05-22T16:15:26+08:00 ] 127.0.0.1 /api.php/Moka/myCollect
NOTIC: [8] Undefined index: sign D:\phpStudy\WWW\moka\Application\Api\Controller\BaseController.class.php 第 93 行.
SQL: SHOW COLUMNS FROM `mk_config` [ RunTime:0.0050s ]
SQL: SELECT `type`,`name`,`value` FROM `mk_config` WHERE `status` = 1  [ RunTime:0.0010s ]
SQL: SHOW COLUMNS FROM `mk_collect` [ RunTime:0.0050s ]
SQL: SELECT * FROM `mk_collect` WHERE `uid` = 1 LIMIT 1   [ RunTime:0.0010s ]
SQL: select m.uid,m.thumb,m.nickname,m.height,m.weight,m.chestline,m.waistline,m.hipline,c.pic_json,c.id as cid from mk_card as c left join mk_member_info as m on c.uid=m.uid where c.id in(250) [ RunTime:0.0010s ]

[ 2018-05-22T16:44:10+08:00 ] 127.0.0.1 /api.php/Moka/getModelEnable
NOTIC: [8] Undefined index: sign D:\phpStudy\WWW\moka\Application\Api\Controller\BaseController.class.php 第 93 行.
SQL: SHOW COLUMNS FROM `mk_config` [ RunTime:0.0050s ]
SQL: SELECT `type`,`name`,`value` FROM `mk_config` WHERE `status` = 1  [ RunTime:0.0010s ]

[ 2018-05-22T16:45:43+08:00 ] 127.0.0.1 /api.php/Moka/getHotModel
NOTIC: [8] Undefined index: sign D:\phpStudy\WWW\moka\Application\Api\Controller\BaseController.class.php 第 93 行.
SQL: SHOW COLUMNS FROM `mk_config` [ RunTime:0.0050s ]
SQL: SELECT `type`,`name`,`value` FROM `mk_config` WHERE `status` = 1  [ RunTime:0.0010s ]
SQL: SHOW COLUMNS FROM `mk_member_info` [ RunTime:0.0050s ]
SQL: SELECT `uid`,`thumb`,`openid`,`height`,`weight`,`chestline`,`waistline`,`hipline`,`clicks` FROM `mk_member_info` ORDER BY `clicks` desc,`uid` asc LIMIT 0,3   [ RunTime:0.0010s ]
NOTIC: [8] Undefined index: where D:\phpStudy\WWW\moka\Application\Common\Model\CommonModel.class.php 第 140 行.
SQL: SELECT COUNT(*) AS tp_count FROM `mk_member_info` LIMIT 1   [ RunTime:0.0010s ]
SQL: SELECT `uid`,`thumb`,`openid`,`height`,`weight`,`chestline`,`waistline`,`hipline`,`clicks` FROM `mk_member_info` WHERE `openid` IN ('E824CA4A-E4EC-DDF5-D964-40E51A32F564','6880397C-6913-0E98-CEBC-B9EDB2C2C82C')  [ RunTime:0.0010s ]

[ 2018-05-22T16:46:21+08:00 ] 127.0.0.1 /api.php/Moka/getHotModel
NOTIC: [8] Undefined index: sign D:\phpStudy\WWW\moka\Application\Api\Controller\BaseController.class.php 第 93 行.
SQL: SHOW COLUMNS FROM `mk_config` [ RunTime:0.0050s ]
SQL: SELECT `type`,`name`,`value` FROM `mk_config` WHERE `status` = 1  [ RunTime:0.0010s ]

