[ 2018-06-13T13:55:36+08:00 ] 127.0.0.1 /api.php/V2/MokaNew/getUinfo
ERR: 无法加载控制器:V2

[ 2018-06-13T13:55:48+08:00 ] 127.0.0.1 /api.php/Moka/getCardInfo
NOTIC: [8] Undefined index: sign D:\phpStudy\WWW\moka\Application\Api\Controller\BaseController.class.php 第 93 行.
SQL: SHOW COLUMNS FROM `mk_config` [ RunTime:0.0050s ]
SQL: SELECT `type`,`name`,`value` FROM `mk_config` WHERE `status` = 1  [ RunTime:0.0020s ]
SQL: SHOW COLUMNS FROM `mk_card` [ RunTime:0.0050s ]
SQL: SELECT * FROM `mk_card` WHERE `id` = 256 LIMIT 1   [ RunTime:0.0010s ]
NOTIC: [2] unlink(./Runtime/Temp/mk_6d5c5795407e63ede63290f93f5c2a4d.php): No such file or directory D:\phpStudy\WWW\moka\ThinkPHP\Library\Think\Cache\Driver\File.class.php 第 170 行.
NOTIC: [8] Undefined index: qr D:\phpStudy\WWW\moka\Application\Api\Controller\MokaController.class.php 第 197 行.
NOTIC: [8] Undefined index: pic_json D:\phpStudy\WWW\moka\Application\Api\Controller\MokaController.class.php 第 198 行.
NOTIC: [2] Invalid argument supplied for foreach() D:\phpStudy\WWW\moka\Application\Api\Controller\MokaController.class.php 第 200 行.
NOTIC: [8] Undefined index: create_time D:\phpStudy\WWW\moka\Application\Api\Controller\MokaController.class.php 第 206 行.
NOTIC: [8] Undefined index: uid D:\phpStudy\WWW\moka\Application\Api\Controller\MokaController.class.php 第 208 行.
SQL: SELECT * FROM `mk_card`  [ RunTime:0.0050s ]
SQL: SELECT COUNT(*) AS tp_count FROM `mk_card` LIMIT 1   [ RunTime:0.0010s ]

[ 2018-06-13T13:56:20+08:00 ] 127.0.0.1 /api.php/V2/MokaNew/getCardInfo
ERR: 无法加载控制器:V2

[ 2018-06-13T13:56:30+08:00 ] 127.0.0.1 /api.php/V2/MokaNew/getCardInfo
ERR: 无法加载控制器:V2

[ 2018-06-13T13:59:18+08:00 ] 127.0.0.1 /api.php/MokaNew/getCardInfo
NOTIC: [8] Undefined index: sign D:\phpStudy\WWW\moka\Application\Api\Controller\BaseController.class.php 第 93 行.
SQL: SHOW COLUMNS FROM `mk_config` [ RunTime:0.0040s ]
SQL: SELECT `type`,`name`,`value` FROM `mk_config` WHERE `status` = 1  [ RunTime:0.0010s ]
NOTIC: [8] Constant MOKA_WIDTH already defined D:\phpStudy\WWW\moka\Application\Api\Logic\MakeImageLogic.class.php 第 13 行.
NOTIC: [8] Constant MOKA_BOTTOM_HEIGHT already defined D:\phpStudy\WWW\moka\Application\Api\Logic\MakeImageLogic.class.php 第 14 行.
NOTIC: [8] Constant MOKA_QR_WIDTH already defined D:\phpStudy\WWW\moka\Application\Api\Logic\MakeImageLogic.class.php 第 15 行.
NOTIC: [8] Constant MOKA_FONT_SIZE already defined D:\phpStudy\WWW\moka\Application\Api\Logic\MakeImageLogic.class.php 第 16 行.
SQL: SHOW COLUMNS FROM `mk_card` [ RunTime:0.0050s ]
NOTIC: [2] unlink(./Runtime/Temp/mk_6d5c5795407e63ede63290f93f5c2a4d.php): No such file or directory D:\phpStudy\WWW\moka\ThinkPHP\Library\Think\Cache\Driver\File.class.php 第 170 行.
SQL: SELECT * FROM `mk_card` WHERE `id` = 256 LIMIT 1   [ RunTime:0.0010s ]
NOTIC: [2] unlink(./Runtime/Temp/mk_6d5c5795407e63ede63290f93f5c2a4d.php): No such file or directory D:\phpStudy\WWW\moka\ThinkPHP\Library\Think\Cache\Driver\File.class.php 第 170 行.
NOTIC: [8] Undefined index: qr D:\phpStudy\WWW\moka\Application\Api\Logic\ApiLogic.class.php 第 156 行.
NOTIC: [8] Undefined index: pic_json D:\phpStudy\WWW\moka\Application\Api\Logic\ApiLogic.class.php 第 157 行.
NOTIC: [2] Invalid argument supplied for foreach() D:\phpStudy\WWW\moka\Application\Api\Logic\ApiLogic.class.php 第 159 行.
NOTIC: [8] Undefined index: create_time D:\phpStudy\WWW\moka\Application\Api\Logic\ApiLogic.class.php 第 165 行.
NOTIC: [8] Undefined index: uid D:\phpStudy\WWW\moka\Application\Api\Logic\ApiLogic.class.php 第 167 行.
SQL: SELECT `id` FROM `mk_card` WHERE `status` = 2 AND `uid` = 0 ORDER BY `id` desc LIMIT 0,3   [ RunTime:0.0010s ]
SQL: SELECT COUNT(*) AS tp_count FROM `mk_card` WHERE `status` = 2 AND `uid` = 0 LIMIT 1   [ RunTime:0.0010s ]

[ 2018-06-13T13:59:34+08:00 ] 127.0.0.1 /api.php/MokaNew/getCardInfo
ERR: 无法加载控制器:MokaNew

[ 2018-06-13T14:00:13+08:00 ] 127.0.0.1 /api.php/Api/MokaNew/getCardInfo
ERR: 无法加载控制器:Api

[ 2018-06-13T14:44:49+08:00 ] 127.0.0.1 /api.php/MokaNew/getUinfo
NOTIC: [8] Undefined index: sign D:\phpStudy\WWW\moka\Application\Api\Controller\BaseController.class.php 第 93 行.
SQL: SHOW COLUMNS FROM `mk_config` [ RunTime:0.0050s ]
SQL: SELECT `type`,`name`,`value` FROM `mk_config` WHERE `status` = 1  [ RunTime:0.0010s ]

[ 2018-06-13T14:45:14+08:00 ] 127.0.0.1 /api.php/MokaNew/getUinfo
SQL: SHOW COLUMNS FROM `mk_member_openid` [ RunTime:0.0050s ]
SQL: SELECT * FROM `mk_member_openid` WHERE `open_id` = '6880397C-6913-0E98-CEBC-B9EDB2C2C82C' LIMIT 1   [ RunTime:0.0020s ]
NOTIC: [8] Undefined index: sign D:\phpStudy\WWW\moka\Application\Api\Controller\BaseController.class.php 第 93 行.
SQL: SHOW COLUMNS FROM `mk_config` [ RunTime:0.0040s ]
SQL: SELECT `type`,`name`,`value` FROM `mk_config` WHERE `status` = 1  [ RunTime:0.0010s ]
SQL: SHOW COLUMNS FROM `mk_member_info` [ RunTime:0.0050s ]
SQL: SELECT * FROM `mk_member_info` WHERE ( uid="1" ) LIMIT 1   [ RunTime:0.0010s ]

[ 2018-06-13T14:53:51+08:00 ] 127.0.0.1 /apinew.php/MokaNew/getUinfo
ERR: 无法加载控制器:MokaNew

[ 2018-06-13T14:54:07+08:00 ] 127.0.0.1 /apinew.php/Moka/getUinfo
ERR: 无法加载控制器:Moka

[ 2018-06-13T14:55:17+08:00 ] 127.0.0.1 /apinew.php/Moka/getUinfo
ERR: 无法加载控制器:Moka

[ 2018-06-13T14:55:40+08:00 ] 127.0.0.1 /apinew/Moka/getUinfo
ERR: 无法加载控制器:Moka

[ 2018-06-13T14:56:58+08:00 ] 127.0.0.1 /apinew.php/Moka/getUinfo
ERR: 无法加载控制器:Moka

[ 2018-06-13T14:57:34+08:00 ] 127.0.0.1 /apinew.php/Moka/getUinfo
ERR: 无法加载控制器:Moka

[ 2018-06-13T14:57:36+08:00 ] 127.0.0.1 /apinew.php/Moka/getUinfo
ERR: 无法加载控制器:Moka

[ 2018-06-13T14:57:37+08:00 ] 127.0.0.1 /apinew.php/Moka/getUinfo
ERR: 无法加载控制器:Moka

[ 2018-06-13T14:57:38+08:00 ] 127.0.0.1 /apinew.php/Moka/getUinfo
ERR: 无法加载控制器:Moka

[ 2018-06-13T14:59:59+08:00 ] 127.0.0.1 /api.php/Moka/getUinfo
NOTIC: [8] Undefined index: sign D:\phpStudy\WWW\moka\Application\Api\Controller\BaseController.class.php 第 93 行.
SQL: SHOW COLUMNS FROM `mk_config` [ RunTime:0.0050s ]
SQL: SELECT `type`,`name`,`value` FROM `mk_config` WHERE `status` = 1  [ RunTime:0.0010s ]

[ 2018-06-13T15:25:08+08:00 ] 127.0.0.1 /api.php/MokaOld/getCardList
SQL: SHOW COLUMNS FROM `mk_member_openid` [ RunTime:0.0050s ]
NOTIC: [8] Undefined index: sign D:\phpStudy\WWW\moka\Application\Api\Controller\BaseController.class.php 第 93 行.
SQL: SHOW COLUMNS FROM `mk_config` [ RunTime:0.0040s ]
SQL: SELECT `type`,`name`,`value` FROM `mk_config` WHERE `status` = 1  [ RunTime:0.0010s ]
SQL: SHOW COLUMNS FROM `mk_card` [ RunTime:0.0040s ]
SQL: SELECT `id` FROM `mk_card` WHERE `uid` = 1 AND `status` = 2 ORDER BY `id` desc  [ RunTime:0.0010s ]
SQL: SELECT COUNT(*) AS tp_count FROM `mk_card` WHERE `uid` = 1 AND `status` = 2 LIMIT 1   [ RunTime:0.0020s ]
SQL: SELECT * FROM `mk_card` WHERE `id` = 248 LIMIT 1   [ RunTime:0.0010s ]
SQL: SELECT * FROM `mk_card` WHERE `id` = 247 LIMIT 1   [ RunTime:0.0010s ]
SQL: SELECT * FROM `mk_card` WHERE `id` = 240 LIMIT 1   [ RunTime:0.0010s ]
SQL: SELECT * FROM `mk_card` WHERE `id` = 239 LIMIT 1   [ RunTime:0.0010s ]
SQL: SELECT * FROM `mk_card` WHERE `id` = 238 LIMIT 1   [ RunTime:0.0010s ]
SQL: SELECT * FROM `mk_card` WHERE `id` = 237 LIMIT 1   [ RunTime:0.0010s ]
SQL: SELECT * FROM `mk_card` WHERE `id` = 235 LIMIT 1   [ RunTime:0.0010s ]
SQL: SELECT * FROM `mk_card` WHERE `id` = 234 LIMIT 1   [ RunTime:0.0010s ]
SQL: SELECT * FROM `mk_card` WHERE `id` = 233 LIMIT 1   [ RunTime:0.0010s ]
SQL: SELECT * FROM `mk_card` WHERE `id` = 232 LIMIT 1   [ RunTime:0.0010s ]
SQL: SELECT * FROM `mk_card` WHERE `id` = 230 LIMIT 1   [ RunTime:0.0010s ]
SQL: SELECT * FROM `mk_card` WHERE `id` = 229 LIMIT 1   [ RunTime:0.0010s ]
SQL: SELECT * FROM `mk_card` WHERE `id` = 228 LIMIT 1   [ RunTime:0.0010s ]
SQL: SELECT * FROM `mk_card` WHERE `id` = 208 LIMIT 1   [ RunTime:0.0010s ]
SQL: SELECT * FROM `mk_card` WHERE `id` = 196 LIMIT 1   [ RunTime:0.0010s ]
SQL: SELECT * FROM `mk_card` WHERE `id` = 195 LIMIT 1   [ RunTime:0.0010s ]
SQL: SELECT * FROM `mk_card` WHERE `id` = 194 LIMIT 1   [ RunTime:0.0000s ]
SQL: SELECT * FROM `mk_card` WHERE `id` = 193 LIMIT 1   [ RunTime:0.0010s ]
SQL: SELECT * FROM `mk_card` WHERE `id` = 192 LIMIT 1   [ RunTime:0.0010s ]
SQL: SELECT * FROM `mk_card` WHERE `id` = 191 LIMIT 1   [ RunTime:0.0010s ]
SQL: SELECT * FROM `mk_card` WHERE `id` = 190 LIMIT 1   [ RunTime:0.0010s ]
SQL: SELECT * FROM `mk_card` WHERE `id` = 189 LIMIT 1   [ RunTime:0.0010s ]
SQL: SELECT * FROM `mk_card` WHERE `id` = 188 LIMIT 1   [ RunTime:0.0010s ]
SQL: SELECT * FROM `mk_card` WHERE `id` = 184 LIMIT 1   [ RunTime:0.0010s ]
SQL: SELECT * FROM `mk_card` WHERE `id` = 183 LIMIT 1   [ RunTime:0.0010s ]
SQL: SELECT * FROM `mk_card` WHERE `id` = 179 LIMIT 1   [ RunTime:0.0010s ]
SQL: SELECT * FROM `mk_card` WHERE `id` = 178 LIMIT 1   [ RunTime:0.0010s ]
SQL: SELECT * FROM `mk_card` WHERE `id` = 177 LIMIT 1   [ RunTime:0.0010s ]
SQL: SELECT * FROM `mk_card` WHERE `id` = 176 LIMIT 1   [ RunTime:0.0010s ]
SQL: SELECT * FROM `mk_card` WHERE `id` = 174 LIMIT 1   [ RunTime:0.0010s ]
SQL: SELECT * FROM `mk_card` WHERE `id` = 158 LIMIT 1   [ RunTime:0.0010s ]
SQL: SELECT * FROM `mk_card` WHERE `id` = 157 LIMIT 1   [ RunTime:0.0010s ]
SQL: SELECT * FROM `mk_card` WHERE `id` = 153 LIMIT 1   [ RunTime:0.0010s ]
SQL: SELECT * FROM `mk_card` WHERE `id` = 133 LIMIT 1   [ RunTime:0.0010s ]
SQL: SELECT * FROM `mk_card` WHERE `id` = 128 LIMIT 1   [ RunTime:0.0010s ]
SQL: SELECT * FROM `mk_card` WHERE `id` = 127 LIMIT 1   [ RunTime:0.0010s ]
SQL: SELECT * FROM `mk_card` WHERE `id` = 126 LIMIT 1   [ RunTime:0.0010s ]
SQL: SELECT * FROM `mk_card` WHERE `id` = 125 LIMIT 1   [ RunTime:0.0010s ]
SQL: SELECT * FROM `mk_card` WHERE `id` = 124 LIMIT 1   [ RunTime:0.0010s ]
SQL: SELECT * FROM `mk_card` WHERE `id` = 123 LIMIT 1   [ RunTime:0.0010s ]
SQL: SELECT * FROM `mk_card` WHERE `id` = 122 LIMIT 1   [ RunTime:0.0010s ]
SQL: SELECT * FROM `mk_card` WHERE `id` = 121 LIMIT 1   [ RunTime:0.0010s ]
SQL: SELECT * FROM `mk_card` WHERE `id` = 120 LIMIT 1   [ RunTime:0.0010s ]
SQL: SELECT * FROM `mk_card` WHERE `id` = 119 LIMIT 1   [ RunTime:0.0010s ]
SQL: SELECT * FROM `mk_card` WHERE `id` = 118 LIMIT 1   [ RunTime:0.0010s ]
SQL: SELECT * FROM `mk_card` WHERE `id` = 117 LIMIT 1   [ RunTime:0.0010s ]
SQL: SELECT * FROM `mk_card` WHERE `id` = 116 LIMIT 1   [ RunTime:0.0010s ]
SQL: SELECT * FROM `mk_card` WHERE `id` = 115 LIMIT 1   [ RunTime:0.0010s ]
SQL: SELECT * FROM `mk_card` WHERE `id` = 114 LIMIT 1   [ RunTime:0.0010s ]
SQL: SELECT * FROM `mk_card` WHERE `id` = 113 LIMIT 1   [ RunTime:0.0020s ]
SQL: SELECT * FROM `mk_card` WHERE `id` = 112 LIMIT 1   [ RunTime:0.0010s ]
SQL: SELECT * FROM `mk_card` WHERE `id` = 74 LIMIT 1   [ RunTime:0.0010s ]
SQL: SELECT * FROM `mk_card` WHERE `id` = 72 LIMIT 1   [ RunTime:0.0010s ]
SQL: SELECT * FROM `mk_card` WHERE `id` = 71 LIMIT 1   [ RunTime:0.0010s ]
SQL: SELECT * FROM `mk_card` WHERE `id` = 70 LIMIT 1   [ RunTime:0.0010s ]
SQL: SELECT * FROM `mk_card` WHERE `id` = 69 LIMIT 1   [ RunTime:0.0010s ]
SQL: SELECT * FROM `mk_card` WHERE `id` = 68 LIMIT 1   [ RunTime:0.0020s ]
SQL: SELECT * FROM `mk_card` WHERE `id` = 65 LIMIT 1   [ RunTime:0.0010s ]
SQL: SELECT * FROM `mk_card` WHERE `id` = 24 LIMIT 1   [ RunTime:0.0010s ]
NOTIC: [8] Undefined offset: 3 D:\phpStudy\WWW\moka\Application\Api\Controller\MokaOldController.class.php 第 177 行.
NOTIC: [8] Undefined offset: 4 D:\phpStudy\WWW\moka\Application\Api\Controller\MokaOldController.class.php 第 177 行.
NOTIC: [8] Undefined offset: 5 D:\phpStudy\WWW\moka\Application\Api\Controller\MokaOldController.class.php 第 177 行.
NOTIC: [8] Undefined offset: 6 D:\phpStudy\WWW\moka\Application\Api\Controller\MokaOldController.class.php 第 177 行.
NOTIC: [8] Undefined offset: 7 D:\phpStudy\WWW\moka\Application\Api\Controller\MokaOldController.class.php 第 177 行.
NOTIC: [8] Undefined offset: 8 D:\phpStudy\WWW\moka\Application\Api\Controller\MokaOldController.class.php 第 177 行.
NOTIC: [8] Undefined offset: 9 D:\phpStudy\WWW\moka\Application\Api\Controller\MokaOldController.class.php 第 177 行.
NOTIC: [8] Undefined offset: 10 D:\phpStudy\WWW\moka\Application\Api\Controller\MokaOldController.class.php 第 177 行.
NOTIC: [8] Undefined offset: 11 D:\phpStudy\WWW\moka\Application\Api\Controller\MokaOldController.class.php 第 177 行.
NOTIC: [8] Undefined offset: 12 D:\phpStudy\WWW\moka\Application\Api\Controller\MokaOldController.class.php 第 177 行.
NOTIC: [8] Undefined offset: 13 D:\phpStudy\WWW\moka\Application\Api\Controller\MokaOldController.class.php 第 177 行.
NOTIC: [8] Undefined offset: 14 D:\phpStudy\WWW\moka\Application\Api\Controller\MokaOldController.class.php 第 177 行.
NOTIC: [8] Undefined offset: 15 D:\phpStudy\WWW\moka\Application\Api\Controller\MokaOldController.class.php 第 177 行.
NOTIC: [8] Undefined offset: 16 D:\phpStudy\WWW\moka\Application\Api\Controller\MokaOldController.class.php 第 177 行.
NOTIC: [8] Undefined offset: 17 D:\phpStudy\WWW\moka\Application\Api\Controller\MokaOldController.class.php 第 177 行.
NOTIC: [8] Undefined offset: 18 D:\phpStudy\WWW\moka\Application\Api\Controller\MokaOldController.class.php 第 177 行.
NOTIC: [8] Undefined offset: 19 D:\phpStudy\WWW\moka\Application\Api\Controller\MokaOldController.class.php 第 177 行.
NOTIC: [8] Undefined offset: 20 D:\phpStudy\WWW\moka\Application\Api\Controller\MokaOldController.class.php 第 177 行.
NOTIC: [8] Undefined offset: 21 D:\phpStudy\WWW\moka\Application\Api\Controller\MokaOldController.class.php 第 177 行.
NOTIC: [8] Undefined offset: 22 D:\phpStudy\WWW\moka\Application\Api\Controller\MokaOldController.class.php 第 177 行.
NOTIC: [8] Undefined offset: 23 D:\phpStudy\WWW\moka\Application\Api\Controller\MokaOldController.class.php 第 177 行.
NOTIC: [8] Undefined offset: 24 D:\phpStudy\WWW\moka\Application\Api\Controller\MokaOldController.class.php 第 177 行.
NOTIC: [8] Undefined offset: 25 D:\phpStudy\WWW\moka\Application\Api\Controller\MokaOldController.class.php 第 177 行.
NOTIC: [8] Undefined offset: 26 D:\phpStudy\WWW\moka\Application\Api\Controller\MokaOldController.class.php 第 177 行.
NOTIC: [8] Undefined offset: 27 D:\phpStudy\WWW\moka\Application\Api\Controller\MokaOldController.class.php 第 177 行.
NOTIC: [8] Undefined offset: 28 D:\phpStudy\WWW\moka\Application\Api\Controller\MokaOldController.class.php 第 177 行.
NOTIC: [8] Undefined offset: 29 D:\phpStudy\WWW\moka\Application\Api\Controller\MokaOldController.class.php 第 177 行.
NOTIC: [8] Undefined offset: 30 D:\phpStudy\WWW\moka\Application\Api\Controller\MokaOldController.class.php 第 177 行.
NOTIC: [8] Undefined offset: 31 D:\phpStudy\WWW\moka\Application\Api\Controller\MokaOldController.class.php 第 177 行.
NOTIC: [8] Undefined offset: 32 D:\phpStudy\WWW\moka\Application\Api\Controller\MokaOldController.class.php 第 177 行.
NOTIC: [8] Undefined offset: 33 D:\phpStudy\WWW\moka\Application\Api\Controller\MokaOldController.class.php 第 177 行.
NOTIC: [8] Undefined offset: 34 D:\phpStudy\WWW\moka\Application\Api\Controller\MokaOldController.class.php 第 177 行.
NOTIC: [8] Undefined offset: 35 D:\phpStudy\WWW\moka\Application\Api\Controller\MokaOldController.class.php 第 177 行.
NOTIC: [8] Undefined offset: 36 D:\phpStudy\WWW\moka\Application\Api\Controller\MokaOldController.class.php 第 177 行.
NOTIC: [8] Undefined offset: 37 D:\phpStudy\WWW\moka\Application\Api\Controller\MokaOldController.class.php 第 177 行.
NOTIC: [8] Undefined offset: 38 D:\phpStudy\WWW\moka\Application\Api\Controller\MokaOldController.class.php 第 177 行.
NOTIC: [8] Undefined offset: 39 D:\phpStudy\WWW\moka\Application\Api\Controller\MokaOldController.class.php 第 177 行.
NOTIC: [8] Undefined offset: 40 D:\phpStudy\WWW\moka\Application\Api\Controller\MokaOldController.class.php 第 177 行.
NOTIC: [8] Undefined offset: 41 D:\phpStudy\WWW\moka\Application\Api\Controller\MokaOldController.class.php 第 177 行.
NOTIC: [8] Undefined offset: 42 D:\phpStudy\WWW\moka\Application\Api\Controller\MokaOldController.class.php 第 177 行.
NOTIC: [8] Undefined offset: 43 D:\phpStudy\WWW\moka\Application\Api\Controller\MokaOldController.class.php 第 177 行.
NOTIC: [8] Undefined offset: 44 D:\phpStudy\WWW\moka\Application\Api\Controller\MokaOldController.class.php 第 177 行.
NOTIC: [8] Undefined offset: 45 D:\phpStudy\WWW\moka\Application\Api\Controller\MokaOldController.class.php 第 177 行.
NOTIC: [8] Undefined offset: 46 D:\phpStudy\WWW\moka\Application\Api\Controller\MokaOldController.class.php 第 177 行.
NOTIC: [8] Undefined offset: 47 D:\phpStudy\WWW\moka\Application\Api\Controller\MokaOldController.class.php 第 177 行.
NOTIC: [8] Undefined offset: 48 D:\phpStudy\WWW\moka\Application\Api\Controller\MokaOldController.class.php 第 177 行.
NOTIC: [8] Undefined offset: 49 D:\phpStudy\WWW\moka\Application\Api\Controller\MokaOldController.class.php 第 177 行.
NOTIC: [8] Undefined offset: 50 D:\phpStudy\WWW\moka\Application\Api\Controller\MokaOldController.class.php 第 177 行.
NOTIC: [8] Undefined offset: 51 D:\phpStudy\WWW\moka\Application\Api\Controller\MokaOldController.class.php 第 177 行.
NOTIC: [8] Undefined offset: 52 D:\phpStudy\WWW\moka\Application\Api\Controller\MokaOldController.class.php 第 177 行.
NOTIC: [8] Undefined offset: 53 D:\phpStudy\WWW\moka\Application\Api\Controller\MokaOldController.class.php 第 177 行.
NOTIC: [8] Undefined offset: 54 D:\phpStudy\WWW\moka\Application\Api\Controller\MokaOldController.class.php 第 177 行.
NOTIC: [2] Invalid argument supplied for foreach() D:\phpStudy\WWW\moka\Application\Api\Controller\MokaOldController.class.php 第 168 行.
NOTIC: [8] Undefined offset: 55 D:\phpStudy\WWW\moka\Application\Api\Controller\MokaOldController.class.php 第 177 行.
NOTIC: [8] Undefined offset: 56 D:\phpStudy\WWW\moka\Application\Api\Controller\MokaOldController.class.php 第 177 行.
NOTIC: [2] Invalid argument supplied for foreach() D:\phpStudy\WWW\moka\Application\Api\Controller\MokaOldController.class.php 第 168 行.
NOTIC: [8] Undefined offset: 57 D:\phpStudy\WWW\moka\Application\Api\Controller\MokaOldController.class.php 第 177 行.
NOTIC: [8] Undefined offset: 58 D:\phpStudy\WWW\moka\Application\Api\Controller\MokaOldController.class.php 第 177 行.

[ 2018-06-13T15:26:49+08:00 ] 127.0.0.1 /api.php/MokaOld/getCardList
ERR: 无法加载控制器:MokaOld

[ 2018-06-13T15:27:04+08:00 ] 127.0.0.1 /api.php/MokaOld/getCardList
SQL: SHOW COLUMNS FROM `mk_member_openid` [ RunTime:0.0050s ]
NOTIC: [8] Undefined index: sign D:\phpStudy\WWW\moka\Application\Api\Controller\BaseController.class.php 第 93 行.
SQL: SHOW COLUMNS FROM `mk_config` [ RunTime:0.0040s ]
SQL: SELECT `type`,`name`,`value` FROM `mk_config` WHERE `status` = 1  [ RunTime:0.0010s ]
SQL: SHOW COLUMNS FROM `mk_card` [ RunTime:0.0050s ]
SQL: SHOW COLUMNS FROM `mk_card` [ RunTime:0.0050s ]
SQL: SELECT * FROM `mk_card`  [ RunTime:0.0050s ]
NOTIC: [2] Illegal string offset 'where' D:\phpStudy\WWW\moka\Application\Common\Model\CommonModel.class.php 第 140 行.
SQL: SELECT COUNT(*) AS tp_count FROM `mk_card` WHERE ( 1 ) LIMIT 1   [ RunTime:0.0010s ]
SQL: SELECT count(id) as c FROM `mk_card` WHERE ( status=2 and uid=1 ) LIMIT 1   [ RunTime:0.0010s ]
NOTIC: [2] Invalid argument supplied for foreach() D:\phpStudy\WWW\moka\Application\Api\Controller\MokaOldController.class.php 第 164 行.
NOTIC: [8] Undefined offset: 3 D:\phpStudy\WWW\moka\Application\Api\Controller\MokaOldController.class.php 第 173 行.
NOTIC: [8] Undefined offset: 4 D:\phpStudy\WWW\moka\Application\Api\Controller\MokaOldController.class.php 第 173 行.
NOTIC: [2] Invalid argument supplied for foreach() D:\phpStudy\WWW\moka\Application\Api\Controller\MokaOldController.class.php 第 164 行.
NOTIC: [8] Undefined offset: 5 D:\phpStudy\WWW\moka\Application\Api\Controller\MokaOldController.class.php 第 173 行.
NOTIC: [8] Undefined offset: 6 D:\phpStudy\WWW\moka\Application\Api\Controller\MokaOldController.class.php 第 173 行.
NOTIC: [8] Undefined offset: 7 D:\phpStudy\WWW\moka\Application\Api\Controller\MokaOldController.class.php 第 173 行.
NOTIC: [8] Undefined offset: 8 D:\phpStudy\WWW\moka\Application\Api\Controller\MokaOldController.class.php 第 173 行.
NOTIC: [8] Undefined offset: 9 D:\phpStudy\WWW\moka\Application\Api\Controller\MokaOldController.class.php 第 173 行.
NOTIC: [8] Undefined offset: 10 D:\phpStudy\WWW\moka\Application\Api\Controller\MokaOldController.class.php 第 173 行.
NOTIC: [8] Undefined offset: 11 D:\phpStudy\WWW\moka\Application\Api\Controller\MokaOldController.class.php 第 173 行.
NOTIC: [8] Undefined offset: 12 D:\phpStudy\WWW\moka\Application\Api\Controller\MokaOldController.class.php 第 173 行.
NOTIC: [8] Undefined offset: 13 D:\phpStudy\WWW\moka\Application\Api\Controller\MokaOldController.class.php 第 173 行.
NOTIC: [8] Undefined offset: 14 D:\phpStudy\WWW\moka\Application\Api\Controller\MokaOldController.class.php 第 173 行.
NOTIC: [8] Undefined offset: 15 D:\phpStudy\WWW\moka\Application\Api\Controller\MokaOldController.class.php 第 173 行.
NOTIC: [8] Undefined offset: 16 D:\phpStudy\WWW\moka\Application\Api\Controller\MokaOldController.class.php 第 173 行.
NOTIC: [8] Undefined offset: 17 D:\phpStudy\WWW\moka\Application\Api\Controller\MokaOldController.class.php 第 173 行.
NOTIC: [8] Undefined offset: 18 D:\phpStudy\WWW\moka\Application\Api\Controller\MokaOldController.class.php 第 173 行.
NOTIC: [8] Undefined offset: 19 D:\phpStudy\WWW\moka\Application\Api\Controller\MokaOldController.class.php 第 173 行.
NOTIC: [8] Undefined offset: 20 D:\phpStudy\WWW\moka\Application\Api\Controller\MokaOldController.class.php 第 173 行.
NOTIC: [8] Undefined offset: 21 D:\phpStudy\WWW\moka\Application\Api\Controller\MokaOldController.class.php 第 173 行.
NOTIC: [8] Undefined offset: 22 D:\phpStudy\WWW\moka\Application\Api\Controller\MokaOldController.class.php 第 173 行.
NOTIC: [8] Undefined offset: 23 D:\phpStudy\WWW\moka\Application\Api\Controller\MokaOldController.class.php 第 173 行.
NOTIC: [8] Undefined offset: 24 D:\phpStudy\WWW\moka\Application\Api\Controller\MokaOldController.class.php 第 173 行.
NOTIC: [8] Undefined offset: 25 D:\phpStudy\WWW\moka\Application\Api\Controller\MokaOldController.class.php 第 173 行.
NOTIC: [8] Undefined offset: 26 D:\phpStudy\WWW\moka\Application\Api\Controller\MokaOldController.class.php 第 173 行.
NOTIC: [8] Undefined offset: 27 D:\phpStudy\WWW\moka\Application\Api\Controller\MokaOldController.class.php 第 173 行.
NOTIC: [8] Undefined offset: 28 D:\phpStudy\WWW\moka\Application\Api\Controller\MokaOldController.class.php 第 173 行.
NOTIC: [8] Undefined offset: 29 D:\phpStudy\WWW\moka\Application\Api\Controller\MokaOldController.class.php 第 173 行.
NOTIC: [8] Undefined offset: 30 D:\phpStudy\WWW\moka\Application\Api\Controller\MokaOldController.class.php 第 173 行.
NOTIC: [8] Undefined offset: 31 D:\phpStudy\WWW\moka\Application\Api\Controller\MokaOldController.class.php 第 173 行.
NOTIC: [8] Undefined offset: 32 D:\phpStudy\WWW\moka\Application\Api\Controller\MokaOldController.class.php 第 173 行.
NOTIC: [8] Undefined offset: 33 D:\phpStudy\WWW\moka\Application\Api\Controller\MokaOldController.class.php 第 173 行.
NOTIC: [8] Undefined offset: 34 D:\phpStudy\WWW\moka\Application\Api\Controller\MokaOldController.class.php 第 173 行.
NOTIC: [8] Undefined offset: 35 D:\phpStudy\WWW\moka\Application\Api\Controller\MokaOldController.class.php 第 173 行.
NOTIC: [8] Undefined offset: 36 D:\phpStudy\WWW\moka\Application\Api\Controller\MokaOldController.class.php 第 173 行.
NOTIC: [8] Undefined offset: 37 D:\phpStudy\WWW\moka\Application\Api\Controller\MokaOldController.class.php 第 173 行.
NOTIC: [8] Undefined offset: 38 D:\phpStudy\WWW\moka\Application\Api\Controller\MokaOldController.class.php 第 173 行.
NOTIC: [8] Undefined offset: 39 D:\phpStudy\WWW\moka\Application\Api\Controller\MokaOldController.class.php 第 173 行.
NOTIC: [8] Undefined offset: 40 D:\phpStudy\WWW\moka\Application\Api\Controller\MokaOldController.class.php 第 173 行.
NOTIC: [8] Undefined offset: 41 D:\phpStudy\WWW\moka\Application\Api\Controller\MokaOldController.class.php 第 173 行.
NOTIC: [8] Undefined offset: 42 D:\phpStudy\WWW\moka\Application\Api\Controller\MokaOldController.class.php 第 173 行.
NOTIC: [8] Undefined offset: 43 D:\phpStudy\WWW\moka\Application\Api\Controller\MokaOldController.class.php 第 173 行.
NOTIC: [8] Undefined offset: 44 D:\phpStudy\WWW\moka\Application\Api\Controller\MokaOldController.class.php 第 173 行.
NOTIC: [8] Undefined offset: 45 D:\phpStudy\WWW\moka\Application\Api\Controller\MokaOldController.class.php 第 173 行.
NOTIC: [8] Undefined offset: 46 D:\phpStudy\WWW\moka\Application\Api\Controller\MokaOldController.class.php 第 173 行.
NOTIC: [8] Undefined offset: 47 D:\phpStudy\WWW\moka\Application\Api\Controller\MokaOldController.class.php 第 173 行.
NOTIC: [8] Undefined offset: 48 D:\phpStudy\WWW\moka\Application\Api\Controller\MokaOldController.class.php 第 173 行.
NOTIC: [8] Undefined offset: 49 D:\phpStudy\WWW\moka\Application\Api\Controller\MokaOldController.class.php 第 173 行.
NOTIC: [8] Undefined offset: 50 D:\phpStudy\WWW\moka\Application\Api\Controller\MokaOldController.class.php 第 173 行.
NOTIC: [8] Undefined offset: 51 D:\phpStudy\WWW\moka\Application\Api\Controller\MokaOldController.class.php 第 173 行.
NOTIC: [8] Undefined offset: 52 D:\phpStudy\WWW\moka\Application\Api\Controller\MokaOldController.class.php 第 173 行.
NOTIC: [8] Undefined offset: 53 D:\phpStudy\WWW\moka\Application\Api\Controller\MokaOldController.class.php 第 173 行.
NOTIC: [8] Undefined offset: 54 D:\phpStudy\WWW\moka\Application\Api\Controller\MokaOldController.class.php 第 173 行.
NOTIC: [8] Undefined offset: 55 D:\phpStudy\WWW\moka\Application\Api\Controller\MokaOldController.class.php 第 173 行.
NOTIC: [8] Undefined offset: 56 D:\phpStudy\WWW\moka\Application\Api\Controller\MokaOldController.class.php 第 173 行.
NOTIC: [8] Undefined offset: 57 D:\phpStudy\WWW\moka\Application\Api\Controller\MokaOldController.class.php 第 173 行.
NOTIC: [8] Undefined offset: 58 D:\phpStudy\WWW\moka\Application\Api\Controller\MokaOldController.class.php 第 173 行.
NOTIC: [8] Undefined offset: 59 D:\phpStudy\WWW\moka\Application\Api\Controller\MokaOldController.class.php 第 173 行.
NOTIC: [8] Undefined offset: 60 D:\phpStudy\WWW\moka\Application\Api\Controller\MokaOldController.class.php 第 173 行.
NOTIC: [8] Undefined offset: 61 D:\phpStudy\WWW\moka\Application\Api\Controller\MokaOldController.class.php 第 173 行.
NOTIC: [8] Undefined offset: 62 D:\phpStudy\WWW\moka\Application\Api\Controller\MokaOldController.class.php 第 173 行.
NOTIC: [8] Undefined offset: 63 D:\phpStudy\WWW\moka\Application\Api\Controller\MokaOldController.class.php 第 173 行.
NOTIC: [8] Undefined offset: 64 D:\phpStudy\WWW\moka\Application\Api\Controller\MokaOldController.class.php 第 173 行.
NOTIC: [8] Undefined offset: 65 D:\phpStudy\WWW\moka\Application\Api\Controller\MokaOldController.class.php 第 173 行.
NOTIC: [8] Undefined offset: 66 D:\phpStudy\WWW\moka\Application\Api\Controller\MokaOldController.class.php 第 173 行.
NOTIC: [8] Undefined offset: 67 D:\phpStudy\WWW\moka\Application\Api\Controller\MokaOldController.class.php 第 173 行.
NOTIC: [8] Undefined offset: 68 D:\phpStudy\WWW\moka\Application\Api\Controller\MokaOldController.class.php 第 173 行.
NOTIC: [8] Undefined offset: 69 D:\phpStudy\WWW\moka\Application\Api\Controller\MokaOldController.class.php 第 173 行.
NOTIC: [8] Undefined offset: 70 D:\phpStudy\WWW\moka\Application\Api\Controller\MokaOldController.class.php 第 173 行.

[ 2018-06-13T15:29:01+08:00 ] 127.0.0.1 /api.php/MokaOld/getCardInfo
SQL: SHOW COLUMNS FROM `mk_member_openid` [ RunTime:0.0040s ]
NOTIC: [8] Undefined index: sign D:\phpStudy\WWW\moka\Application\Api\Controller\BaseController.class.php 第 93 行.
SQL: SHOW COLUMNS FROM `mk_config` [ RunTime:0.0050s ]
SQL: SELECT `type`,`name`,`value` FROM `mk_config` WHERE `status` = 1  [ RunTime:0.0010s ]
SQL: SHOW COLUMNS FROM `mk_card` [ RunTime:0.0050s ]
SQL: SELECT * FROM `mk_card` WHERE `id` = 250 LIMIT 1   [ RunTime:0.0010s ]
SQL: SELECT * FROM `mk_card`  [ RunTime:0.0050s ]
NOTIC: [2] Illegal string offset 'where' D:\phpStudy\WWW\moka\Application\Common\Model\CommonModel.class.php 第 140 行.
SQL: SELECT COUNT(*) AS tp_count FROM `mk_card` WHERE ( 1 ) LIMIT 1   [ RunTime:0.0010s ]
NOTIC: [8] Undefined offset: 70 D:\phpStudy\WWW\moka\Application\Api\Controller\MokaOldController.class.php 第 219 行.

[ 2018-06-13T15:39:30+08:00 ] 127.0.0.1 /api.php/MokaOld/getCardInfo
SQL: SHOW COLUMNS FROM `mk_member_openid` [ RunTime:0.0040s ]
NOTIC: [8] Undefined index: sign D:\phpStudy\WWW\moka\Application\Api\Controller\BaseController.class.php 第 93 行.
SQL: SHOW COLUMNS FROM `mk_config` [ RunTime:0.0060s ]
SQL: SELECT `type`,`name`,`value` FROM `mk_config` WHERE `status` = 1  [ RunTime:0.0010s ]
SQL: SHOW COLUMNS FROM `mk_card` [ RunTime:0.0050s ]
SQL: SELECT * FROM `mk_card` WHERE `id` = 250 LIMIT 1   [ RunTime:0.0010s ]
SQL: SELECT `id` FROM `mk_card` WHERE `uid` = 1 AND `status` = 2 ORDER BY `id` desc LIMIT 0,3   [ RunTime:0.0010s ]
SQL: SELECT COUNT(*) AS tp_count FROM `mk_card` WHERE `uid` = 1 AND `status` = 2 LIMIT 1   [ RunTime:0.0010s ]
SQL: SELECT * FROM `mk_card` WHERE `id` = 248 LIMIT 1   [ RunTime:0.0010s ]
SQL: SELECT * FROM `mk_card` WHERE `id` = 247 LIMIT 1   [ RunTime:0.0020s ]
SQL: SELECT * FROM `mk_card` WHERE `id` = 240 LIMIT 1   [ RunTime:0.0010s ]
NOTIC: [2] Illegal string offset 'id' D:\phpStudy\WWW\moka\Application\Api\Controller\MokaOldController.class.php 第 226 行.
NOTIC: [8] Undefined index: id D:\phpStudy\WWW\moka\Application\Api\Controller\MokaOldController.class.php 第 226 行.

[ 2018-06-13T15:40:49+08:00 ] 127.0.0.1 /api.php/MokaOld/getCardInfo
SQL: SHOW COLUMNS FROM `mk_member_openid` [ RunTime:0.0050s ]
NOTIC: [8] Undefined index: sign D:\phpStudy\WWW\moka\Application\Api\Controller\BaseController.class.php 第 93 行.
SQL: SHOW COLUMNS FROM `mk_config` [ RunTime:0.0050s ]
SQL: SELECT `type`,`name`,`value` FROM `mk_config` WHERE `status` = 1  [ RunTime:0.0010s ]
SQL: SHOW COLUMNS FROM `mk_card` [ RunTime:0.0050s ]
SQL: SELECT * FROM `mk_card` WHERE `id` = 250 LIMIT 1   [ RunTime:0.0010s ]
SQL: SELECT `id` FROM `mk_card` WHERE `uid` = 1 AND `status` = 2 ORDER BY `id` desc LIMIT 0,3   [ RunTime:0.0010s ]
SQL: SELECT COUNT(*) AS tp_count FROM `mk_card` WHERE `uid` = 1 AND `status` = 2 LIMIT 1   [ RunTime:0.0010s ]
SQL: SELECT * FROM `mk_card` WHERE `id` = 248 LIMIT 1   [ RunTime:0.0010s ]
SQL: SELECT * FROM `mk_card` WHERE `id` = 247 LIMIT 1   [ RunTime:0.0010s ]
SQL: SELECT * FROM `mk_card` WHERE `id` = 240 LIMIT 1   [ RunTime:0.0010s ]

[ 2018-06-13T15:41:01+08:00 ] 127.0.0.1 /api.php/MokaOld/getCardInfo
SQL: SHOW COLUMNS FROM `mk_member_openid` [ RunTime:0.0050s ]
NOTIC: [8] Undefined index: sign D:\phpStudy\WWW\moka\Application\Api\Controller\BaseController.class.php 第 93 行.
SQL: SHOW COLUMNS FROM `mk_config` [ RunTime:0.0050s ]
SQL: SELECT `type`,`name`,`value` FROM `mk_config` WHERE `status` = 1  [ RunTime:0.0010s ]
SQL: SHOW COLUMNS FROM `mk_card` [ RunTime:0.0040s ]
SQL: SELECT * FROM `mk_card` WHERE `id` = 250 LIMIT 1   [ RunTime:0.0010s ]
SQL: SELECT `id` FROM `mk_card` WHERE `uid` = 1 AND `status` = 2 ORDER BY `id` desc LIMIT 0,3   [ RunTime:0.0010s ]
SQL: SELECT COUNT(*) AS tp_count FROM `mk_card` WHERE `uid` = 1 AND `status` = 2 LIMIT 1   [ RunTime:0.0010s ]
SQL: SELECT * FROM `mk_card` WHERE `id` = 248 LIMIT 1   [ RunTime:0.0010s ]
SQL: SELECT * FROM `mk_card` WHERE `id` = 247 LIMIT 1   [ RunTime:0.0010s ]
SQL: SELECT * FROM `mk_card` WHERE `id` = 240 LIMIT 1   [ RunTime:0.0020s ]

[ 2018-06-13T15:41:23+08:00 ] 127.0.0.1 /api.php/MokaOld/getCardInfo
SQL: SHOW COLUMNS FROM `mk_member_openid` [ RunTime:0.0050s ]
NOTIC: [8] Undefined index: sign D:\phpStudy\WWW\moka\Application\Api\Controller\BaseController.class.php 第 93 行.
SQL: SHOW COLUMNS FROM `mk_config` [ RunTime:0.0050s ]
SQL: SELECT `type`,`name`,`value` FROM `mk_config` WHERE `status` = 1  [ RunTime:0.0010s ]
SQL: SHOW COLUMNS FROM `mk_card` [ RunTime:0.0120s ]
SQL: SELECT * FROM `mk_card` WHERE `id` = 248 LIMIT 1   [ RunTime:0.0010s ]
SQL: SELECT `id` FROM `mk_card` WHERE `uid` = 1 AND `status` = 2 ORDER BY `id` desc LIMIT 0,3   [ RunTime:0.0010s ]
SQL: SELECT COUNT(*) AS tp_count FROM `mk_card` WHERE `uid` = 1 AND `status` = 2 LIMIT 1   [ RunTime:0.0010s ]
SQL: SELECT * FROM `mk_card` WHERE `id` = 248 LIMIT 1   [ RunTime:0.0010s ]
SQL: SELECT * FROM `mk_card` WHERE `id` = 247 LIMIT 1   [ RunTime:0.0010s ]
SQL: SELECT * FROM `mk_card` WHERE `id` = 240 LIMIT 1   [ RunTime:0.0020s ]

[ 2018-06-13T15:42:21+08:00 ] 127.0.0.1 /api.php/MokaOld/getCardList
SQL: SHOW COLUMNS FROM `mk_member_openid` [ RunTime:0.0050s ]
NOTIC: [8] Undefined index: sign D:\phpStudy\WWW\moka\Application\Api\Controller\BaseController.class.php 第 93 行.
SQL: SHOW COLUMNS FROM `mk_config` [ RunTime:0.0050s ]
SQL: SELECT `type`,`name`,`value` FROM `mk_config` WHERE `status` = 1  [ RunTime:0.0020s ]
SQL: SHOW COLUMNS FROM `mk_card` [ RunTime:0.0050s ]
SQL: SELECT `id` FROM `mk_card` WHERE `uid` = 1 AND `status` = 2 ORDER BY `id` desc  [ RunTime:0.0020s ]
SQL: SELECT COUNT(*) AS tp_count FROM `mk_card` WHERE `uid` = 1 AND `status` = 2 LIMIT 1   [ RunTime:0.0010s ]
SQL: SELECT * FROM `mk_card` WHERE `id` = 248 LIMIT 1   [ RunTime:0.0020s ]
SQL: SELECT * FROM `mk_card` WHERE `id` = 247 LIMIT 1   [ RunTime:0.0010s ]
SQL: SELECT * FROM `mk_card` WHERE `id` = 240 LIMIT 1   [ RunTime:0.0010s ]
SQL: SELECT * FROM `mk_card` WHERE `id` = 239 LIMIT 1   [ RunTime:0.0020s ]
SQL: SELECT * FROM `mk_card` WHERE `id` = 238 LIMIT 1   [ RunTime:0.0010s ]
SQL: SELECT * FROM `mk_card` WHERE `id` = 237 LIMIT 1   [ RunTime:0.0010s ]
SQL: SELECT * FROM `mk_card` WHERE `id` = 235 LIMIT 1   [ RunTime:0.0010s ]
SQL: SELECT * FROM `mk_card` WHERE `id` = 234 LIMIT 1   [ RunTime:0.0010s ]
SQL: SELECT * FROM `mk_card` WHERE `id` = 233 LIMIT 1   [ RunTime:0.0010s ]
SQL: SELECT * FROM `mk_card` WHERE `id` = 232 LIMIT 1   [ RunTime:0.0010s ]
SQL: SELECT * FROM `mk_card` WHERE `id` = 230 LIMIT 1   [ RunTime:0.0000s ]
SQL: SELECT * FROM `mk_card` WHERE `id` = 229 LIMIT 1   [ RunTime:0.0010s ]
SQL: SELECT * FROM `mk_card` WHERE `id` = 228 LIMIT 1   [ RunTime:0.0020s ]
SQL: SELECT * FROM `mk_card` WHERE `id` = 208 LIMIT 1   [ RunTime:0.0020s ]
SQL: SELECT * FROM `mk_card` WHERE `id` = 196 LIMIT 1   [ RunTime:0.0010s ]
SQL: SELECT * FROM `mk_card` WHERE `id` = 195 LIMIT 1   [ RunTime:0.0010s ]
SQL: SELECT * FROM `mk_card` WHERE `id` = 194 LIMIT 1   [ RunTime:0.0010s ]
SQL: SELECT * FROM `mk_card` WHERE `id` = 193 LIMIT 1   [ RunTime:0.0010s ]
SQL: SELECT * FROM `mk_card` WHERE `id` = 192 LIMIT 1   [ RunTime:0.0010s ]
SQL: SELECT * FROM `mk_card` WHERE `id` = 191 LIMIT 1   [ RunTime:0.0010s ]
SQL: SELECT * FROM `mk_card` WHERE `id` = 190 LIMIT 1   [ RunTime:0.0010s ]
SQL: SELECT * FROM `mk_card` WHERE `id` = 189 LIMIT 1   [ RunTime:0.0020s ]
SQL: SELECT * FROM `mk_card` WHERE `id` = 188 LIMIT 1   [ RunTime:0.0010s ]
SQL: SELECT * FROM `mk_card` WHERE `id` = 184 LIMIT 1   [ RunTime:0.0010s ]
SQL: SELECT * FROM `mk_card` WHERE `id` = 183 LIMIT 1   [ RunTime:0.0010s ]
SQL: SELECT * FROM `mk_card` WHERE `id` = 179 LIMIT 1   [ RunTime:0.0020s ]
SQL: SELECT * FROM `mk_card` WHERE `id` = 178 LIMIT 1   [ RunTime:0.0020s ]
SQL: SELECT * FROM `mk_card` WHERE `id` = 177 LIMIT 1   [ RunTime:0.0010s ]
SQL: SELECT * FROM `mk_card` WHERE `id` = 176 LIMIT 1   [ RunTime:0.0010s ]
SQL: SELECT * FROM `mk_card` WHERE `id` = 174 LIMIT 1   [ RunTime:0.0010s ]
SQL: SELECT * FROM `mk_card` WHERE `id` = 158 LIMIT 1   [ RunTime:0.0010s ]
SQL: SELECT * FROM `mk_card` WHERE `id` = 157 LIMIT 1   [ RunTime:0.0010s ]
SQL: SELECT * FROM `mk_card` WHERE `id` = 153 LIMIT 1   [ RunTime:0.0010s ]
SQL: SELECT * FROM `mk_card` WHERE `id` = 133 LIMIT 1   [ RunTime:0.0010s ]
SQL: SELECT * FROM `mk_card` WHERE `id` = 128 LIMIT 1   [ RunTime:0.0010s ]
SQL: SELECT * FROM `mk_card` WHERE `id` = 127 LIMIT 1   [ RunTime:0.0010s ]
SQL: SELECT * FROM `mk_card` WHERE `id` = 126 LIMIT 1   [ RunTime:0.0010s ]
SQL: SELECT * FROM `mk_card` WHERE `id` = 125 LIMIT 1   [ RunTime:0.0010s ]
SQL: SELECT * FROM `mk_card` WHERE `id` = 124 LIMIT 1   [ RunTime:0.0010s ]
SQL: SELECT * FROM `mk_card` WHERE `id` = 123 LIMIT 1   [ RunTime:0.0010s ]
SQL: SELECT * FROM `mk_card` WHERE `id` = 122 LIMIT 1   [ RunTime:0.0010s ]
SQL: SELECT * FROM `mk_card` WHERE `id` = 121 LIMIT 1   [ RunTime:0.0010s ]
SQL: SELECT * FROM `mk_card` WHERE `id` = 120 LIMIT 1   [ RunTime:0.0010s ]
SQL: SELECT * FROM `mk_card` WHERE `id` = 119 LIMIT 1   [ RunTime:0.0010s ]
SQL: SELECT * FROM `mk_card` WHERE `id` = 118 LIMIT 1   [ RunTime:0.0010s ]
SQL: SELECT * FROM `mk_card` WHERE `id` = 117 LIMIT 1   [ RunTime:0.0010s ]
SQL: SELECT * FROM `mk_card` WHERE `id` = 116 LIMIT 1   [ RunTime:0.0010s ]
SQL: SELECT * FROM `mk_card` WHERE `id` = 115 LIMIT 1   [ RunTime:0.0010s ]
SQL: SELECT * FROM `mk_card` WHERE `id` = 114 LIMIT 1   [ RunTime:0.0010s ]
SQL: SELECT * FROM `mk_card` WHERE `id` = 113 LIMIT 1   [ RunTime:0.0010s ]
SQL: SELECT * FROM `mk_card` WHERE `id` = 112 LIMIT 1   [ RunTime:0.0010s ]
SQL: SELECT * FROM `mk_card` WHERE `id` = 74 LIMIT 1   [ RunTime:0.0010s ]
SQL: SELECT * FROM `mk_card` WHERE `id` = 72 LIMIT 1   [ RunTime:0.0010s ]
SQL: SELECT * FROM `mk_card` WHERE `id` = 71 LIMIT 1   [ RunTime:0.0000s ]
SQL: SELECT * FROM `mk_card` WHERE `id` = 70 LIMIT 1   [ RunTime:0.0010s ]
SQL: SELECT * FROM `mk_card` WHERE `id` = 69 LIMIT 1   [ RunTime:0.0010s ]
SQL: SELECT * FROM `mk_card` WHERE `id` = 68 LIMIT 1   [ RunTime:0.0010s ]
SQL: SELECT * FROM `mk_card` WHERE `id` = 65 LIMIT 1   [ RunTime:0.0010s ]
SQL: SELECT * FROM `mk_card` WHERE `id` = 24 LIMIT 1   [ RunTime:0.0010s ]
NOTIC: [8] Undefined offset: 3 D:\phpStudy\WWW\moka\Application\Api\Controller\MokaOldController.class.php 第 177 行.
NOTIC: [8] Undefined offset: 4 D:\phpStudy\WWW\moka\Application\Api\Controller\MokaOldController.class.php 第 177 行.
NOTIC: [8] Undefined offset: 5 D:\phpStudy\WWW\moka\Application\Api\Controller\MokaOldController.class.php 第 177 行.
NOTIC: [8] Undefined offset: 6 D:\phpStudy\WWW\moka\Application\Api\Controller\MokaOldController.class.php 第 177 行.
NOTIC: [8] Undefined offset: 7 D:\phpStudy\WWW\moka\Application\Api\Controller\MokaOldController.class.php 第 177 行.
NOTIC: [8] Undefined offset: 8 D:\phpStudy\WWW\moka\Application\Api\Controller\MokaOldController.class.php 第 177 行.
NOTIC: [8] Undefined offset: 9 D:\phpStudy\WWW\moka\Application\Api\Controller\MokaOldController.class.php 第 177 行.
NOTIC: [8] Undefined offset: 10 D:\phpStudy\WWW\moka\Application\Api\Controller\MokaOldController.class.php 第 177 行.
NOTIC: [8] Undefined offset: 11 D:\phpStudy\WWW\moka\Application\Api\Controller\MokaOldController.class.php 第 177 行.
NOTIC: [8] Undefined offset: 12 D:\phpStudy\WWW\moka\Application\Api\Controller\MokaOldController.class.php 第 177 行.
NOTIC: [8] Undefined offset: 13 D:\phpStudy\WWW\moka\Application\Api\Controller\MokaOldController.class.php 第 177 行.
NOTIC: [8] Undefined offset: 14 D:\phpStudy\WWW\moka\Application\Api\Controller\MokaOldController.class.php 第 177 行.
NOTIC: [8] Undefined offset: 15 D:\phpStudy\WWW\moka\Application\Api\Controller\MokaOldController.class.php 第 177 行.
NOTIC: [8] Undefined offset: 16 D:\phpStudy\WWW\moka\Application\Api\Controller\MokaOldController.class.php 第 177 行.
NOTIC: [8] Undefined offset: 17 D:\phpStudy\WWW\moka\Application\Api\Controller\MokaOldController.class.php 第 177 行.
NOTIC: [8] Undefined offset: 18 D:\phpStudy\WWW\moka\Application\Api\Controller\MokaOldController.class.php 第 177 行.
NOTIC: [8] Undefined offset: 19 D:\phpStudy\WWW\moka\Application\Api\Controller\MokaOldController.class.php 第 177 行.
NOTIC: [8] Undefined offset: 20 D:\phpStudy\WWW\moka\Application\Api\Controller\MokaOldController.class.php 第 177 行.
NOTIC: [8] Undefined offset: 21 D:\phpStudy\WWW\moka\Application\Api\Controller\MokaOldController.class.php 第 177 行.
NOTIC: [8] Undefined offset: 22 D:\phpStudy\WWW\moka\Application\Api\Controller\MokaOldController.class.php 第 177 行.
NOTIC: [8] Undefined offset: 23 D:\phpStudy\WWW\moka\Application\Api\Controller\MokaOldController.class.php 第 177 行.
NOTIC: [8] Undefined offset: 24 D:\phpStudy\WWW\moka\Application\Api\Controller\MokaOldController.class.php 第 177 行.
NOTIC: [8] Undefined offset: 25 D:\phpStudy\WWW\moka\Application\Api\Controller\MokaOldController.class.php 第 177 行.
NOTIC: [8] Undefined offset: 26 D:\phpStudy\WWW\moka\Application\Api\Controller\MokaOldController.class.php 第 177 行.
NOTIC: [8] Undefined offset: 27 D:\phpStudy\WWW\moka\Application\Api\Controller\MokaOldController.class.php 第 177 行.
NOTIC: [8] Undefined offset: 28 D:\phpStudy\WWW\moka\Application\Api\Controller\MokaOldController.class.php 第 177 行.
NOTIC: [8] Undefined offset: 29 D:\phpStudy\WWW\moka\Application\Api\Controller\MokaOldController.class.php 第 177 行.
NOTIC: [8] Undefined offset: 30 D:\phpStudy\WWW\moka\Application\Api\Controller\MokaOldController.class.php 第 177 行.
NOTIC: [8] Undefined offset: 31 D:\phpStudy\WWW\moka\Application\Api\Controller\MokaOldController.class.php 第 177 行.
NOTIC: [8] Undefined offset: 32 D:\phpStudy\WWW\moka\Application\Api\Controller\MokaOldController.class.php 第 177 行.
NOTIC: [8] Undefined offset: 33 D:\phpStudy\WWW\moka\Application\Api\Controller\MokaOldController.class.php 第 177 行.
NOTIC: [8] Undefined offset: 34 D:\phpStudy\WWW\moka\Application\Api\Controller\MokaOldController.class.php 第 177 行.
NOTIC: [8] Undefined offset: 35 D:\phpStudy\WWW\moka\Application\Api\Controller\MokaOldController.class.php 第 177 行.
NOTIC: [8] Undefined offset: 36 D:\phpStudy\WWW\moka\Application\Api\Controller\MokaOldController.class.php 第 177 行.
NOTIC: [8] Undefined offset: 37 D:\phpStudy\WWW\moka\Application\Api\Controller\MokaOldController.class.php 第 177 行.
NOTIC: [8] Undefined offset: 38 D:\phpStudy\WWW\moka\Application\Api\Controller\MokaOldController.class.php 第 177 行.
NOTIC: [8] Undefined offset: 39 D:\phpStudy\WWW\moka\Application\Api\Controller\MokaOldController.class.php 第 177 行.
NOTIC: [8] Undefined offset: 40 D:\phpStudy\WWW\moka\Application\Api\Controller\MokaOldController.class.php 第 177 行.
NOTIC: [8] Undefined offset: 41 D:\phpStudy\WWW\moka\Application\Api\Controller\MokaOldController.class.php 第 177 行.
NOTIC: [8] Undefined offset: 42 D:\phpStudy\WWW\moka\Application\Api\Controller\MokaOldController.class.php 第 177 行.
NOTIC: [8] Undefined offset: 43 D:\phpStudy\WWW\moka\Application\Api\Controller\MokaOldController.class.php 第 177 行.
NOTIC: [8] Undefined offset: 44 D:\phpStudy\WWW\moka\Application\Api\Controller\MokaOldController.class.php 第 177 行.
NOTIC: [8] Undefined offset: 45 D:\phpStudy\WWW\moka\Application\Api\Controller\MokaOldController.class.php 第 177 行.
NOTIC: [8] Undefined offset: 46 D:\phpStudy\WWW\moka\Application\Api\Controller\MokaOldController.class.php 第 177 行.
NOTIC: [8] Undefined offset: 47 D:\phpStudy\WWW\moka\Application\Api\Controller\MokaOldController.class.php 第 177 行.
NOTIC: [8] Undefined offset: 48 D:\phpStudy\WWW\moka\Application\Api\Controller\MokaOldController.class.php 第 177 行.
NOTIC: [8] Undefined offset: 49 D:\phpStudy\WWW\moka\Application\Api\Controller\MokaOldController.class.php 第 177 行.
NOTIC: [8] Undefined offset: 50 D:\phpStudy\WWW\moka\Application\Api\Controller\MokaOldController.class.php 第 177 行.
NOTIC: [8] Undefined offset: 51 D:\phpStudy\WWW\moka\Application\Api\Controller\MokaOldController.class.php 第 177 行.
NOTIC: [8] Undefined offset: 52 D:\phpStudy\WWW\moka\Application\Api\Controller\MokaOldController.class.php 第 177 行.
NOTIC: [8] Undefined offset: 53 D:\phpStudy\WWW\moka\Application\Api\Controller\MokaOldController.class.php 第 177 行.
NOTIC: [8] Undefined offset: 54 D:\phpStudy\WWW\moka\Application\Api\Controller\MokaOldController.class.php 第 177 行.
NOTIC: [2] Invalid argument supplied for foreach() D:\phpStudy\WWW\moka\Application\Api\Controller\MokaOldController.class.php 第 168 行.
NOTIC: [8] Undefined offset: 55 D:\phpStudy\WWW\moka\Application\Api\Controller\MokaOldController.class.php 第 177 行.
NOTIC: [8] Undefined offset: 56 D:\phpStudy\WWW\moka\Application\Api\Controller\MokaOldController.class.php 第 177 行.
NOTIC: [2] Invalid argument supplied for foreach() D:\phpStudy\WWW\moka\Application\Api\Controller\MokaOldController.class.php 第 168 行.
NOTIC: [8] Undefined offset: 57 D:\phpStudy\WWW\moka\Application\Api\Controller\MokaOldController.class.php 第 177 行.
NOTIC: [8] Undefined offset: 58 D:\phpStudy\WWW\moka\Application\Api\Controller\MokaOldController.class.php 第 177 行.

[ 2018-06-13T15:42:39+08:00 ] 127.0.0.1 /api.php/MokaOld/getCardInfo
SQL: SHOW COLUMNS FROM `mk_member_openid` [ RunTime:0.0050s ]
NOTIC: [8] Undefined index: sign D:\phpStudy\WWW\moka\Application\Api\Controller\BaseController.class.php 第 93 行.
SQL: SHOW COLUMNS FROM `mk_config` [ RunTime:0.0040s ]
SQL: SELECT `type`,`name`,`value` FROM `mk_config` WHERE `status` = 1  [ RunTime:0.0020s ]
SQL: SHOW COLUMNS FROM `mk_card` [ RunTime:0.0040s ]
SQL: SELECT * FROM `mk_card` WHERE `id` = 248 LIMIT 1   [ RunTime:0.0010s ]
SQL: SELECT `id` FROM `mk_card` WHERE `uid` = 1 AND `status` = 2 ORDER BY `id` desc LIMIT 0,3   [ RunTime:0.0010s ]
SQL: SELECT COUNT(*) AS tp_count FROM `mk_card` WHERE `uid` = 1 AND `status` = 2 LIMIT 1   [ RunTime:0.0010s ]
SQL: SELECT * FROM `mk_card` WHERE `id` = 248 LIMIT 1   [ RunTime:0.0010s ]
SQL: SELECT * FROM `mk_card` WHERE `id` = 247 LIMIT 1   [ RunTime:0.0010s ]
SQL: SELECT * FROM `mk_card` WHERE `id` = 240 LIMIT 1   [ RunTime:0.0010s ]

[ 2018-06-13T15:42:45+08:00 ] 127.0.0.1 /api.php/MokaOld/getCardInfo
SQL: SHOW COLUMNS FROM `mk_member_openid` [ RunTime:0.0050s ]
NOTIC: [8] Undefined index: sign D:\phpStudy\WWW\moka\Application\Api\Controller\BaseController.class.php 第 93 行.
SQL: SHOW COLUMNS FROM `mk_config` [ RunTime:0.0040s ]
SQL: SELECT `type`,`name`,`value` FROM `mk_config` WHERE `status` = 1  [ RunTime:0.0010s ]
SQL: SHOW COLUMNS FROM `mk_card` [ RunTime:0.0040s ]
SQL: SELECT * FROM `mk_card` WHERE `id` = 248 LIMIT 1   [ RunTime:0.0010s ]
SQL: SELECT `id` FROM `mk_card` WHERE `uid` = 1 AND `status` = 2 ORDER BY `id` desc LIMIT 0,3   [ RunTime:0.0010s ]
SQL: SELECT COUNT(*) AS tp_count FROM `mk_card` WHERE `uid` = 1 AND `status` = 2 LIMIT 1   [ RunTime:0.0010s ]
SQL: SELECT * FROM `mk_card` WHERE `id` = 248 LIMIT 1   [ RunTime:0.0010s ]
SQL: SELECT * FROM `mk_card` WHERE `id` = 247 LIMIT 1   [ RunTime:0.0010s ]
SQL: SELECT * FROM `mk_card` WHERE `id` = 240 LIMIT 1   [ RunTime:0.0010s ]
NOTIC: [2] Illegal string offset 'id' D:\phpStudy\WWW\moka\Application\Api\Controller\MokaOldController.class.php 第 227 行.
NOTIC: [8] Undefined index: id D:\phpStudy\WWW\moka\Application\Api\Controller\MokaOldController.class.php 第 227 行.

[ 2018-06-13T15:43:15+08:00 ] 127.0.0.1 /api.php/MokaOld/getCardInfo
SQL: SHOW COLUMNS FROM `mk_member_openid` [ RunTime:0.0050s ]
NOTIC: [8] Undefined index: sign D:\phpStudy\WWW\moka\Application\Api\Controller\BaseController.class.php 第 93 行.
SQL: SHOW COLUMNS FROM `mk_config` [ RunTime:0.0040s ]
SQL: SELECT `type`,`name`,`value` FROM `mk_config` WHERE `status` = 1  [ RunTime:0.0010s ]
SQL: SHOW COLUMNS FROM `mk_card` [ RunTime:0.0050s ]
SQL: SELECT * FROM `mk_card` WHERE `id` = 248 LIMIT 1   [ RunTime:0.0010s ]
SQL: SELECT `id` FROM `mk_card` WHERE `uid` = 1 AND `status` = 2 ORDER BY `id` desc LIMIT 0,3   [ RunTime:0.0010s ]
SQL: SELECT COUNT(*) AS tp_count FROM `mk_card` WHERE `uid` = 1 AND `status` = 2 LIMIT 1   [ RunTime:0.0010s ]
SQL: SELECT * FROM `mk_card` WHERE `id` = 248 LIMIT 1   [ RunTime:0.0010s ]
SQL: SELECT * FROM `mk_card` WHERE `id` = 247 LIMIT 1   [ RunTime:0.0010s ]
SQL: SELECT * FROM `mk_card` WHERE `id` = 240 LIMIT 1   [ RunTime:0.0010s ]

[ 2018-06-13T15:43:49+08:00 ] 127.0.0.1 /api.php/MokaOld/getCardInfo
SQL: SHOW COLUMNS FROM `mk_member_openid` [ RunTime:0.0040s ]
NOTIC: [8] Undefined index: sign D:\phpStudy\WWW\moka\Application\Api\Controller\BaseController.class.php 第 93 行.
SQL: SHOW COLUMNS FROM `mk_config` [ RunTime:0.0040s ]
SQL: SELECT `type`,`name`,`value` FROM `mk_config` WHERE `status` = 1  [ RunTime:0.0010s ]
SQL: SHOW COLUMNS FROM `mk_card` [ RunTime:0.0050s ]
SQL: SELECT * FROM `mk_card` WHERE `id` = 248 LIMIT 1   [ RunTime:0.0010s ]
SQL: SELECT `id` FROM `mk_card` WHERE `uid` = 1 AND `status` = 2 ORDER BY `id` desc LIMIT 0,3   [ RunTime:0.0020s ]
SQL: SELECT COUNT(*) AS tp_count FROM `mk_card` WHERE `uid` = 1 AND `status` = 2 LIMIT 1   [ RunTime:0.0010s ]
SQL: SELECT * FROM `mk_card` WHERE `id` = 248 LIMIT 1   [ RunTime:0.0010s ]
SQL: SELECT * FROM `mk_card` WHERE `id` = 247 LIMIT 1   [ RunTime:0.0010s ]
SQL: SELECT * FROM `mk_card` WHERE `id` = 240 LIMIT 1   [ RunTime:0.0010s ]

[ 2018-06-13T15:44:55+08:00 ] 127.0.0.1 /api.php/MokaOld/getCardInfo
SQL: SHOW COLUMNS FROM `mk_member_openid` [ RunTime:0.0050s ]
NOTIC: [8] Undefined index: sign D:\phpStudy\WWW\moka\Application\Api\Controller\BaseController.class.php 第 93 行.
SQL: SHOW COLUMNS FROM `mk_config` [ RunTime:0.0050s ]
SQL: SELECT `type`,`name`,`value` FROM `mk_config` WHERE `status` = 1  [ RunTime:0.0010s ]
SQL: SHOW COLUMNS FROM `mk_card` [ RunTime:0.0050s ]
SQL: SELECT * FROM `mk_card` WHERE `id` = 248 LIMIT 1   [ RunTime:0.0010s ]
SQL: SELECT `id` FROM `mk_card` WHERE `uid` = 1 AND `status` = 2 ORDER BY `id` desc LIMIT 0,3   [ RunTime:0.0010s ]
SQL: SELECT COUNT(*) AS tp_count FROM `mk_card` WHERE `uid` = 1 AND `status` = 2 LIMIT 1   [ RunTime:0.0010s ]
SQL: SELECT * FROM `mk_card` WHERE `id` = 248 LIMIT 1   [ RunTime:0.0010s ]
SQL: SELECT * FROM `mk_card` WHERE `id` = 247 LIMIT 1   [ RunTime:0.0010s ]
SQL: SELECT * FROM `mk_card` WHERE `id` = 240 LIMIT 1   [ RunTime:0.0010s ]

[ 2018-06-13T15:45:03+08:00 ] 127.0.0.1 /api.php/MokaOld/getCardInfo
SQL: SHOW COLUMNS FROM `mk_member_openid` [ RunTime:0.0050s ]
NOTIC: [8] Undefined index: sign D:\phpStudy\WWW\moka\Application\Api\Controller\BaseController.class.php 第 93 行.
SQL: SHOW COLUMNS FROM `mk_config` [ RunTime:0.0040s ]
SQL: SELECT `type`,`name`,`value` FROM `mk_config` WHERE `status` = 1  [ RunTime:0.0010s ]
SQL: SHOW COLUMNS FROM `mk_card` [ RunTime:0.0050s ]
SQL: SELECT * FROM `mk_card` WHERE `id` = 248 LIMIT 1   [ RunTime:0.0010s ]
SQL: SELECT `id` FROM `mk_card` WHERE `uid` = 1 AND `status` = 2 ORDER BY `id` desc LIMIT 0,3   [ RunTime:0.0010s ]
SQL: SELECT COUNT(*) AS tp_count FROM `mk_card` WHERE `uid` = 1 AND `status` = 2 LIMIT 1   [ RunTime:0.0010s ]
SQL: SELECT * FROM `mk_card` WHERE `id` = 248 LIMIT 1   [ RunTime:0.0010s ]
SQL: SELECT * FROM `mk_card` WHERE `id` = 247 LIMIT 1   [ RunTime:0.0010s ]
SQL: SELECT * FROM `mk_card` WHERE `id` = 240 LIMIT 1   [ RunTime:0.0010s ]

[ 2018-06-13T15:45:18+08:00 ] 127.0.0.1 /api.php/MokaOld/getCardInfo
SQL: SHOW COLUMNS FROM `mk_member_openid` [ RunTime:0.0050s ]
NOTIC: [8] Undefined index: sign D:\phpStudy\WWW\moka\Application\Api\Controller\BaseController.class.php 第 93 行.
SQL: SHOW COLUMNS FROM `mk_config` [ RunTime:0.0050s ]
SQL: SELECT `type`,`name`,`value` FROM `mk_config` WHERE `status` = 1  [ RunTime:0.0010s ]
SQL: SHOW COLUMNS FROM `mk_card` [ RunTime:0.0050s ]
SQL: SELECT * FROM `mk_card` WHERE `id` = 248 LIMIT 1   [ RunTime:0.0010s ]
SQL: SELECT `id` FROM `mk_card` WHERE `uid` = 1 AND `status` = 2 ORDER BY `id` desc LIMIT 0,3   [ RunTime:0.0020s ]
SQL: SELECT COUNT(*) AS tp_count FROM `mk_card` WHERE `uid` = 1 AND `status` = 2 LIMIT 1   [ RunTime:0.0010s ]
SQL: SELECT * FROM `mk_card` WHERE `id` = 248 LIMIT 1   [ RunTime:0.0010s ]
SQL: SELECT * FROM `mk_card` WHERE `id` = 247 LIMIT 1   [ RunTime:0.0010s ]
SQL: SELECT * FROM `mk_card` WHERE `id` = 240 LIMIT 1   [ RunTime:0.0010s ]

[ 2018-06-13T15:45:24+08:00 ] 127.0.0.1 /api.php/MokaOld/getCardInfo
SQL: SHOW COLUMNS FROM `mk_member_openid` [ RunTime:0.0040s ]
NOTIC: [8] Undefined index: sign D:\phpStudy\WWW\moka\Application\Api\Controller\BaseController.class.php 第 93 行.
SQL: SHOW COLUMNS FROM `mk_config` [ RunTime:0.0040s ]
SQL: SELECT `type`,`name`,`value` FROM `mk_config` WHERE `status` = 1  [ RunTime:0.0020s ]
SQL: SHOW COLUMNS FROM `mk_card` [ RunTime:0.0040s ]
SQL: SELECT * FROM `mk_card` WHERE `id` = 248 LIMIT 1   [ RunTime:0.0010s ]
SQL: SELECT `id` FROM `mk_card` WHERE `uid` = 1 AND `status` = 2 ORDER BY `id` desc LIMIT 0,3   [ RunTime:0.0010s ]
SQL: SELECT COUNT(*) AS tp_count FROM `mk_card` WHERE `uid` = 1 AND `status` = 2 LIMIT 1   [ RunTime:0.0020s ]
SQL: SELECT * FROM `mk_card` WHERE `id` = 248 LIMIT 1   [ RunTime:0.0020s ]
SQL: SELECT * FROM `mk_card` WHERE `id` = 247 LIMIT 1   [ RunTime:0.0010s ]
SQL: SELECT * FROM `mk_card` WHERE `id` = 240 LIMIT 1   [ RunTime:0.0010s ]

